<?xml version="1.0" encoding="UTF-8"?>
<testsuite name="edu.tec.ic6821.app.notetests.NoteControllerTest" tests="2" skipped="0" failures="0" errors="0" timestamp="2021-10-25T01:25:56" hostname="DESKTOP-BBT0BUV" time="0.168">
  <properties/>
  <testcase name="givenValidCredentials_whenSignUp_SendNote" classname="edu.tec.ic6821.app.notetests.NoteControllerTest" time="0.151"/>
  <testcase name="givenValidCredentials_whenCreateNote_SendNote" classname="edu.tec.ic6821.app.notetests.NoteControllerTest" time="0.01"/>
  <system-out><![CDATA[2021-10-24 19:25:54.170  INFO 6508 --- [    Test worker] .b.t.a.w.s.WebMvcTestContextBootstrapper : Neither @ContextConfiguration nor @ContextHierarchy found for test class [edu.tec.ic6821.app.notetests.NoteControllerTest], using SpringBootContextLoader
2021-10-24 19:25:54.170  INFO 6508 --- [    Test worker] o.s.t.c.support.AbstractContextLoader    : Could not detect default resource locations for test class [edu.tec.ic6821.app.notetests.NoteControllerTest]: no resource found for suffixes {-context.xml, Context.groovy}.
2021-10-24 19:25:54.170  INFO 6508 --- [    Test worker] t.c.s.AnnotationConfigContextLoaderUtils : Could not detect default configuration classes for test class [edu.tec.ic6821.app.notetests.NoteControllerTest]: NoteControllerTest does not declare any static, non-private, non-final, nested classes annotated with @Configuration.
2021-10-24 19:25:54.217  INFO 6508 --- [    Test worker] .b.t.c.SpringBootTestContextBootstrapper : Found @SpringBootConfiguration edu.tec.ic6821.app.Application for test class edu.tec.ic6821.app.notetests.NoteControllerTest
2021-10-24 19:25:54.217  INFO 6508 --- [    Test worker] .b.t.a.w.s.WebMvcTestContextBootstrapper : Loaded default TestExecutionListener class names from location [META-INF/spring.factories]: [org.springframework.boot.test.autoconfigure.restdocs.RestDocsTestExecutionListener, org.springframework.boot.test.autoconfigure.web.client.MockRestServiceServerResetTestExecutionListener, org.springframework.boot.test.autoconfigure.web.servlet.MockMvcPrintOnlyOnFailureTestExecutionListener, org.springframework.boot.test.autoconfigure.web.servlet.WebDriverTestExecutionListener, org.springframework.boot.test.mock.mockito.MockitoTestExecutionListener, org.springframework.boot.test.mock.mockito.ResetMocksTestExecutionListener, org.springframework.test.context.web.ServletTestExecutionListener, org.springframework.test.context.support.DirtiesContextBeforeModesTestExecutionListener, org.springframework.test.context.support.DependencyInjectionTestExecutionListener, org.springframework.test.context.support.DirtiesContextTestExecutionListener, org.springframework.test.context.transaction.TransactionalTestExecutionListener, org.springframework.test.context.jdbc.SqlScriptsTestExecutionListener]
2021-10-24 19:25:54.217  INFO 6508 --- [    Test worker] .b.t.a.w.s.WebMvcTestContextBootstrapper : Using TestExecutionListeners: [org.springframework.test.context.web.ServletTestExecutionListener@3a41ae93, org.springframework.test.context.support.DirtiesContextBeforeModesTestExecutionListener@6553d1e5, org.springframework.boot.test.mock.mockito.MockitoTestExecutionListener@3683fe47, org.springframework.boot.test.autoconfigure.SpringBootDependencyInjectionTestExecutionListener@3d4ca735, org.springframework.test.context.support.DirtiesContextTestExecutionListener@aceb339, org.springframework.test.context.transaction.TransactionalTestExecutionListener@7169977c, org.springframework.test.context.jdbc.SqlScriptsTestExecutionListener@58b12ed0, org.springframework.boot.test.autoconfigure.restdocs.RestDocsTestExecutionListener@1c4ffc, org.springframework.boot.test.autoconfigure.web.client.MockRestServiceServerResetTestExecutionListener@7f3463bd, org.springframework.boot.test.autoconfigure.web.servlet.MockMvcPrintOnlyOnFailureTestExecutionListener@42dbc950, org.springframework.boot.test.autoconfigure.web.servlet.WebDriverTestExecutionListener@134da875, org.springframework.boot.test.mock.mockito.ResetMocksTestExecutionListener@71cc664f]

  .   ____          _            __ _ _
 /\\ / ___'_ __ _ _(_)_ __  __ _ \ \ \ \
( ( )\___ | '_ | '_| | '_ \/ _` | \ \ \ \
 \\/  ___)| |_)| | | | | || (_| |  ) ) ) )
  '  |____| .__|_| |_|_| |_\__, | / / / /
 =========|_|==============|___/=/_/_/_/
 :: Spring Boot ::        (v2.1.2.RELEASE)

2021-10-24 19:25:54.295  INFO 6508 --- [    Test worker] e.t.i.app.notetests.NoteControllerTest   : Starting NoteControllerTest on DESKTOP-BBT0BUV with PID 6508 (started by Brenda in C:\Users\Brenda\Desktop\Proyecto QA\Proyecto-Notas-QA)
2021-10-24 19:25:54.295  INFO 6508 --- [    Test worker] e.t.i.app.notetests.NoteControllerTest   : No active profile set, falling back to default profiles: default
2021-10-24 19:25:54.764  INFO 6508 --- [    Test worker] trationDelegate$BeanPostProcessorChecker : Bean 'org.springframework.security.config.annotation.configuration.ObjectPostProcessorConfiguration' of type [org.springframework.security.config.annotation.configuration.ObjectPostProcessorConfiguration$$EnhancerBySpringCGLIB$$750efe7b] is not eligible for getting processed by all BeanPostProcessors (for example: not eligible for auto-proxying)
2021-10-24 19:25:54.764  INFO 6508 --- [    Test worker] trationDelegate$BeanPostProcessorChecker : Bean 'objectPostProcessor' of type [org.springframework.security.config.annotation.configuration.AutowireBeanFactoryObjectPostProcessor] is not eligible for getting processed by all BeanPostProcessors (for example: not eligible for auto-proxying)
2021-10-24 19:25:54.764  INFO 6508 --- [    Test worker] trationDelegate$BeanPostProcessorChecker : Bean 'org.springframework.security.access.expression.method.DefaultMethodSecurityExpressionHandler@1e59aead' of type [org.springframework.security.access.expression.method.DefaultMethodSecurityExpressionHandler] is not eligible for getting processed by all BeanPostProcessors (for example: not eligible for auto-proxying)
2021-10-24 19:25:54.779  INFO 6508 --- [    Test worker] trationDelegate$BeanPostProcessorChecker : Bean 'org.springframework.security.config.annotation.method.configuration.GlobalMethodSecurityConfiguration' of type [org.springframework.security.config.annotation.method.configuration.GlobalMethodSecurityConfiguration$$EnhancerBySpringCGLIB$$99e3a12d] is not eligible for getting processed by all BeanPostProcessors (for example: not eligible for auto-proxying)
2021-10-24 19:25:54.795  INFO 6508 --- [    Test worker] trationDelegate$BeanPostProcessorChecker : Bean 'methodSecurityMetadataSource' of type [org.springframework.security.access.method.DelegatingMethodSecurityMetadataSource] is not eligible for getting processed by all BeanPostProcessors (for example: not eligible for auto-proxying)
2021-10-24 19:25:55.436  INFO 6508 --- [    Test worker] o.s.s.web.DefaultSecurityFilterChain     : Creating filter chain: any request, [org.springframework.security.web.context.request.async.WebAsyncManagerIntegrationFilter@699fdeca, org.springframework.security.web.context.SecurityContextPersistenceFilter@777da057, org.springframework.security.web.header.HeaderWriterFilter@2261246b, org.springframework.web.filter.CorsFilter@33e0b6f, org.springframework.security.web.authentication.logout.LogoutFilter@2b8b75b7, edu.tec.ic6821.app.identity.config.JwtAuthTokenFilter@268cda80, org.springframework.security.web.savedrequest.RequestCacheAwareFilter@4d8faa01, org.springframework.security.web.servletapi.SecurityContextHolderAwareRequestFilter@66669da7, org.springframework.security.web.authentication.AnonymousAuthenticationFilter@19a95450, org.springframework.security.web.session.SessionManagementFilter@49809408, org.springframework.security.web.access.ExceptionTranslationFilter@41ef74e5, org.springframework.security.web.access.intercept.FilterSecurityInterceptor@cb9b405]
2021-10-24 19:25:55.748  INFO 6508 --- [    Test worker] o.s.s.concurrent.ThreadPoolTaskExecutor  : Initializing ExecutorService 'applicationTaskExecutor'
2021-10-24 19:25:55.983  INFO 6508 --- [    Test worker] o.s.b.t.m.w.SpringBootMockServletContext : Initializing Spring TestDispatcherServlet ''
2021-10-24 19:25:55.983  INFO 6508 --- [    Test worker] o.s.t.web.servlet.TestDispatcherServlet  : Initializing Servlet ''
2021-10-24 19:25:55.998  INFO 6508 --- [    Test worker] o.s.t.web.servlet.TestDispatcherServlet  : Completed initialization in 15 ms
2021-10-24 19:25:56.061  INFO 6508 --- [    Test worker] e.t.i.app.notetests.NoteControllerTest   : Started NoteControllerTest in 1.828 seconds (JVM running for 23.654)
]]></system-out>
  <system-err><![CDATA[]]></system-err>
</testsuite>
