<?xml version="1.0" encoding="UTF-8"?>
<testsuite name="edu.tec.ic6821.app.greetings.GreetingControllerTests" tests="1" skipped="0" failures="0" errors="0" timestamp="2021-05-27T05:08:53" hostname="davubdell" time="0.017">
  <properties/>
  <testcase name="whenGreet_thenSendGreeting" classname="edu.tec.ic6821.app.greetings.GreetingControllerTests" time="0.017"/>
  <system-out><![CDATA[2021-05-26 23:08:52.686  INFO 7788 --- [    Test worker] .b.t.a.w.s.WebMvcTestContextBootstrapper : Neither @ContextConfiguration nor @ContextHierarchy found for test class [edu.tec.ic6821.app.greetings.GreetingControllerTests], using SpringBootContextLoader
2021-05-26 23:08:52.688  INFO 7788 --- [    Test worker] o.s.t.c.support.AbstractContextLoader    : Could not detect default resource locations for test class [edu.tec.ic6821.app.greetings.GreetingControllerTests]: no resource found for suffixes {-context.xml, Context.groovy}.
2021-05-26 23:08:52.688  INFO 7788 --- [    Test worker] t.c.s.AnnotationConfigContextLoaderUtils : Could not detect default configuration classes for test class [edu.tec.ic6821.app.greetings.GreetingControllerTests]: GreetingControllerTests does not declare any static, non-private, non-final, nested classes annotated with @Configuration.
2021-05-26 23:08:52.702  INFO 7788 --- [    Test worker] .b.t.c.SpringBootTestContextBootstrapper : Found @SpringBootConfiguration edu.tec.ic6821.app.Application for test class edu.tec.ic6821.app.greetings.GreetingControllerTests
2021-05-26 23:08:52.704  INFO 7788 --- [    Test worker] .b.t.a.w.s.WebMvcTestContextBootstrapper : Loaded default TestExecutionListener class names from location [META-INF/spring.factories]: [org.springframework.boot.test.autoconfigure.restdocs.RestDocsTestExecutionListener, org.springframework.boot.test.autoconfigure.web.client.MockRestServiceServerResetTestExecutionListener, org.springframework.boot.test.autoconfigure.web.servlet.MockMvcPrintOnlyOnFailureTestExecutionListener, org.springframework.boot.test.autoconfigure.web.servlet.WebDriverTestExecutionListener, org.springframework.boot.test.mock.mockito.MockitoTestExecutionListener, org.springframework.boot.test.mock.mockito.ResetMocksTestExecutionListener, org.springframework.test.context.web.ServletTestExecutionListener, org.springframework.test.context.support.DirtiesContextBeforeModesTestExecutionListener, org.springframework.test.context.support.DependencyInjectionTestExecutionListener, org.springframework.test.context.support.DirtiesContextTestExecutionListener, org.springframework.test.context.transaction.TransactionalTestExecutionListener, org.springframework.test.context.jdbc.SqlScriptsTestExecutionListener]
2021-05-26 23:08:52.705  INFO 7788 --- [    Test worker] .b.t.a.w.s.WebMvcTestContextBootstrapper : Using TestExecutionListeners: [org.springframework.test.context.web.ServletTestExecutionListener@e950c7a, org.springframework.test.context.support.DirtiesContextBeforeModesTestExecutionListener@ece03c1, org.springframework.boot.test.mock.mockito.MockitoTestExecutionListener@18382f66, org.springframework.boot.test.autoconfigure.SpringBootDependencyInjectionTestExecutionListener@7879ac39, org.springframework.test.context.support.DirtiesContextTestExecutionListener@5ea99990, org.springframework.test.context.transaction.TransactionalTestExecutionListener@2007598f, org.springframework.test.context.jdbc.SqlScriptsTestExecutionListener@799d11f6, org.springframework.boot.test.autoconfigure.restdocs.RestDocsTestExecutionListener@4cb06298, org.springframework.boot.test.autoconfigure.web.client.MockRestServiceServerResetTestExecutionListener@5e471787, org.springframework.boot.test.autoconfigure.web.servlet.MockMvcPrintOnlyOnFailureTestExecutionListener@4416e6e1, org.springframework.boot.test.autoconfigure.web.servlet.WebDriverTestExecutionListener@55955d34, org.springframework.boot.test.mock.mockito.ResetMocksTestExecutionListener@1afe41bc]

  .   ____          _            __ _ _
 /\\ / ___'_ __ _ _(_)_ __  __ _ \ \ \ \
( ( )\___ | '_ | '_| | '_ \/ _` | \ \ \ \
 \\/  ___)| |_)| | | | | || (_| |  ) ) ) )
  '  |____| .__|_| |_|_| |_\__, | / / / /
 =========|_|==============|___/=/_/_/_/
 :: Spring Boot ::        (v2.1.2.RELEASE)

2021-05-26 23:08:52.745  INFO 7788 --- [    Test worker] e.t.i.a.g.GreetingControllerTests        : Starting GreetingControllerTests on davubdell with PID 7788 (started by davub in /home/davub/TEC/DiseÃ±o de Software/Proyecto2/ic-6821-2021i-p2-dub2429)
2021-05-26 23:08:52.748  INFO 7788 --- [    Test worker] e.t.i.a.g.GreetingControllerTests        : No active profile set, falling back to default profiles: default
2021-05-26 23:08:53.035  INFO 7788 --- [    Test worker] trationDelegate$BeanPostProcessorChecker : Bean 'org.springframework.security.config.annotation.configuration.ObjectPostProcessorConfiguration' of type [org.springframework.security.config.annotation.configuration.ObjectPostProcessorConfiguration$$EnhancerBySpringCGLIB$$7aa883c7] is not eligible for getting processed by all BeanPostProcessors (for example: not eligible for auto-proxying)
2021-05-26 23:08:53.041  INFO 7788 --- [    Test worker] trationDelegate$BeanPostProcessorChecker : Bean 'objectPostProcessor' of type [org.springframework.security.config.annotation.configuration.AutowireBeanFactoryObjectPostProcessor] is not eligible for getting processed by all BeanPostProcessors (for example: not eligible for auto-proxying)
2021-05-26 23:08:53.041  INFO 7788 --- [    Test worker] trationDelegate$BeanPostProcessorChecker : Bean 'org.springframework.security.access.expression.method.DefaultMethodSecurityExpressionHandler@39dc7331' of type [org.springframework.security.access.expression.method.DefaultMethodSecurityExpressionHandler] is not eligible for getting processed by all BeanPostProcessors (for example: not eligible for auto-proxying)
2021-05-26 23:08:53.050  INFO 7788 --- [    Test worker] trationDelegate$BeanPostProcessorChecker : Bean 'org.springframework.security.config.annotation.method.configuration.GlobalMethodSecurityConfiguration' of type [org.springframework.security.config.annotation.method.configuration.GlobalMethodSecurityConfiguration$$EnhancerBySpringCGLIB$$9f7d2679] is not eligible for getting processed by all BeanPostProcessors (for example: not eligible for auto-proxying)
2021-05-26 23:08:53.054  INFO 7788 --- [    Test worker] trationDelegate$BeanPostProcessorChecker : Bean 'methodSecurityMetadataSource' of type [org.springframework.security.access.method.DelegatingMethodSecurityMetadataSource] is not eligible for getting processed by all BeanPostProcessors (for example: not eligible for auto-proxying)
2021-05-26 23:08:53.476  INFO 7788 --- [    Test worker] o.s.s.web.DefaultSecurityFilterChain     : Creating filter chain: any request, [org.springframework.security.web.context.request.async.WebAsyncManagerIntegrationFilter@60087759, org.springframework.security.web.context.SecurityContextPersistenceFilter@7a1a8a62, org.springframework.security.web.header.HeaderWriterFilter@6e47d019, org.springframework.web.filter.CorsFilter@3d69e1d2, org.springframework.security.web.authentication.logout.LogoutFilter@6107529, edu.tec.ic6821.app.identity.config.JwtAuthTokenFilter@6c4bf7ae, org.springframework.security.web.savedrequest.RequestCacheAwareFilter@18896595, org.springframework.security.web.servletapi.SecurityContextHolderAwareRequestFilter@489ea985, org.springframework.security.web.authentication.AnonymousAuthenticationFilter@46613756, org.springframework.security.web.session.SessionManagementFilter@69c52a, org.springframework.security.web.access.ExceptionTranslationFilter@7bca9b5, org.springframework.security.web.access.intercept.FilterSecurityInterceptor@6742945f]
2021-05-26 23:08:53.723  INFO 7788 --- [    Test worker] o.s.s.concurrent.ThreadPoolTaskExecutor  : Initializing ExecutorService 'applicationTaskExecutor'
2021-05-26 23:08:53.928  INFO 7788 --- [    Test worker] o.s.b.t.m.w.SpringBootMockServletContext : Initializing Spring TestDispatcherServlet ''
2021-05-26 23:08:53.928  INFO 7788 --- [    Test worker] o.s.t.web.servlet.TestDispatcherServlet  : Initializing Servlet ''
2021-05-26 23:08:53.944  INFO 7788 --- [    Test worker] o.s.t.web.servlet.TestDispatcherServlet  : Completed initialization in 15 ms
2021-05-26 23:08:53.988  INFO 7788 --- [    Test worker] e.t.i.a.g.GreetingControllerTests        : Started GreetingControllerTests in 1.279 seconds (JVM running for 24.375)
]]></system-out>
  <system-err><![CDATA[]]></system-err>
</testsuite>
