<?xml version="1.0" encoding="UTF-8"?>
<testsuite name="edu.tec.ic6821.app.notetests.NoteServiceTest" tests="1" skipped="0" failures="0" errors="0" timestamp="2021-10-26T23:47:08" hostname="DESKTOP-BBT0BUV" time="0.009">
  <properties/>
  <testcase name="givenNewNote_whenCreate_thenReturnNewNote" classname="edu.tec.ic6821.app.notetests.NoteServiceTest" time="0.009"/>
  <system-out><![CDATA[2021-10-26 17:47:08.651  INFO 3192 --- [    Test worker] o.s.t.c.s.DefaultTestContextBootstrapper : Neither @ContextConfiguration nor @ContextHierarchy found for test class [edu.tec.ic6821.app.notetests.NoteServiceTest], using DelegatingSmartContextLoader
2021-10-26 17:47:08.651  INFO 3192 --- [    Test worker] o.s.t.c.support.AbstractContextLoader    : Could not detect default resource locations for test class [edu.tec.ic6821.app.notetests.NoteServiceTest]: no resource found for suffixes {-context.xml}.
2021-10-26 17:47:08.651  INFO 3192 --- [    Test worker] c.s.AbstractDelegatingSmartContextLoader : AnnotationConfigContextLoader detected default configuration classes for context configuration [ContextConfigurationAttributes@720f4548 declaringClass = 'edu.tec.ic6821.app.notetests.NoteServiceTest', classes = '{class edu.tec.ic6821.app.notetests.NoteServiceTest$NoteServiceTestsConfiguration}', locations = '{}', inheritLocations = false, initializers = '{}', inheritInitializers = true, name = [null], contextLoaderClass = 'org.springframework.test.context.ContextLoader'].
2021-10-26 17:47:08.651  INFO 3192 --- [    Test worker] o.s.t.c.s.DefaultTestContextBootstrapper : Loaded default TestExecutionListener class names from location [META-INF/spring.factories]: [org.springframework.boot.test.autoconfigure.restdocs.RestDocsTestExecutionListener, org.springframework.boot.test.autoconfigure.web.client.MockRestServiceServerResetTestExecutionListener, org.springframework.boot.test.autoconfigure.web.servlet.MockMvcPrintOnlyOnFailureTestExecutionListener, org.springframework.boot.test.autoconfigure.web.servlet.WebDriverTestExecutionListener, org.springframework.boot.test.mock.mockito.MockitoTestExecutionListener, org.springframework.boot.test.mock.mockito.ResetMocksTestExecutionListener, org.springframework.test.context.web.ServletTestExecutionListener, org.springframework.test.context.support.DirtiesContextBeforeModesTestExecutionListener, org.springframework.test.context.support.DependencyInjectionTestExecutionListener, org.springframework.test.context.support.DirtiesContextTestExecutionListener, org.springframework.test.context.transaction.TransactionalTestExecutionListener, org.springframework.test.context.jdbc.SqlScriptsTestExecutionListener]
2021-10-26 17:47:08.651  INFO 3192 --- [    Test worker] o.s.t.c.s.DefaultTestContextBootstrapper : Using TestExecutionListeners: [org.springframework.test.context.web.ServletTestExecutionListener@379fbe19, org.springframework.test.context.support.DirtiesContextBeforeModesTestExecutionListener@62621941, org.springframework.boot.test.mock.mockito.MockitoTestExecutionListener@6acf2540, org.springframework.test.context.support.DependencyInjectionTestExecutionListener@70849216, org.springframework.test.context.support.DirtiesContextTestExecutionListener@3a219569, org.springframework.test.context.transaction.TransactionalTestExecutionListener@487b2b7d, org.springframework.test.context.jdbc.SqlScriptsTestExecutionListener@5b8df217, org.springframework.boot.test.autoconfigure.restdocs.RestDocsTestExecutionListener@f4ddf52, org.springframework.boot.test.autoconfigure.web.client.MockRestServiceServerResetTestExecutionListener@39f1890f, org.springframework.boot.test.autoconfigure.web.servlet.MockMvcPrintOnlyOnFailureTestExecutionListener@28c06d8f, org.springframework.boot.test.autoconfigure.web.servlet.WebDriverTestExecutionListener@1c693fca, org.springframework.boot.test.mock.mockito.ResetMocksTestExecutionListener@7dbfd45a]
]]></system-out>
  <system-err><![CDATA[]]></system-err>
</testsuite>
