<?xml version="1.0" encoding="UTF-8"?>
<testsuite name="edu.tec.ic6821.app.notetests.NoteControllerTest" tests="2" skipped="0" failures="0" errors="0" timestamp="2021-10-26T23:47:08" hostname="DESKTOP-BBT0BUV" time="0.173">
  <properties/>
  <testcase name="givenValidCredentials_whenSignUp_SendNote" classname="edu.tec.ic6821.app.notetests.NoteControllerTest" time="0.157"/>
  <testcase name="givenValidCredentials_whenCreateNote_SendNote" classname="edu.tec.ic6821.app.notetests.NoteControllerTest" time="0.011"/>
  <system-out><![CDATA[2021-10-26 17:47:06.714  INFO 3192 --- [    Test worker] .b.t.a.w.s.WebMvcTestContextBootstrapper : Neither @ContextConfiguration nor @ContextHierarchy found for test class [edu.tec.ic6821.app.notetests.NoteControllerTest], using SpringBootContextLoader
2021-10-26 17:47:06.714  INFO 3192 --- [    Test worker] o.s.t.c.support.AbstractContextLoader    : Could not detect default resource locations for test class [edu.tec.ic6821.app.notetests.NoteControllerTest]: no resource found for suffixes {-context.xml, Context.groovy}.
2021-10-26 17:47:06.714  INFO 3192 --- [    Test worker] t.c.s.AnnotationConfigContextLoaderUtils : Could not detect default configuration classes for test class [edu.tec.ic6821.app.notetests.NoteControllerTest]: NoteControllerTest does not declare any static, non-private, non-final, nested classes annotated with @Configuration.
2021-10-26 17:47:06.745  INFO 3192 --- [    Test worker] .b.t.c.SpringBootTestContextBootstrapper : Found @SpringBootConfiguration edu.tec.ic6821.app.Application for test class edu.tec.ic6821.app.notetests.NoteControllerTest
2021-10-26 17:47:06.745  INFO 3192 --- [    Test worker] .b.t.a.w.s.WebMvcTestContextBootstrapper : Loaded default TestExecutionListener class names from location [META-INF/spring.factories]: [org.springframework.boot.test.autoconfigure.restdocs.RestDocsTestExecutionListener, org.springframework.boot.test.autoconfigure.web.client.MockRestServiceServerResetTestExecutionListener, org.springframework.boot.test.autoconfigure.web.servlet.MockMvcPrintOnlyOnFailureTestExecutionListener, org.springframework.boot.test.autoconfigure.web.servlet.WebDriverTestExecutionListener, org.springframework.boot.test.mock.mockito.MockitoTestExecutionListener, org.springframework.boot.test.mock.mockito.ResetMocksTestExecutionListener, org.springframework.test.context.web.ServletTestExecutionListener, org.springframework.test.context.support.DirtiesContextBeforeModesTestExecutionListener, org.springframework.test.context.support.DependencyInjectionTestExecutionListener, org.springframework.test.context.support.DirtiesContextTestExecutionListener, org.springframework.test.context.transaction.TransactionalTestExecutionListener, org.springframework.test.context.jdbc.SqlScriptsTestExecutionListener]
2021-10-26 17:47:06.745  INFO 3192 --- [    Test worker] .b.t.a.w.s.WebMvcTestContextBootstrapper : Using TestExecutionListeners: [org.springframework.test.context.web.ServletTestExecutionListener@7a2ff668, org.springframework.test.context.support.DirtiesContextBeforeModesTestExecutionListener@30a07b53, org.springframework.boot.test.mock.mockito.MockitoTestExecutionListener@7df8f9e5, org.springframework.boot.test.autoconfigure.SpringBootDependencyInjectionTestExecutionListener@767bf63b, org.springframework.test.context.support.DirtiesContextTestExecutionListener@73e2c22a, org.springframework.test.context.transaction.TransactionalTestExecutionListener@40ab45e6, org.springframework.test.context.jdbc.SqlScriptsTestExecutionListener@7a26bbc7, org.springframework.boot.test.autoconfigure.restdocs.RestDocsTestExecutionListener@53c55096, org.springframework.boot.test.autoconfigure.web.client.MockRestServiceServerResetTestExecutionListener@36d33b56, org.springframework.boot.test.autoconfigure.web.servlet.MockMvcPrintOnlyOnFailureTestExecutionListener@2ccddc1f, org.springframework.boot.test.autoconfigure.web.servlet.WebDriverTestExecutionListener@637aa2c2, org.springframework.boot.test.mock.mockito.ResetMocksTestExecutionListener@1a420fdb]

  .   ____          _            __ _ _
 /\\ / ___'_ __ _ _(_)_ __  __ _ \ \ \ \
( ( )\___ | '_ | '_| | '_ \/ _` | \ \ \ \
 \\/  ___)| |_)| | | | | || (_| |  ) ) ) )
  '  |____| .__|_| |_|_| |_\__, | / / / /
 =========|_|==============|___/=/_/_/_/
 :: Spring Boot ::        (v2.1.2.RELEASE)

2021-10-26 17:47:06.792  INFO 3192 --- [    Test worker] e.t.i.app.notetests.NoteControllerTest   : Starting NoteControllerTest on DESKTOP-BBT0BUV with PID 3192 (started by Brenda in C:\Users\Brenda\Desktop\Proyecto QA\Proyecto-Notas-QA)
2021-10-26 17:47:06.792  INFO 3192 --- [    Test worker] e.t.i.app.notetests.NoteControllerTest   : No active profile set, falling back to default profiles: default
2021-10-26 17:47:07.198  INFO 3192 --- [    Test worker] trationDelegate$BeanPostProcessorChecker : Bean 'org.springframework.security.config.annotation.configuration.ObjectPostProcessorConfiguration' of type [org.springframework.security.config.annotation.configuration.ObjectPostProcessorConfiguration$$EnhancerBySpringCGLIB$$cb983b99] is not eligible for getting processed by all BeanPostProcessors (for example: not eligible for auto-proxying)
2021-10-26 17:47:07.198  INFO 3192 --- [    Test worker] trationDelegate$BeanPostProcessorChecker : Bean 'objectPostProcessor' of type [org.springframework.security.config.annotation.configuration.AutowireBeanFactoryObjectPostProcessor] is not eligible for getting processed by all BeanPostProcessors (for example: not eligible for auto-proxying)
2021-10-26 17:47:07.198  INFO 3192 --- [    Test worker] trationDelegate$BeanPostProcessorChecker : Bean 'org.springframework.security.access.expression.method.DefaultMethodSecurityExpressionHandler@3fb6cfca' of type [org.springframework.security.access.expression.method.DefaultMethodSecurityExpressionHandler] is not eligible for getting processed by all BeanPostProcessors (for example: not eligible for auto-proxying)
2021-10-26 17:47:07.214  INFO 3192 --- [    Test worker] trationDelegate$BeanPostProcessorChecker : Bean 'org.springframework.security.config.annotation.method.configuration.GlobalMethodSecurityConfiguration' of type [org.springframework.security.config.annotation.method.configuration.GlobalMethodSecurityConfiguration$$EnhancerBySpringCGLIB$$f06cde4b] is not eligible for getting processed by all BeanPostProcessors (for example: not eligible for auto-proxying)
2021-10-26 17:47:07.214  INFO 3192 --- [    Test worker] trationDelegate$BeanPostProcessorChecker : Bean 'methodSecurityMetadataSource' of type [org.springframework.security.access.method.DelegatingMethodSecurityMetadataSource] is not eligible for getting processed by all BeanPostProcessors (for example: not eligible for auto-proxying)
2021-10-26 17:47:07.698  INFO 3192 --- [    Test worker] o.s.s.web.DefaultSecurityFilterChain     : Creating filter chain: any request, [org.springframework.security.web.context.request.async.WebAsyncManagerIntegrationFilter@458ea65d, org.springframework.security.web.context.SecurityContextPersistenceFilter@283f58cc, org.springframework.security.web.header.HeaderWriterFilter@7f5e4c4a, org.springframework.web.filter.CorsFilter@3ef279e4, org.springframework.security.web.authentication.logout.LogoutFilter@f2eebe4, edu.tec.ic6821.app.identity.config.JwtAuthTokenFilter@21e3ac4a, org.springframework.security.web.savedrequest.RequestCacheAwareFilter@9cf05f, org.springframework.security.web.servletapi.SecurityContextHolderAwareRequestFilter@d2dd01a, org.springframework.security.web.authentication.AnonymousAuthenticationFilter@77b41f6a, org.springframework.security.web.session.SessionManagementFilter@575aab70, org.springframework.security.web.access.ExceptionTranslationFilter@7d3aa622, org.springframework.security.web.access.intercept.FilterSecurityInterceptor@1aa5132]
2021-10-26 17:47:07.979  INFO 3192 --- [    Test worker] o.s.s.concurrent.ThreadPoolTaskExecutor  : Initializing ExecutorService 'applicationTaskExecutor'
2021-10-26 17:47:08.183  INFO 3192 --- [    Test worker] o.s.b.t.m.w.SpringBootMockServletContext : Initializing Spring TestDispatcherServlet ''
2021-10-26 17:47:08.183  INFO 3192 --- [    Test worker] o.s.t.web.servlet.TestDispatcherServlet  : Initializing Servlet ''
2021-10-26 17:47:08.198  INFO 3192 --- [    Test worker] o.s.t.web.servlet.TestDispatcherServlet  : Completed initialization in 15 ms
2021-10-26 17:47:08.229  INFO 3192 --- [    Test worker] e.t.i.app.notetests.NoteControllerTest   : Started NoteControllerTest in 1.484 seconds (JVM running for 21.125)
]]></system-out>
  <system-err><![CDATA[]]></system-err>
</testsuite>
