<?xml version="1.0" encoding="UTF-8"?>
<testsuite name="edu.tec.ic6821.app.notetests.NoteDaoTest" tests="2" skipped="0" failures="0" errors="0" timestamp="2021-10-26T23:47:08" hostname="DESKTOP-BBT0BUV" time="0.217">
  <properties/>
  <testcase name="createNotes_whenShowNotes_thenReturnListOfNotesCreated" classname="edu.tec.ic6821.app.notetests.NoteDaoTest" time="0.205"/>
  <testcase name="givenNote_whenCreate_thenReturnNoteWithGeneratedId" classname="edu.tec.ic6821.app.notetests.NoteDaoTest" time="0.011"/>
  <system-out><![CDATA[2021-10-26 17:47:08.401  INFO 3192 --- [    Test worker] .b.t.c.SpringBootTestContextBootstrapper : Neither @ContextConfiguration nor @ContextHierarchy found for test class [edu.tec.ic6821.app.notetests.NoteDaoTest], using SpringBootContextLoader
2021-10-26 17:47:08.401  INFO 3192 --- [    Test worker] o.s.t.c.support.AbstractContextLoader    : Could not detect default resource locations for test class [edu.tec.ic6821.app.notetests.NoteDaoTest]: no resource found for suffixes {-context.xml, Context.groovy}.
2021-10-26 17:47:08.401  INFO 3192 --- [    Test worker] t.c.s.AnnotationConfigContextLoaderUtils : Could not detect default configuration classes for test class [edu.tec.ic6821.app.notetests.NoteDaoTest]: NoteDaoTest does not declare any static, non-private, non-final, nested classes annotated with @Configuration.
2021-10-26 17:47:08.417  INFO 3192 --- [    Test worker] .b.t.c.SpringBootTestContextBootstrapper : Found @SpringBootConfiguration edu.tec.ic6821.app.Application for test class edu.tec.ic6821.app.notetests.NoteDaoTest
2021-10-26 17:47:08.417  INFO 3192 --- [    Test worker] .b.t.c.SpringBootTestContextBootstrapper : Loaded default TestExecutionListener class names from location [META-INF/spring.factories]: [org.springframework.boot.test.autoconfigure.restdocs.RestDocsTestExecutionListener, org.springframework.boot.test.autoconfigure.web.client.MockRestServiceServerResetTestExecutionListener, org.springframework.boot.test.autoconfigure.web.servlet.MockMvcPrintOnlyOnFailureTestExecutionListener, org.springframework.boot.test.autoconfigure.web.servlet.WebDriverTestExecutionListener, org.springframework.boot.test.mock.mockito.MockitoTestExecutionListener, org.springframework.boot.test.mock.mockito.ResetMocksTestExecutionListener, org.springframework.test.context.web.ServletTestExecutionListener, org.springframework.test.context.support.DirtiesContextBeforeModesTestExecutionListener, org.springframework.test.context.support.DependencyInjectionTestExecutionListener, org.springframework.test.context.support.DirtiesContextTestExecutionListener, org.springframework.test.context.transaction.TransactionalTestExecutionListener, org.springframework.test.context.jdbc.SqlScriptsTestExecutionListener]
2021-10-26 17:47:08.417  INFO 3192 --- [    Test worker] .b.t.c.SpringBootTestContextBootstrapper : Using TestExecutionListeners: [org.springframework.test.context.web.ServletTestExecutionListener@592b3e64, org.springframework.test.context.support.DirtiesContextBeforeModesTestExecutionListener@22e088a4, org.springframework.boot.test.mock.mockito.MockitoTestExecutionListener@30840954, org.springframework.boot.test.autoconfigure.SpringBootDependencyInjectionTestExecutionListener@2a92978e, org.springframework.test.context.support.DirtiesContextTestExecutionListener@2a4a44a6, org.springframework.test.context.transaction.TransactionalTestExecutionListener@cc95ce3, org.springframework.test.context.jdbc.SqlScriptsTestExecutionListener@1c172a87, org.springframework.boot.test.autoconfigure.restdocs.RestDocsTestExecutionListener@2207f06c, org.springframework.boot.test.autoconfigure.web.client.MockRestServiceServerResetTestExecutionListener@5a90fffe, org.springframework.boot.test.autoconfigure.web.servlet.MockMvcPrintOnlyOnFailureTestExecutionListener@1c789e0b, org.springframework.boot.test.autoconfigure.web.servlet.WebDriverTestExecutionListener@391edc11, org.springframework.boot.test.mock.mockito.ResetMocksTestExecutionListener@2407dfce]
]]></system-out>
  <system-err><![CDATA[]]></system-err>
</testsuite>
