<?xml version="1.0" encoding="UTF-8"?>
<testsuite name="edu.tec.ic6821.app.notetests.NoteDaoTest" tests="2" skipped="0" failures="0" errors="0" timestamp="2021-11-03T04:39:30" hostname="DESKTOP-BBT0BUV" time="0.373">
  <properties/>
  <testcase name="createNotes_whenShowNotes_thenReturnListOfNotesCreated" classname="edu.tec.ic6821.app.notetests.NoteDaoTest" time="0.357"/>
  <testcase name="givenNote_whenCreate_thenReturnNoteWithGeneratedId" classname="edu.tec.ic6821.app.notetests.NoteDaoTest" time="0.014"/>
  <system-out><![CDATA[2021-11-02 22:39:30.788  INFO 7932 --- [    Test worker] .b.t.c.SpringBootTestContextBootstrapper : Neither @ContextConfiguration nor @ContextHierarchy found for test class [edu.tec.ic6821.app.notetests.NoteDaoTest], using SpringBootContextLoader
2021-11-02 22:39:30.804  INFO 7932 --- [    Test worker] o.s.t.c.support.AbstractContextLoader    : Could not detect default resource locations for test class [edu.tec.ic6821.app.notetests.NoteDaoTest]: no resource found for suffixes {-context.xml, Context.groovy}.
2021-11-02 22:39:30.804  INFO 7932 --- [    Test worker] t.c.s.AnnotationConfigContextLoaderUtils : Could not detect default configuration classes for test class [edu.tec.ic6821.app.notetests.NoteDaoTest]: NoteDaoTest does not declare any static, non-private, non-final, nested classes annotated with @Configuration.
2021-11-02 22:39:30.819  INFO 7932 --- [    Test worker] .b.t.c.SpringBootTestContextBootstrapper : Found @SpringBootConfiguration edu.tec.ic6821.app.Application for test class edu.tec.ic6821.app.notetests.NoteDaoTest
2021-11-02 22:39:30.835  INFO 7932 --- [    Test worker] .b.t.c.SpringBootTestContextBootstrapper : Loaded default TestExecutionListener class names from location [META-INF/spring.factories]: [org.springframework.boot.test.autoconfigure.restdocs.RestDocsTestExecutionListener, org.springframework.boot.test.autoconfigure.web.client.MockRestServiceServerResetTestExecutionListener, org.springframework.boot.test.autoconfigure.web.servlet.MockMvcPrintOnlyOnFailureTestExecutionListener, org.springframework.boot.test.autoconfigure.web.servlet.WebDriverTestExecutionListener, org.springframework.boot.test.mock.mockito.MockitoTestExecutionListener, org.springframework.boot.test.mock.mockito.ResetMocksTestExecutionListener, org.springframework.test.context.web.ServletTestExecutionListener, org.springframework.test.context.support.DirtiesContextBeforeModesTestExecutionListener, org.springframework.test.context.support.DependencyInjectionTestExecutionListener, org.springframework.test.context.support.DirtiesContextTestExecutionListener, org.springframework.test.context.transaction.TransactionalTestExecutionListener, org.springframework.test.context.jdbc.SqlScriptsTestExecutionListener]
2021-11-02 22:39:30.850  INFO 7932 --- [    Test worker] .b.t.c.SpringBootTestContextBootstrapper : Using TestExecutionListeners: [org.springframework.test.context.web.ServletTestExecutionListener@426001a0, org.springframework.test.context.support.DirtiesContextBeforeModesTestExecutionListener@365961a8, org.springframework.boot.test.mock.mockito.MockitoTestExecutionListener@377721de, org.springframework.boot.test.autoconfigure.SpringBootDependencyInjectionTestExecutionListener@43c08f4d, org.springframework.test.context.support.DirtiesContextTestExecutionListener@16feb94, org.springframework.test.context.transaction.TransactionalTestExecutionListener@7cc68e30, org.springframework.test.context.jdbc.SqlScriptsTestExecutionListener@72b129a7, org.springframework.boot.test.autoconfigure.restdocs.RestDocsTestExecutionListener@354c7a5b, org.springframework.boot.test.autoconfigure.web.client.MockRestServiceServerResetTestExecutionListener@4b81042d, org.springframework.boot.test.autoconfigure.web.servlet.MockMvcPrintOnlyOnFailureTestExecutionListener@37ea463, org.springframework.boot.test.autoconfigure.web.servlet.WebDriverTestExecutionListener@787959ba, org.springframework.boot.test.mock.mockito.ResetMocksTestExecutionListener@2eb16a4c]
]]></system-out>
  <system-err><![CDATA[]]></system-err>
</testsuite>
