<?xml version="1.0" encoding="UTF-8"?>
<testsuite name="edu.tec.ic6821.app.notetests.NoteDaoTest" tests="1" skipped="0" failures="0" errors="0" timestamp="2021-10-21T23:36:27" hostname="davubdell" time="0.014">
  <properties/>
  <testcase name="givenNote_whenCreate_thenReturnNoteWithGeneratedId" classname="edu.tec.ic6821.app.notetests.NoteDaoTest" time="0.014"/>
  <system-out><![CDATA[2021-10-21 17:36:27.450  INFO 12468 --- [    Test worker] .b.t.c.SpringBootTestContextBootstrapper : Neither @ContextConfiguration nor @ContextHierarchy found for test class [edu.tec.ic6821.app.notetests.NoteDaoTest], using SpringBootContextLoader
2021-10-21 17:36:27.452  INFO 12468 --- [    Test worker] o.s.t.c.support.AbstractContextLoader    : Could not detect default resource locations for test class [edu.tec.ic6821.app.notetests.NoteDaoTest]: no resource found for suffixes {-context.xml, Context.groovy}.
2021-10-21 17:36:27.453  INFO 12468 --- [    Test worker] t.c.s.AnnotationConfigContextLoaderUtils : Could not detect default configuration classes for test class [edu.tec.ic6821.app.notetests.NoteDaoTest]: NoteDaoTest does not declare any static, non-private, non-final, nested classes annotated with @Configuration.
2021-10-21 17:36:27.473  INFO 12468 --- [    Test worker] .b.t.c.SpringBootTestContextBootstrapper : Found @SpringBootConfiguration edu.tec.ic6821.app.Application for test class edu.tec.ic6821.app.notetests.NoteDaoTest
2021-10-21 17:36:27.477  INFO 12468 --- [    Test worker] .b.t.c.SpringBootTestContextBootstrapper : Loaded default TestExecutionListener class names from location [META-INF/spring.factories]: [org.springframework.boot.test.autoconfigure.restdocs.RestDocsTestExecutionListener, org.springframework.boot.test.autoconfigure.web.client.MockRestServiceServerResetTestExecutionListener, org.springframework.boot.test.autoconfigure.web.servlet.MockMvcPrintOnlyOnFailureTestExecutionListener, org.springframework.boot.test.autoconfigure.web.servlet.WebDriverTestExecutionListener, org.springframework.boot.test.mock.mockito.MockitoTestExecutionListener, org.springframework.boot.test.mock.mockito.ResetMocksTestExecutionListener, org.springframework.test.context.web.ServletTestExecutionListener, org.springframework.test.context.support.DirtiesContextBeforeModesTestExecutionListener, org.springframework.test.context.support.DependencyInjectionTestExecutionListener, org.springframework.test.context.support.DirtiesContextTestExecutionListener, org.springframework.test.context.transaction.TransactionalTestExecutionListener, org.springframework.test.context.jdbc.SqlScriptsTestExecutionListener]
2021-10-21 17:36:27.479  INFO 12468 --- [    Test worker] .b.t.c.SpringBootTestContextBootstrapper : Using TestExecutionListeners: [org.springframework.test.context.web.ServletTestExecutionListener@926ebe6, org.springframework.test.context.support.DirtiesContextBeforeModesTestExecutionListener@10929e70, org.springframework.boot.test.mock.mockito.MockitoTestExecutionListener@4a9ce31a, org.springframework.boot.test.autoconfigure.SpringBootDependencyInjectionTestExecutionListener@150bec9b, org.springframework.test.context.support.DirtiesContextTestExecutionListener@2bcc5c07, org.springframework.test.context.transaction.TransactionalTestExecutionListener@2f292610, org.springframework.test.context.jdbc.SqlScriptsTestExecutionListener@20084dc, org.springframework.boot.test.autoconfigure.restdocs.RestDocsTestExecutionListener@48a5df33, org.springframework.boot.test.autoconfigure.web.client.MockRestServiceServerResetTestExecutionListener@1c08e44, org.springframework.boot.test.autoconfigure.web.servlet.MockMvcPrintOnlyOnFailureTestExecutionListener@673f21ca, org.springframework.boot.test.autoconfigure.web.servlet.WebDriverTestExecutionListener@611f6f95, org.springframework.boot.test.mock.mockito.ResetMocksTestExecutionListener@7a578c2]
]]></system-out>
  <system-err><![CDATA[]]></system-err>
</testsuite>
