<?xml version="1.0" encoding="UTF-8"?>
<testsuite name="edu.tec.ic6821.app.users.UserControllerTests" tests="3" skipped="0" failures="0" errors="0" timestamp="2021-10-26T20:21:31" hostname="DESKTOP-BBT0BUV" time="0.572">
  <properties/>
  <testcase name="givenEmptyUsername_whenSignUp_thenSendBadRequest" classname="edu.tec.ic6821.app.users.UserControllerTests" time="0.16"/>
  <testcase name="givenEmptyPassword_whenSignUp_thenSendBadRequest" classname="edu.tec.ic6821.app.users.UserControllerTests" time="0.013"/>
  <testcase name="givenValidCredentials_whenSignUp_thenSendUser" classname="edu.tec.ic6821.app.users.UserControllerTests" time="0.394"/>
  <system-out><![CDATA[2021-10-26 14:21:29.834  INFO 10880 --- [    Test worker] .b.t.a.w.s.WebMvcTestContextBootstrapper : Neither @ContextConfiguration nor @ContextHierarchy found for test class [edu.tec.ic6821.app.users.UserControllerTests], using SpringBootContextLoader
2021-10-26 14:21:29.834  INFO 10880 --- [    Test worker] o.s.t.c.support.AbstractContextLoader    : Could not detect default resource locations for test class [edu.tec.ic6821.app.users.UserControllerTests]: no resource found for suffixes {-context.xml, Context.groovy}.
2021-10-26 14:21:29.834  INFO 10880 --- [    Test worker] t.c.s.AnnotationConfigContextLoaderUtils : Could not detect default configuration classes for test class [edu.tec.ic6821.app.users.UserControllerTests]: UserControllerTests does not declare any static, non-private, non-final, nested classes annotated with @Configuration.
2021-10-26 14:21:29.866  INFO 10880 --- [    Test worker] .b.t.c.SpringBootTestContextBootstrapper : Found @SpringBootConfiguration edu.tec.ic6821.app.Application for test class edu.tec.ic6821.app.users.UserControllerTests
2021-10-26 14:21:29.866  INFO 10880 --- [    Test worker] .b.t.a.w.s.WebMvcTestContextBootstrapper : Loaded default TestExecutionListener class names from location [META-INF/spring.factories]: [org.springframework.boot.test.autoconfigure.restdocs.RestDocsTestExecutionListener, org.springframework.boot.test.autoconfigure.web.client.MockRestServiceServerResetTestExecutionListener, org.springframework.boot.test.autoconfigure.web.servlet.MockMvcPrintOnlyOnFailureTestExecutionListener, org.springframework.boot.test.autoconfigure.web.servlet.WebDriverTestExecutionListener, org.springframework.boot.test.mock.mockito.MockitoTestExecutionListener, org.springframework.boot.test.mock.mockito.ResetMocksTestExecutionListener, org.springframework.test.context.web.ServletTestExecutionListener, org.springframework.test.context.support.DirtiesContextBeforeModesTestExecutionListener, org.springframework.test.context.support.DependencyInjectionTestExecutionListener, org.springframework.test.context.support.DirtiesContextTestExecutionListener, org.springframework.test.context.transaction.TransactionalTestExecutionListener, org.springframework.test.context.jdbc.SqlScriptsTestExecutionListener]
2021-10-26 14:21:29.866  INFO 10880 --- [    Test worker] .b.t.a.w.s.WebMvcTestContextBootstrapper : Using TestExecutionListeners: [org.springframework.test.context.web.ServletTestExecutionListener@33392fde, org.springframework.test.context.support.DirtiesContextBeforeModesTestExecutionListener@5b5aaf3d, org.springframework.boot.test.mock.mockito.MockitoTestExecutionListener@1467db15, org.springframework.boot.test.autoconfigure.SpringBootDependencyInjectionTestExecutionListener@a5d63c3, org.springframework.test.context.support.DirtiesContextTestExecutionListener@7060fa89, org.springframework.test.context.transaction.TransactionalTestExecutionListener@7e4d90ff, org.springframework.test.context.jdbc.SqlScriptsTestExecutionListener@54d85350, org.springframework.boot.test.autoconfigure.restdocs.RestDocsTestExecutionListener@357a6173, org.springframework.boot.test.autoconfigure.web.client.MockRestServiceServerResetTestExecutionListener@42b971e7, org.springframework.boot.test.autoconfigure.web.servlet.MockMvcPrintOnlyOnFailureTestExecutionListener@5061cb27, org.springframework.boot.test.autoconfigure.web.servlet.WebDriverTestExecutionListener@46b540a8, org.springframework.boot.test.mock.mockito.ResetMocksTestExecutionListener@20a2c0f4]

  .   ____          _            __ _ _
 /\\ / ___'_ __ _ _(_)_ __  __ _ \ \ \ \
( ( )\___ | '_ | '_| | '_ \/ _` | \ \ \ \
 \\/  ___)| |_)| | | | | || (_| |  ) ) ) )
  '  |____| .__|_| |_|_| |_\__, | / / / /
 =========|_|==============|___/=/_/_/_/
 :: Spring Boot ::        (v2.1.2.RELEASE)

2021-10-26 14:21:29.913  INFO 10880 --- [    Test worker] e.t.i.app.users.UserControllerTests      : Starting UserControllerTests on DESKTOP-BBT0BUV with PID 10880 (started by Brenda in C:\Users\Brenda\Desktop\Proyecto QA\Proyecto-Notas-QA)
2021-10-26 14:21:29.913  INFO 10880 --- [    Test worker] e.t.i.app.users.UserControllerTests      : No active profile set, falling back to default profiles: default
2021-10-26 14:21:30.350  INFO 10880 --- [    Test worker] trationDelegate$BeanPostProcessorChecker : Bean 'org.springframework.security.config.annotation.configuration.ObjectPostProcessorConfiguration' of type [org.springframework.security.config.annotation.configuration.ObjectPostProcessorConfiguration$$EnhancerBySpringCGLIB$$2a2879a3] is not eligible for getting processed by all BeanPostProcessors (for example: not eligible for auto-proxying)
2021-10-26 14:21:30.350  INFO 10880 --- [    Test worker] trationDelegate$BeanPostProcessorChecker : Bean 'objectPostProcessor' of type [org.springframework.security.config.annotation.configuration.AutowireBeanFactoryObjectPostProcessor] is not eligible for getting processed by all BeanPostProcessors (for example: not eligible for auto-proxying)
2021-10-26 14:21:30.350  INFO 10880 --- [    Test worker] trationDelegate$BeanPostProcessorChecker : Bean 'org.springframework.security.access.expression.method.DefaultMethodSecurityExpressionHandler@764b4578' of type [org.springframework.security.access.expression.method.DefaultMethodSecurityExpressionHandler] is not eligible for getting processed by all BeanPostProcessors (for example: not eligible for auto-proxying)
2021-10-26 14:21:30.366  INFO 10880 --- [    Test worker] trationDelegate$BeanPostProcessorChecker : Bean 'org.springframework.security.config.annotation.method.configuration.GlobalMethodSecurityConfiguration' of type [org.springframework.security.config.annotation.method.configuration.GlobalMethodSecurityConfiguration$$EnhancerBySpringCGLIB$$4efd1c55] is not eligible for getting processed by all BeanPostProcessors (for example: not eligible for auto-proxying)
2021-10-26 14:21:30.366  INFO 10880 --- [    Test worker] trationDelegate$BeanPostProcessorChecker : Bean 'methodSecurityMetadataSource' of type [org.springframework.security.access.method.DelegatingMethodSecurityMetadataSource] is not eligible for getting processed by all BeanPostProcessors (for example: not eligible for auto-proxying)
2021-10-26 14:21:30.850  INFO 10880 --- [    Test worker] o.s.s.web.DefaultSecurityFilterChain     : Creating filter chain: any request, [org.springframework.security.web.context.request.async.WebAsyncManagerIntegrationFilter@607da62, org.springframework.security.web.context.SecurityContextPersistenceFilter@1b5ea739, org.springframework.security.web.header.HeaderWriterFilter@66a179c9, org.springframework.web.filter.CorsFilter@7b337d1b, org.springframework.security.web.authentication.logout.LogoutFilter@6a92eb78, edu.tec.ic6821.app.identity.config.JwtAuthTokenFilter@e63cc32, org.springframework.security.web.savedrequest.RequestCacheAwareFilter@5aea5b99, org.springframework.security.web.servletapi.SecurityContextHolderAwareRequestFilter@37680e3c, org.springframework.security.web.authentication.AnonymousAuthenticationFilter@7b7aa6d2, org.springframework.security.web.session.SessionManagementFilter@5840bcfd, org.springframework.security.web.access.ExceptionTranslationFilter@59e302c1, org.springframework.security.web.access.intercept.FilterSecurityInterceptor@48a3cefd]
2021-10-26 14:21:31.131  INFO 10880 --- [    Test worker] o.s.s.concurrent.ThreadPoolTaskExecutor  : Initializing ExecutorService 'applicationTaskExecutor'
2021-10-26 14:21:31.350  INFO 10880 --- [    Test worker] o.s.b.t.m.w.SpringBootMockServletContext : Initializing Spring TestDispatcherServlet ''
2021-10-26 14:21:31.350  INFO 10880 --- [    Test worker] o.s.t.web.servlet.TestDispatcherServlet  : Initializing Servlet ''
2021-10-26 14:21:31.365  INFO 10880 --- [    Test worker] o.s.t.web.servlet.TestDispatcherServlet  : Completed initialization in 15 ms
2021-10-26 14:21:31.412  INFO 10880 --- [    Test worker] e.t.i.app.users.UserControllerTests      : Started UserControllerTests in 1.531 seconds (JVM running for 28.323)
2021-10-26 14:21:31.569  WARN 10880 --- [    Test worker] .w.s.m.s.DefaultHandlerExceptionResolver : Resolved [org.springframework.web.bind.MethodArgumentNotValidException: Validation failed for argument [0] in public org.springframework.http.ResponseEntity<?> edu.tec.ic6821.app.identity.controller.UserController.signup(edu.tec.ic6821.app.identity.dto.CredentialsDto): [Field error in object 'credentialsDto' on field 'username': rejected value [null]; codes [NotBlank.credentialsDto.username,NotBlank.username,NotBlank.java.lang.String,NotBlank]; arguments [org.springframework.context.support.DefaultMessageSourceResolvable: codes [credentialsDto.username,username]; arguments []; default message [username]]; default message [must not be blank]] ]
2021-10-26 14:21:31.584  WARN 10880 --- [    Test worker] .w.s.m.s.DefaultHandlerExceptionResolver : Resolved [org.springframework.web.bind.MethodArgumentNotValidException: Validation failed for argument [0] in public org.springframework.http.ResponseEntity<?> edu.tec.ic6821.app.identity.controller.UserController.signup(edu.tec.ic6821.app.identity.dto.CredentialsDto): [Field error in object 'credentialsDto' on field 'password': rejected value [null]; codes [NotBlank.credentialsDto.password,NotBlank.password,NotBlank.java.lang.String,NotBlank]; arguments [org.springframework.context.support.DefaultMessageSourceResolvable: codes [credentialsDto.password,password]; arguments []; default message [password]]; default message [must not be blank]] ]
]]></system-out>
  <system-err><![CDATA[]]></system-err>
</testsuite>
