<?xml version="1.0" encoding="UTF-8"?>
<testsuite name="edu.tec.ic6821.app.notetests.NoteControllerTest" tests="2" skipped="0" failures="0" errors="0" timestamp="2021-10-26T20:21:29" hostname="DESKTOP-BBT0BUV" time="0.195">
  <properties/>
  <testcase name="givenValidCredentials_whenSignUp_SendNote" classname="edu.tec.ic6821.app.notetests.NoteControllerTest" time="0.179"/>
  <testcase name="givenValidCredentials_whenCreateNote_SendNote" classname="edu.tec.ic6821.app.notetests.NoteControllerTest" time="0.01"/>
  <system-out><![CDATA[2021-10-26 14:21:27.553  INFO 10880 --- [    Test worker] .b.t.a.w.s.WebMvcTestContextBootstrapper : Neither @ContextConfiguration nor @ContextHierarchy found for test class [edu.tec.ic6821.app.notetests.NoteControllerTest], using SpringBootContextLoader
2021-10-26 14:21:27.553  INFO 10880 --- [    Test worker] o.s.t.c.support.AbstractContextLoader    : Could not detect default resource locations for test class [edu.tec.ic6821.app.notetests.NoteControllerTest]: no resource found for suffixes {-context.xml, Context.groovy}.
2021-10-26 14:21:27.553  INFO 10880 --- [    Test worker] t.c.s.AnnotationConfigContextLoaderUtils : Could not detect default configuration classes for test class [edu.tec.ic6821.app.notetests.NoteControllerTest]: NoteControllerTest does not declare any static, non-private, non-final, nested classes annotated with @Configuration.
2021-10-26 14:21:27.585  INFO 10880 --- [    Test worker] .b.t.c.SpringBootTestContextBootstrapper : Found @SpringBootConfiguration edu.tec.ic6821.app.Application for test class edu.tec.ic6821.app.notetests.NoteControllerTest
2021-10-26 14:21:27.585  INFO 10880 --- [    Test worker] .b.t.a.w.s.WebMvcTestContextBootstrapper : Loaded default TestExecutionListener class names from location [META-INF/spring.factories]: [org.springframework.boot.test.autoconfigure.restdocs.RestDocsTestExecutionListener, org.springframework.boot.test.autoconfigure.web.client.MockRestServiceServerResetTestExecutionListener, org.springframework.boot.test.autoconfigure.web.servlet.MockMvcPrintOnlyOnFailureTestExecutionListener, org.springframework.boot.test.autoconfigure.web.servlet.WebDriverTestExecutionListener, org.springframework.boot.test.mock.mockito.MockitoTestExecutionListener, org.springframework.boot.test.mock.mockito.ResetMocksTestExecutionListener, org.springframework.test.context.web.ServletTestExecutionListener, org.springframework.test.context.support.DirtiesContextBeforeModesTestExecutionListener, org.springframework.test.context.support.DependencyInjectionTestExecutionListener, org.springframework.test.context.support.DirtiesContextTestExecutionListener, org.springframework.test.context.transaction.TransactionalTestExecutionListener, org.springframework.test.context.jdbc.SqlScriptsTestExecutionListener]
2021-10-26 14:21:27.585  INFO 10880 --- [    Test worker] .b.t.a.w.s.WebMvcTestContextBootstrapper : Using TestExecutionListeners: [org.springframework.test.context.web.ServletTestExecutionListener@25181ec2, org.springframework.test.context.support.DirtiesContextBeforeModesTestExecutionListener@3cc26670, org.springframework.boot.test.mock.mockito.MockitoTestExecutionListener@6489ef44, org.springframework.boot.test.autoconfigure.SpringBootDependencyInjectionTestExecutionListener@53979e0c, org.springframework.test.context.support.DirtiesContextTestExecutionListener@361c64b2, org.springframework.test.context.transaction.TransactionalTestExecutionListener@19c265e7, org.springframework.test.context.jdbc.SqlScriptsTestExecutionListener@321a4a54, org.springframework.boot.test.autoconfigure.restdocs.RestDocsTestExecutionListener@5d12c5e5, org.springframework.boot.test.autoconfigure.web.client.MockRestServiceServerResetTestExecutionListener@87e1301, org.springframework.boot.test.autoconfigure.web.servlet.MockMvcPrintOnlyOnFailureTestExecutionListener@219b2b4, org.springframework.boot.test.autoconfigure.web.servlet.WebDriverTestExecutionListener@62311049, org.springframework.boot.test.mock.mockito.ResetMocksTestExecutionListener@2947cc07]

  .   ____          _            __ _ _
 /\\ / ___'_ __ _ _(_)_ __  __ _ \ \ \ \
( ( )\___ | '_ | '_| | '_ \/ _` | \ \ \ \
 \\/  ___)| |_)| | | | | || (_| |  ) ) ) )
  '  |____| .__|_| |_|_| |_\__, | / / / /
 =========|_|==============|___/=/_/_/_/
 :: Spring Boot ::        (v2.1.2.RELEASE)

2021-10-26 14:21:27.678  INFO 10880 --- [    Test worker] e.t.i.app.notetests.NoteControllerTest   : Starting NoteControllerTest on DESKTOP-BBT0BUV with PID 10880 (started by Brenda in C:\Users\Brenda\Desktop\Proyecto QA\Proyecto-Notas-QA)
2021-10-26 14:21:27.694  INFO 10880 --- [    Test worker] e.t.i.app.notetests.NoteControllerTest   : No active profile set, falling back to default profiles: default
2021-10-26 14:21:28.163  INFO 10880 --- [    Test worker] trationDelegate$BeanPostProcessorChecker : Bean 'org.springframework.security.config.annotation.configuration.ObjectPostProcessorConfiguration' of type [org.springframework.security.config.annotation.configuration.ObjectPostProcessorConfiguration$$EnhancerBySpringCGLIB$$2a2879a3] is not eligible for getting processed by all BeanPostProcessors (for example: not eligible for auto-proxying)
2021-10-26 14:21:28.178  INFO 10880 --- [    Test worker] trationDelegate$BeanPostProcessorChecker : Bean 'objectPostProcessor' of type [org.springframework.security.config.annotation.configuration.AutowireBeanFactoryObjectPostProcessor] is not eligible for getting processed by all BeanPostProcessors (for example: not eligible for auto-proxying)
2021-10-26 14:21:28.178  INFO 10880 --- [    Test worker] trationDelegate$BeanPostProcessorChecker : Bean 'org.springframework.security.access.expression.method.DefaultMethodSecurityExpressionHandler@5910b509' of type [org.springframework.security.access.expression.method.DefaultMethodSecurityExpressionHandler] is not eligible for getting processed by all BeanPostProcessors (for example: not eligible for auto-proxying)
2021-10-26 14:21:28.194  INFO 10880 --- [    Test worker] trationDelegate$BeanPostProcessorChecker : Bean 'org.springframework.security.config.annotation.method.configuration.GlobalMethodSecurityConfiguration' of type [org.springframework.security.config.annotation.method.configuration.GlobalMethodSecurityConfiguration$$EnhancerBySpringCGLIB$$4efd1c55] is not eligible for getting processed by all BeanPostProcessors (for example: not eligible for auto-proxying)
2021-10-26 14:21:28.210  INFO 10880 --- [    Test worker] trationDelegate$BeanPostProcessorChecker : Bean 'methodSecurityMetadataSource' of type [org.springframework.security.access.method.DelegatingMethodSecurityMetadataSource] is not eligible for getting processed by all BeanPostProcessors (for example: not eligible for auto-proxying)
2021-10-26 14:21:28.756  INFO 10880 --- [    Test worker] o.s.s.web.DefaultSecurityFilterChain     : Creating filter chain: any request, [org.springframework.security.web.context.request.async.WebAsyncManagerIntegrationFilter@70199ef8, org.springframework.security.web.context.SecurityContextPersistenceFilter@4410c469, org.springframework.security.web.header.HeaderWriterFilter@39b36788, org.springframework.web.filter.CorsFilter@7b6cbe14, org.springframework.security.web.authentication.logout.LogoutFilter@bae7862, edu.tec.ic6821.app.identity.config.JwtAuthTokenFilter@575eb492, org.springframework.security.web.savedrequest.RequestCacheAwareFilter@22abc866, org.springframework.security.web.servletapi.SecurityContextHolderAwareRequestFilter@6749c, org.springframework.security.web.authentication.AnonymousAuthenticationFilter@4337c2aa, org.springframework.security.web.session.SessionManagementFilter@4619b741, org.springframework.security.web.access.ExceptionTranslationFilter@5997e944, org.springframework.security.web.access.intercept.FilterSecurityInterceptor@3bc37d37]
2021-10-26 14:21:29.085  INFO 10880 --- [    Test worker] o.s.s.concurrent.ThreadPoolTaskExecutor  : Initializing ExecutorService 'applicationTaskExecutor'
2021-10-26 14:21:29.303  INFO 10880 --- [    Test worker] o.s.b.t.m.w.SpringBootMockServletContext : Initializing Spring TestDispatcherServlet ''
2021-10-26 14:21:29.303  INFO 10880 --- [    Test worker] o.s.t.web.servlet.TestDispatcherServlet  : Initializing Servlet ''
2021-10-26 14:21:29.319  INFO 10880 --- [    Test worker] o.s.t.web.servlet.TestDispatcherServlet  : Completed initialization in 16 ms
2021-10-26 14:21:29.366  INFO 10880 --- [    Test worker] e.t.i.app.notetests.NoteControllerTest   : Started NoteControllerTest in 1.766 seconds (JVM running for 26.276)
]]></system-out>
  <system-err><![CDATA[]]></system-err>
</testsuite>
