<?xml version="1.0" encoding="UTF-8"?>
<testsuite name="edu.tec.ic6821.app.users.UserDaoTests" tests="5" skipped="0" failures="0" errors="0" timestamp="2021-05-27T05:08:47" hostname="davubdell" time="0.068">
  <properties/>
  <testcase name="givenUser_whenCreate_thenReturnUserWithGeneratedId" classname="edu.tec.ic6821.app.users.UserDaoTests" time="0.018"/>
  <testcase name="givenExistingUsername_whenExistsByUsername_thenReturnTrue" classname="edu.tec.ic6821.app.users.UserDaoTests" time="0.02"/>
  <testcase name="givenNonExistingUsername_whenExistsByUsername_thenReturnFalse" classname="edu.tec.ic6821.app.users.UserDaoTests" time="0.008"/>
  <testcase name="givenNonExistingUsername_whenFindByUsername_thenReturnEmpty" classname="edu.tec.ic6821.app.users.UserDaoTests" time="0.009"/>
  <testcase name="givenExistingUser_whenFindByUsername_thenReturnUser" classname="edu.tec.ic6821.app.users.UserDaoTests" time="0.008"/>
  <system-out><![CDATA[2021-05-26 23:08:47.435  INFO 7788 --- [    Test worker] .b.t.c.SpringBootTestContextBootstrapper : Neither @ContextConfiguration nor @ContextHierarchy found for test class [edu.tec.ic6821.app.users.UserDaoTests], using SpringBootContextLoader
2021-05-26 23:08:47.436  INFO 7788 --- [    Test worker] o.s.t.c.support.AbstractContextLoader    : Could not detect default resource locations for test class [edu.tec.ic6821.app.users.UserDaoTests]: no resource found for suffixes {-context.xml, Context.groovy}.
2021-05-26 23:08:47.437  INFO 7788 --- [    Test worker] t.c.s.AnnotationConfigContextLoaderUtils : Could not detect default configuration classes for test class [edu.tec.ic6821.app.users.UserDaoTests]: UserDaoTests does not declare any static, non-private, non-final, nested classes annotated with @Configuration.
2021-05-26 23:08:47.439  INFO 7788 --- [    Test worker] .b.t.c.SpringBootTestContextBootstrapper : Found @SpringBootConfiguration edu.tec.ic6821.app.Application for test class edu.tec.ic6821.app.users.UserDaoTests
2021-05-26 23:08:47.441  INFO 7788 --- [    Test worker] .b.t.c.SpringBootTestContextBootstrapper : Loaded default TestExecutionListener class names from location [META-INF/spring.factories]: [org.springframework.boot.test.autoconfigure.restdocs.RestDocsTestExecutionListener, org.springframework.boot.test.autoconfigure.web.client.MockRestServiceServerResetTestExecutionListener, org.springframework.boot.test.autoconfigure.web.servlet.MockMvcPrintOnlyOnFailureTestExecutionListener, org.springframework.boot.test.autoconfigure.web.servlet.WebDriverTestExecutionListener, org.springframework.boot.test.mock.mockito.MockitoTestExecutionListener, org.springframework.boot.test.mock.mockito.ResetMocksTestExecutionListener, org.springframework.test.context.web.ServletTestExecutionListener, org.springframework.test.context.support.DirtiesContextBeforeModesTestExecutionListener, org.springframework.test.context.support.DependencyInjectionTestExecutionListener, org.springframework.test.context.support.DirtiesContextTestExecutionListener, org.springframework.test.context.transaction.TransactionalTestExecutionListener, org.springframework.test.context.jdbc.SqlScriptsTestExecutionListener]
2021-05-26 23:08:47.442  INFO 7788 --- [    Test worker] .b.t.c.SpringBootTestContextBootstrapper : Using TestExecutionListeners: [org.springframework.test.context.web.ServletTestExecutionListener@77a34256, org.springframework.test.context.support.DirtiesContextBeforeModesTestExecutionListener@63fb9f64, org.springframework.boot.test.mock.mockito.MockitoTestExecutionListener@36578096, org.springframework.boot.test.autoconfigure.SpringBootDependencyInjectionTestExecutionListener@3b1d88d6, org.springframework.test.context.support.DirtiesContextTestExecutionListener@56c1dc11, org.springframework.test.context.transaction.TransactionalTestExecutionListener@697e7912, org.springframework.test.context.jdbc.SqlScriptsTestExecutionListener@63a7179b, org.springframework.boot.test.autoconfigure.restdocs.RestDocsTestExecutionListener@34ab6801, org.springframework.boot.test.autoconfigure.web.client.MockRestServiceServerResetTestExecutionListener@6c520bd1, org.springframework.boot.test.autoconfigure.web.servlet.MockMvcPrintOnlyOnFailureTestExecutionListener@767e59a0, org.springframework.boot.test.autoconfigure.web.servlet.WebDriverTestExecutionListener@2dbe933b, org.springframework.boot.test.mock.mockito.ResetMocksTestExecutionListener@42ba1ded]
]]></system-out>
  <system-err><![CDATA[]]></system-err>
</testsuite>
