<?xml version="1.0" encoding="UTF-8"?>
<testsuite name="edu.tec.ic6821.app.notetests.NoteDaoTest" tests="2" skipped="0" failures="0" errors="0" timestamp="2021-11-04T22:21:01" hostname="DESKTOP-BBT0BUV" time="0.403">
  <properties/>
  <testcase name="createNotes_whenShowNotes_thenReturnListOfNotesCreated" classname="edu.tec.ic6821.app.notetests.NoteDaoTest" time="0.389"/>
  <testcase name="givenNote_whenCreate_thenReturnNoteWithGeneratedId" classname="edu.tec.ic6821.app.notetests.NoteDaoTest" time="0.014"/>
  <system-out><![CDATA[2021-11-04 16:21:01.268  INFO 2340 --- [    Test worker] .b.t.c.SpringBootTestContextBootstrapper : Neither @ContextConfiguration nor @ContextHierarchy found for test class [edu.tec.ic6821.app.notetests.NoteDaoTest], using SpringBootContextLoader
2021-11-04 16:21:01.268  INFO 2340 --- [    Test worker] o.s.t.c.support.AbstractContextLoader    : Could not detect default resource locations for test class [edu.tec.ic6821.app.notetests.NoteDaoTest]: no resource found for suffixes {-context.xml, Context.groovy}.
2021-11-04 16:21:01.268  INFO 2340 --- [    Test worker] t.c.s.AnnotationConfigContextLoaderUtils : Could not detect default configuration classes for test class [edu.tec.ic6821.app.notetests.NoteDaoTest]: NoteDaoTest does not declare any static, non-private, non-final, nested classes annotated with @Configuration.
2021-11-04 16:21:01.268  INFO 2340 --- [    Test worker] .b.t.c.SpringBootTestContextBootstrapper : Found @SpringBootConfiguration edu.tec.ic6821.app.Application for test class edu.tec.ic6821.app.notetests.NoteDaoTest
2021-11-04 16:21:01.284  INFO 2340 --- [    Test worker] .b.t.c.SpringBootTestContextBootstrapper : Loaded default TestExecutionListener class names from location [META-INF/spring.factories]: [org.springframework.boot.test.autoconfigure.restdocs.RestDocsTestExecutionListener, org.springframework.boot.test.autoconfigure.web.client.MockRestServiceServerResetTestExecutionListener, org.springframework.boot.test.autoconfigure.web.servlet.MockMvcPrintOnlyOnFailureTestExecutionListener, org.springframework.boot.test.autoconfigure.web.servlet.WebDriverTestExecutionListener, org.springframework.boot.test.mock.mockito.MockitoTestExecutionListener, org.springframework.boot.test.mock.mockito.ResetMocksTestExecutionListener, org.springframework.test.context.web.ServletTestExecutionListener, org.springframework.test.context.support.DirtiesContextBeforeModesTestExecutionListener, org.springframework.test.context.support.DependencyInjectionTestExecutionListener, org.springframework.test.context.support.DirtiesContextTestExecutionListener, org.springframework.test.context.transaction.TransactionalTestExecutionListener, org.springframework.test.context.jdbc.SqlScriptsTestExecutionListener]
2021-11-04 16:21:01.284  INFO 2340 --- [    Test worker] .b.t.c.SpringBootTestContextBootstrapper : Using TestExecutionListeners: [org.springframework.test.context.web.ServletTestExecutionListener@649f76f0, org.springframework.test.context.support.DirtiesContextBeforeModesTestExecutionListener@4c64634c, org.springframework.boot.test.mock.mockito.MockitoTestExecutionListener@5addc9b1, org.springframework.boot.test.autoconfigure.SpringBootDependencyInjectionTestExecutionListener@63f3c597, org.springframework.test.context.support.DirtiesContextTestExecutionListener@7c4407ef, org.springframework.test.context.transaction.TransactionalTestExecutionListener@13557528, org.springframework.test.context.jdbc.SqlScriptsTestExecutionListener@27f1a6b2, org.springframework.boot.test.autoconfigure.restdocs.RestDocsTestExecutionListener@5a5300a6, org.springframework.boot.test.autoconfigure.web.client.MockRestServiceServerResetTestExecutionListener@6740f7c, org.springframework.boot.test.autoconfigure.web.servlet.MockMvcPrintOnlyOnFailureTestExecutionListener@3e30c6af, org.springframework.boot.test.autoconfigure.web.servlet.WebDriverTestExecutionListener@145e23ed, org.springframework.boot.test.mock.mockito.ResetMocksTestExecutionListener@56ca47f0]
]]></system-out>
  <system-err><![CDATA[]]></system-err>
</testsuite>
