<?xml version="1.0" encoding="UTF-8"?>
<testsuite name="edu.tec.ic6821.app.users.UserServiceTests" tests="2" skipped="0" failures="0" errors="0" timestamp="2021-10-25T01:25:58" hostname="DESKTOP-BBT0BUV" time="0.294">
  <properties/>
  <testcase name="givenNewUsername_whenCreate_thenReturnNewUser" classname="edu.tec.ic6821.app.users.UserServiceTests" time="0.29"/>
  <testcase name="givenExistingUsername_whenCreate_thenReturnEmpty" classname="edu.tec.ic6821.app.users.UserServiceTests" time="0.004"/>
  <system-out><![CDATA[2021-10-24 19:25:58.779  INFO 6508 --- [    Test worker] o.s.t.c.s.DefaultTestContextBootstrapper : Neither @ContextConfiguration nor @ContextHierarchy found for test class [edu.tec.ic6821.app.users.UserServiceTests], using DelegatingSmartContextLoader
2021-10-24 19:25:58.779  INFO 6508 --- [    Test worker] o.s.t.c.support.AbstractContextLoader    : Could not detect default resource locations for test class [edu.tec.ic6821.app.users.UserServiceTests]: no resource found for suffixes {-context.xml}.
2021-10-24 19:25:58.779  INFO 6508 --- [    Test worker] c.s.AbstractDelegatingSmartContextLoader : AnnotationConfigContextLoader detected default configuration classes for context configuration [ContextConfigurationAttributes@5d8752e8 declaringClass = 'edu.tec.ic6821.app.users.UserServiceTests', classes = '{class edu.tec.ic6821.app.users.UserServiceTests$UserServiceTestsConfiguration}', locations = '{}', inheritLocations = false, initializers = '{}', inheritInitializers = true, name = [null], contextLoaderClass = 'org.springframework.test.context.ContextLoader'].
2021-10-24 19:25:58.779  INFO 6508 --- [    Test worker] o.s.t.c.s.DefaultTestContextBootstrapper : Loaded default TestExecutionListener class names from location [META-INF/spring.factories]: [org.springframework.boot.test.autoconfigure.restdocs.RestDocsTestExecutionListener, org.springframework.boot.test.autoconfigure.web.client.MockRestServiceServerResetTestExecutionListener, org.springframework.boot.test.autoconfigure.web.servlet.MockMvcPrintOnlyOnFailureTestExecutionListener, org.springframework.boot.test.autoconfigure.web.servlet.WebDriverTestExecutionListener, org.springframework.boot.test.mock.mockito.MockitoTestExecutionListener, org.springframework.boot.test.mock.mockito.ResetMocksTestExecutionListener, org.springframework.test.context.web.ServletTestExecutionListener, org.springframework.test.context.support.DirtiesContextBeforeModesTestExecutionListener, org.springframework.test.context.support.DependencyInjectionTestExecutionListener, org.springframework.test.context.support.DirtiesContextTestExecutionListener, org.springframework.test.context.transaction.TransactionalTestExecutionListener, org.springframework.test.context.jdbc.SqlScriptsTestExecutionListener]
2021-10-24 19:25:58.779  INFO 6508 --- [    Test worker] o.s.t.c.s.DefaultTestContextBootstrapper : Using TestExecutionListeners: [org.springframework.test.context.web.ServletTestExecutionListener@294bf8af, org.springframework.test.context.support.DirtiesContextBeforeModesTestExecutionListener@60713e47, org.springframework.boot.test.mock.mockito.MockitoTestExecutionListener@7907a8c, org.springframework.test.context.support.DependencyInjectionTestExecutionListener@60677884, org.springframework.test.context.support.DirtiesContextTestExecutionListener@161f6aa7, org.springframework.test.context.transaction.TransactionalTestExecutionListener@7ff5ed25, org.springframework.test.context.jdbc.SqlScriptsTestExecutionListener@7b35bc4d, org.springframework.boot.test.autoconfigure.restdocs.RestDocsTestExecutionListener@204d58f7, org.springframework.boot.test.autoconfigure.web.client.MockRestServiceServerResetTestExecutionListener@4dea440b, org.springframework.boot.test.autoconfigure.web.servlet.MockMvcPrintOnlyOnFailureTestExecutionListener@1da60456, org.springframework.boot.test.autoconfigure.web.servlet.WebDriverTestExecutionListener@4b27047b, org.springframework.boot.test.mock.mockito.ResetMocksTestExecutionListener@1e76708]
]]></system-out>
  <system-err><![CDATA[]]></system-err>
</testsuite>
