<?xml version="1.0" encoding="UTF-8"?>
<testsuite name="edu.tec.ic6821.app.greetings.GreetingControllerTests" tests="1" skipped="0" failures="0" errors="0" timestamp="2021-10-17T23:21:49" hostname="DESKTOP-BBT0BUV" time="0.483">
  <properties/>
  <testcase name="whenGreet_thenSendGreeting" classname="edu.tec.ic6821.app.greetings.GreetingControllerTests" time="0.483"/>
  <system-out><![CDATA[2021-10-17 17:21:46.017  INFO 7816 --- [    Test worker] .b.t.a.w.s.WebMvcTestContextBootstrapper : Neither @ContextConfiguration nor @ContextHierarchy found for test class [edu.tec.ic6821.app.greetings.GreetingControllerTests], using SpringBootContextLoader
2021-10-17 17:21:46.017  INFO 7816 --- [    Test worker] o.s.t.c.support.AbstractContextLoader    : Could not detect default resource locations for test class [edu.tec.ic6821.app.greetings.GreetingControllerTests]: no resource found for suffixes {-context.xml, Context.groovy}.
2021-10-17 17:21:46.017  INFO 7816 --- [    Test worker] t.c.s.AnnotationConfigContextLoaderUtils : Could not detect default configuration classes for test class [edu.tec.ic6821.app.greetings.GreetingControllerTests]: GreetingControllerTests does not declare any static, non-private, non-final, nested classes annotated with @Configuration.
2021-10-17 17:21:46.079  INFO 7816 --- [    Test worker] .b.t.c.SpringBootTestContextBootstrapper : Found @SpringBootConfiguration edu.tec.ic6821.app.Application for test class edu.tec.ic6821.app.greetings.GreetingControllerTests
2021-10-17 17:21:46.079  INFO 7816 --- [    Test worker] .b.t.a.w.s.WebMvcTestContextBootstrapper : Loaded default TestExecutionListener class names from location [META-INF/spring.factories]: [org.springframework.boot.test.autoconfigure.restdocs.RestDocsTestExecutionListener, org.springframework.boot.test.autoconfigure.web.client.MockRestServiceServerResetTestExecutionListener, org.springframework.boot.test.autoconfigure.web.servlet.MockMvcPrintOnlyOnFailureTestExecutionListener, org.springframework.boot.test.autoconfigure.web.servlet.WebDriverTestExecutionListener, org.springframework.boot.test.mock.mockito.MockitoTestExecutionListener, org.springframework.boot.test.mock.mockito.ResetMocksTestExecutionListener, org.springframework.test.context.web.ServletTestExecutionListener, org.springframework.test.context.support.DirtiesContextBeforeModesTestExecutionListener, org.springframework.test.context.support.DependencyInjectionTestExecutionListener, org.springframework.test.context.support.DirtiesContextTestExecutionListener, org.springframework.test.context.transaction.TransactionalTestExecutionListener, org.springframework.test.context.jdbc.SqlScriptsTestExecutionListener]
2021-10-17 17:21:46.079  INFO 7816 --- [    Test worker] .b.t.a.w.s.WebMvcTestContextBootstrapper : Using TestExecutionListeners: [org.springframework.test.context.web.ServletTestExecutionListener@35b82a53, org.springframework.test.context.support.DirtiesContextBeforeModesTestExecutionListener@1d842e48, org.springframework.boot.test.mock.mockito.MockitoTestExecutionListener@4e326394, org.springframework.boot.test.autoconfigure.SpringBootDependencyInjectionTestExecutionListener@3203026a, org.springframework.test.context.support.DirtiesContextTestExecutionListener@469d4ccb, org.springframework.test.context.transaction.TransactionalTestExecutionListener@7a57cc3e, org.springframework.test.context.jdbc.SqlScriptsTestExecutionListener@27a43e23, org.springframework.boot.test.autoconfigure.restdocs.RestDocsTestExecutionListener@d1e78ef, org.springframework.boot.test.autoconfigure.web.client.MockRestServiceServerResetTestExecutionListener@21c98693, org.springframework.boot.test.autoconfigure.web.servlet.MockMvcPrintOnlyOnFailureTestExecutionListener@65bb98a8, org.springframework.boot.test.autoconfigure.web.servlet.WebDriverTestExecutionListener@63e8f71a, org.springframework.boot.test.mock.mockito.ResetMocksTestExecutionListener@1d4f3288]

  .   ____          _            __ _ _
 /\\ / ___'_ __ _ _(_)_ __  __ _ \ \ \ \
( ( )\___ | '_ | '_| | '_ \/ _` | \ \ \ \
 \\/  ___)| |_)| | | | | || (_| |  ) ) ) )
  '  |____| .__|_| |_|_| |_\__, | / / / /
 =========|_|==============|___/=/_/_/_/
 :: Spring Boot ::        (v2.1.2.RELEASE)

2021-10-17 17:21:46.204  INFO 7816 --- [    Test worker] e.t.i.a.g.GreetingControllerTests        : Starting GreetingControllerTests on DESKTOP-BBT0BUV with PID 7816 (started by Brenda in C:\Users\Brenda\Desktop\Proyecto QA\Proyecto-Notas-QA)
2021-10-17 17:21:46.204  INFO 7816 --- [    Test worker] e.t.i.a.g.GreetingControllerTests        : No active profile set, falling back to default profiles: default
2021-10-17 17:21:47.611  INFO 7816 --- [    Test worker] trationDelegate$BeanPostProcessorChecker : Bean 'org.springframework.security.config.annotation.configuration.ObjectPostProcessorConfiguration' of type [org.springframework.security.config.annotation.configuration.ObjectPostProcessorConfiguration$$EnhancerBySpringCGLIB$$cc12699] is not eligible for getting processed by all BeanPostProcessors (for example: not eligible for auto-proxying)
2021-10-17 17:21:47.626  INFO 7816 --- [    Test worker] trationDelegate$BeanPostProcessorChecker : Bean 'objectPostProcessor' of type [org.springframework.security.config.annotation.configuration.AutowireBeanFactoryObjectPostProcessor] is not eligible for getting processed by all BeanPostProcessors (for example: not eligible for auto-proxying)
2021-10-17 17:21:47.626  INFO 7816 --- [    Test worker] trationDelegate$BeanPostProcessorChecker : Bean 'org.springframework.security.access.expression.method.DefaultMethodSecurityExpressionHandler@6b1f13bd' of type [org.springframework.security.access.expression.method.DefaultMethodSecurityExpressionHandler] is not eligible for getting processed by all BeanPostProcessors (for example: not eligible for auto-proxying)
2021-10-17 17:21:47.657  INFO 7816 --- [    Test worker] trationDelegate$BeanPostProcessorChecker : Bean 'org.springframework.security.config.annotation.method.configuration.GlobalMethodSecurityConfiguration' of type [org.springframework.security.config.annotation.method.configuration.GlobalMethodSecurityConfiguration$$EnhancerBySpringCGLIB$$3195c94b] is not eligible for getting processed by all BeanPostProcessors (for example: not eligible for auto-proxying)
2021-10-17 17:21:47.657  INFO 7816 --- [    Test worker] trationDelegate$BeanPostProcessorChecker : Bean 'methodSecurityMetadataSource' of type [org.springframework.security.access.method.DelegatingMethodSecurityMetadataSource] is not eligible for getting processed by all BeanPostProcessors (for example: not eligible for auto-proxying)
2021-10-17 17:21:48.517  INFO 7816 --- [    Test worker] o.s.s.web.DefaultSecurityFilterChain     : Creating filter chain: any request, [org.springframework.security.web.context.request.async.WebAsyncManagerIntegrationFilter@190d588, org.springframework.security.web.context.SecurityContextPersistenceFilter@33aadb1f, org.springframework.security.web.header.HeaderWriterFilter@7f9644d7, org.springframework.web.filter.CorsFilter@76d4875f, org.springframework.security.web.authentication.logout.LogoutFilter@2bbb65, edu.tec.ic6821.app.identity.config.JwtAuthTokenFilter@6ac6a93b, org.springframework.security.web.savedrequest.RequestCacheAwareFilter@3846dbdc, org.springframework.security.web.servletapi.SecurityContextHolderAwareRequestFilter@75bb90ff, org.springframework.security.web.authentication.AnonymousAuthenticationFilter@7f12cd86, org.springframework.security.web.session.SessionManagementFilter@60a2a8ed, org.springframework.security.web.access.ExceptionTranslationFilter@412949c7, org.springframework.security.web.access.intercept.FilterSecurityInterceptor@31842536]
2021-10-17 17:21:49.017  INFO 7816 --- [    Test worker] o.s.s.concurrent.ThreadPoolTaskExecutor  : Initializing ExecutorService 'applicationTaskExecutor'
2021-10-17 17:21:49.532  INFO 7816 --- [    Test worker] o.s.b.t.m.w.SpringBootMockServletContext : Initializing Spring TestDispatcherServlet ''
2021-10-17 17:21:49.532  INFO 7816 --- [    Test worker] o.s.t.web.servlet.TestDispatcherServlet  : Initializing Servlet ''
2021-10-17 17:21:49.579  INFO 7816 --- [    Test worker] o.s.t.web.servlet.TestDispatcherServlet  : Completed initialization in 47 ms
2021-10-17 17:21:49.657  INFO 7816 --- [    Test worker] e.t.i.a.g.GreetingControllerTests        : Started GreetingControllerTests in 3.578 seconds (JVM running for 33.519)
]]></system-out>
  <system-err><![CDATA[]]></system-err>
</testsuite>
