<?xml version="1.0" encoding="UTF-8"?>
<testsuite name="edu.tec.ic6821.app.notetests.NoteControllerTest" tests="2" skipped="0" failures="0" errors="0" timestamp="2021-05-27T05:08:49" hostname="davubdell" time="0.063">
  <properties/>
  <testcase name="givenValidCredentials_whenSignUp_SendNote" classname="edu.tec.ic6821.app.notetests.NoteControllerTest" time="0.046"/>
  <testcase name="givenValidCredentials_whenCreateNote_SendNote" classname="edu.tec.ic6821.app.notetests.NoteControllerTest" time="0.014"/>
  <system-out><![CDATA[2021-05-26 23:08:47.575  INFO 7788 --- [    Test worker] .b.t.a.w.s.WebMvcTestContextBootstrapper : Neither @ContextConfiguration nor @ContextHierarchy found for test class [edu.tec.ic6821.app.notetests.NoteControllerTest], using SpringBootContextLoader
2021-05-26 23:08:47.577  INFO 7788 --- [    Test worker] o.s.t.c.support.AbstractContextLoader    : Could not detect default resource locations for test class [edu.tec.ic6821.app.notetests.NoteControllerTest]: no resource found for suffixes {-context.xml, Context.groovy}.
2021-05-26 23:08:47.577  INFO 7788 --- [    Test worker] t.c.s.AnnotationConfigContextLoaderUtils : Could not detect default configuration classes for test class [edu.tec.ic6821.app.notetests.NoteControllerTest]: NoteControllerTest does not declare any static, non-private, non-final, nested classes annotated with @Configuration.
2021-05-26 23:08:47.587  INFO 7788 --- [    Test worker] .b.t.c.SpringBootTestContextBootstrapper : Found @SpringBootConfiguration edu.tec.ic6821.app.Application for test class edu.tec.ic6821.app.notetests.NoteControllerTest
2021-05-26 23:08:47.589  INFO 7788 --- [    Test worker] .b.t.a.w.s.WebMvcTestContextBootstrapper : Loaded default TestExecutionListener class names from location [META-INF/spring.factories]: [org.springframework.boot.test.autoconfigure.restdocs.RestDocsTestExecutionListener, org.springframework.boot.test.autoconfigure.web.client.MockRestServiceServerResetTestExecutionListener, org.springframework.boot.test.autoconfigure.web.servlet.MockMvcPrintOnlyOnFailureTestExecutionListener, org.springframework.boot.test.autoconfigure.web.servlet.WebDriverTestExecutionListener, org.springframework.boot.test.mock.mockito.MockitoTestExecutionListener, org.springframework.boot.test.mock.mockito.ResetMocksTestExecutionListener, org.springframework.test.context.web.ServletTestExecutionListener, org.springframework.test.context.support.DirtiesContextBeforeModesTestExecutionListener, org.springframework.test.context.support.DependencyInjectionTestExecutionListener, org.springframework.test.context.support.DirtiesContextTestExecutionListener, org.springframework.test.context.transaction.TransactionalTestExecutionListener, org.springframework.test.context.jdbc.SqlScriptsTestExecutionListener]
2021-05-26 23:08:47.590  INFO 7788 --- [    Test worker] .b.t.a.w.s.WebMvcTestContextBootstrapper : Using TestExecutionListeners: [org.springframework.test.context.web.ServletTestExecutionListener@2cf2f711, org.springframework.test.context.support.DirtiesContextBeforeModesTestExecutionListener@400a8d66, org.springframework.boot.test.mock.mockito.MockitoTestExecutionListener@5f6f0c2, org.springframework.boot.test.autoconfigure.SpringBootDependencyInjectionTestExecutionListener@419a7f6e, org.springframework.test.context.support.DirtiesContextTestExecutionListener@7aeb4233, org.springframework.test.context.transaction.TransactionalTestExecutionListener@6e1e91b5, org.springframework.test.context.jdbc.SqlScriptsTestExecutionListener@5c5c1c54, org.springframework.boot.test.autoconfigure.restdocs.RestDocsTestExecutionListener@4eaf69be, org.springframework.boot.test.autoconfigure.web.client.MockRestServiceServerResetTestExecutionListener@6e754082, org.springframework.boot.test.autoconfigure.web.servlet.MockMvcPrintOnlyOnFailureTestExecutionListener@74fce7c0, org.springframework.boot.test.autoconfigure.web.servlet.WebDriverTestExecutionListener@487eebb7, org.springframework.boot.test.mock.mockito.ResetMocksTestExecutionListener@7da9999f]

  .   ____          _            __ _ _
 /\\ / ___'_ __ _ _(_)_ __  __ _ \ \ \ \
( ( )\___ | '_ | '_| | '_ \/ _` | \ \ \ \
 \\/  ___)| |_)| | | | | || (_| |  ) ) ) )
  '  |____| .__|_| |_|_| |_\__, | / / / /
 =========|_|==============|___/=/_/_/_/
 :: Spring Boot ::        (v2.1.2.RELEASE)

2021-05-26 23:08:47.632  INFO 7788 --- [    Test worker] e.t.i.app.notetests.NoteControllerTest   : Starting NoteControllerTest on davubdell with PID 7788 (started by davub in /home/davub/TEC/DiseÃ±o de Software/Proyecto2/ic-6821-2021i-p2-dub2429)
2021-05-26 23:08:47.634  INFO 7788 --- [    Test worker] e.t.i.app.notetests.NoteControllerTest   : No active profile set, falling back to default profiles: default
2021-05-26 23:08:47.957  INFO 7788 --- [    Test worker] trationDelegate$BeanPostProcessorChecker : Bean 'org.springframework.security.config.annotation.configuration.ObjectPostProcessorConfiguration' of type [org.springframework.security.config.annotation.configuration.ObjectPostProcessorConfiguration$$EnhancerBySpringCGLIB$$7aa883c7] is not eligible for getting processed by all BeanPostProcessors (for example: not eligible for auto-proxying)
2021-05-26 23:08:47.962  INFO 7788 --- [    Test worker] trationDelegate$BeanPostProcessorChecker : Bean 'objectPostProcessor' of type [org.springframework.security.config.annotation.configuration.AutowireBeanFactoryObjectPostProcessor] is not eligible for getting processed by all BeanPostProcessors (for example: not eligible for auto-proxying)
2021-05-26 23:08:47.963  INFO 7788 --- [    Test worker] trationDelegate$BeanPostProcessorChecker : Bean 'org.springframework.security.access.expression.method.DefaultMethodSecurityExpressionHandler@57b082a1' of type [org.springframework.security.access.expression.method.DefaultMethodSecurityExpressionHandler] is not eligible for getting processed by all BeanPostProcessors (for example: not eligible for auto-proxying)
2021-05-26 23:08:47.973  INFO 7788 --- [    Test worker] trationDelegate$BeanPostProcessorChecker : Bean 'org.springframework.security.config.annotation.method.configuration.GlobalMethodSecurityConfiguration' of type [org.springframework.security.config.annotation.method.configuration.GlobalMethodSecurityConfiguration$$EnhancerBySpringCGLIB$$9f7d2679] is not eligible for getting processed by all BeanPostProcessors (for example: not eligible for auto-proxying)
2021-05-26 23:08:47.978  INFO 7788 --- [    Test worker] trationDelegate$BeanPostProcessorChecker : Bean 'methodSecurityMetadataSource' of type [org.springframework.security.access.method.DelegatingMethodSecurityMetadataSource] is not eligible for getting processed by all BeanPostProcessors (for example: not eligible for auto-proxying)
2021-05-26 23:08:48.473  INFO 7788 --- [    Test worker] o.s.s.web.DefaultSecurityFilterChain     : Creating filter chain: any request, [org.springframework.security.web.context.request.async.WebAsyncManagerIntegrationFilter@37e3910f, org.springframework.security.web.context.SecurityContextPersistenceFilter@7b0d548c, org.springframework.security.web.header.HeaderWriterFilter@48442d75, org.springframework.web.filter.CorsFilter@21e88e7b, org.springframework.security.web.authentication.logout.LogoutFilter@6132d488, edu.tec.ic6821.app.identity.config.JwtAuthTokenFilter@25849527, org.springframework.security.web.savedrequest.RequestCacheAwareFilter@184db8ab, org.springframework.security.web.servletapi.SecurityContextHolderAwareRequestFilter@718b1152, org.springframework.security.web.authentication.AnonymousAuthenticationFilter@1851b9b8, org.springframework.security.web.session.SessionManagementFilter@7d7dba99, org.springframework.security.web.access.ExceptionTranslationFilter@7ca3e016, org.springframework.security.web.access.intercept.FilterSecurityInterceptor@7ecae81d]
2021-05-26 23:08:48.725  INFO 7788 --- [    Test worker] o.s.s.concurrent.ThreadPoolTaskExecutor  : Initializing ExecutorService 'applicationTaskExecutor'
2021-05-26 23:08:48.950  INFO 7788 --- [    Test worker] o.s.b.t.m.w.SpringBootMockServletContext : Initializing Spring TestDispatcherServlet ''
2021-05-26 23:08:48.951  INFO 7788 --- [    Test worker] o.s.t.web.servlet.TestDispatcherServlet  : Initializing Servlet ''
2021-05-26 23:08:48.968  INFO 7788 --- [    Test worker] o.s.t.web.servlet.TestDispatcherServlet  : Completed initialization in 17 ms
2021-05-26 23:08:49.029  INFO 7788 --- [    Test worker] e.t.i.app.notetests.NoteControllerTest   : Started NoteControllerTest in 1.435 seconds (JVM running for 19.416)
]]></system-out>
  <system-err><![CDATA[]]></system-err>
</testsuite>
