<?xml version="1.0" encoding="UTF-8"?>
<testsuite name="edu.tec.ic6821.app.users.UserDaoTests" tests="5" skipped="0" failures="0" errors="0" timestamp="2021-10-26T23:47:10" hostname="DESKTOP-BBT0BUV" time="0.055">
  <properties/>
  <testcase name="givenUser_whenCreate_thenReturnUserWithGeneratedId" classname="edu.tec.ic6821.app.users.UserDaoTests" time="0.004"/>
  <testcase name="givenExistingUsername_whenExistsByUsername_thenReturnTrue" classname="edu.tec.ic6821.app.users.UserDaoTests" time="0.017"/>
  <testcase name="givenNonExistingUsername_whenExistsByUsername_thenReturnFalse" classname="edu.tec.ic6821.app.users.UserDaoTests" time="0.006"/>
  <testcase name="givenNonExistingUsername_whenFindByUsername_thenReturnEmpty" classname="edu.tec.ic6821.app.users.UserDaoTests" time="0.011"/>
  <testcase name="givenExistingUser_whenFindByUsername_thenReturnUser" classname="edu.tec.ic6821.app.users.UserDaoTests" time="0.009"/>
  <system-out><![CDATA[2021-10-26 17:47:10.635  INFO 3192 --- [    Test worker] .b.t.c.SpringBootTestContextBootstrapper : Neither @ContextConfiguration nor @ContextHierarchy found for test class [edu.tec.ic6821.app.users.UserDaoTests], using SpringBootContextLoader
2021-10-26 17:47:10.635  INFO 3192 --- [    Test worker] o.s.t.c.support.AbstractContextLoader    : Could not detect default resource locations for test class [edu.tec.ic6821.app.users.UserDaoTests]: no resource found for suffixes {-context.xml, Context.groovy}.
2021-10-26 17:47:10.635  INFO 3192 --- [    Test worker] t.c.s.AnnotationConfigContextLoaderUtils : Could not detect default configuration classes for test class [edu.tec.ic6821.app.users.UserDaoTests]: UserDaoTests does not declare any static, non-private, non-final, nested classes annotated with @Configuration.
2021-10-26 17:47:10.635  INFO 3192 --- [    Test worker] .b.t.c.SpringBootTestContextBootstrapper : Found @SpringBootConfiguration edu.tec.ic6821.app.Application for test class edu.tec.ic6821.app.users.UserDaoTests
2021-10-26 17:47:10.635  INFO 3192 --- [    Test worker] .b.t.c.SpringBootTestContextBootstrapper : Loaded default TestExecutionListener class names from location [META-INF/spring.factories]: [org.springframework.boot.test.autoconfigure.restdocs.RestDocsTestExecutionListener, org.springframework.boot.test.autoconfigure.web.client.MockRestServiceServerResetTestExecutionListener, org.springframework.boot.test.autoconfigure.web.servlet.MockMvcPrintOnlyOnFailureTestExecutionListener, org.springframework.boot.test.autoconfigure.web.servlet.WebDriverTestExecutionListener, org.springframework.boot.test.mock.mockito.MockitoTestExecutionListener, org.springframework.boot.test.mock.mockito.ResetMocksTestExecutionListener, org.springframework.test.context.web.ServletTestExecutionListener, org.springframework.test.context.support.DirtiesContextBeforeModesTestExecutionListener, org.springframework.test.context.support.DependencyInjectionTestExecutionListener, org.springframework.test.context.support.DirtiesContextTestExecutionListener, org.springframework.test.context.transaction.TransactionalTestExecutionListener, org.springframework.test.context.jdbc.SqlScriptsTestExecutionListener]
2021-10-26 17:47:10.635  INFO 3192 --- [    Test worker] .b.t.c.SpringBootTestContextBootstrapper : Using TestExecutionListeners: [org.springframework.test.context.web.ServletTestExecutionListener@701eb1a2, org.springframework.test.context.support.DirtiesContextBeforeModesTestExecutionListener@3284ba2d, org.springframework.boot.test.mock.mockito.MockitoTestExecutionListener@2d672d58, org.springframework.boot.test.autoconfigure.SpringBootDependencyInjectionTestExecutionListener@4a910756, org.springframework.test.context.support.DirtiesContextTestExecutionListener@4f073c07, org.springframework.test.context.transaction.TransactionalTestExecutionListener@5845b218, org.springframework.test.context.jdbc.SqlScriptsTestExecutionListener@4cdc59a5, org.springframework.boot.test.autoconfigure.restdocs.RestDocsTestExecutionListener@eb55cdf, org.springframework.boot.test.autoconfigure.web.client.MockRestServiceServerResetTestExecutionListener@7824be0a, org.springframework.boot.test.autoconfigure.web.servlet.MockMvcPrintOnlyOnFailureTestExecutionListener@d841664, org.springframework.boot.test.autoconfigure.web.servlet.WebDriverTestExecutionListener@23bb7700, org.springframework.boot.test.mock.mockito.ResetMocksTestExecutionListener@74c840c]
]]></system-out>
  <system-err><![CDATA[]]></system-err>
</testsuite>
