<?xml version="1.0" encoding="UTF-8"?>
<testsuite name="edu.tec.ic6821.app.users.UserDaoTests" tests="5" skipped="0" failures="0" errors="0" timestamp="2021-11-04T22:21:04" hostname="DESKTOP-BBT0BUV" time="0.052">
  <properties/>
  <testcase name="givenUser_whenCreate_thenReturnUserWithGeneratedId" classname="edu.tec.ic6821.app.users.UserDaoTests" time="0.005"/>
  <testcase name="givenExistingUsername_whenExistsByUsername_thenReturnTrue" classname="edu.tec.ic6821.app.users.UserDaoTests" time="0.014"/>
  <testcase name="givenNonExistingUsername_whenExistsByUsername_thenReturnFalse" classname="edu.tec.ic6821.app.users.UserDaoTests" time="0.007"/>
  <testcase name="givenNonExistingUsername_whenFindByUsername_thenReturnEmpty" classname="edu.tec.ic6821.app.users.UserDaoTests" time="0.009"/>
  <testcase name="givenExistingUser_whenFindByUsername_thenReturnUser" classname="edu.tec.ic6821.app.users.UserDaoTests" time="0.012"/>
  <system-out><![CDATA[2021-11-04 16:21:04.284  INFO 2340 --- [    Test worker] .b.t.c.SpringBootTestContextBootstrapper : Neither @ContextConfiguration nor @ContextHierarchy found for test class [edu.tec.ic6821.app.users.UserDaoTests], using SpringBootContextLoader
2021-11-04 16:21:04.300  INFO 2340 --- [    Test worker] o.s.t.c.support.AbstractContextLoader    : Could not detect default resource locations for test class [edu.tec.ic6821.app.users.UserDaoTests]: no resource found for suffixes {-context.xml, Context.groovy}.
2021-11-04 16:21:04.300  INFO 2340 --- [    Test worker] t.c.s.AnnotationConfigContextLoaderUtils : Could not detect default configuration classes for test class [edu.tec.ic6821.app.users.UserDaoTests]: UserDaoTests does not declare any static, non-private, non-final, nested classes annotated with @Configuration.
2021-11-04 16:21:04.300  INFO 2340 --- [    Test worker] .b.t.c.SpringBootTestContextBootstrapper : Found @SpringBootConfiguration edu.tec.ic6821.app.Application for test class edu.tec.ic6821.app.users.UserDaoTests
2021-11-04 16:21:04.300  INFO 2340 --- [    Test worker] .b.t.c.SpringBootTestContextBootstrapper : Loaded default TestExecutionListener class names from location [META-INF/spring.factories]: [org.springframework.boot.test.autoconfigure.restdocs.RestDocsTestExecutionListener, org.springframework.boot.test.autoconfigure.web.client.MockRestServiceServerResetTestExecutionListener, org.springframework.boot.test.autoconfigure.web.servlet.MockMvcPrintOnlyOnFailureTestExecutionListener, org.springframework.boot.test.autoconfigure.web.servlet.WebDriverTestExecutionListener, org.springframework.boot.test.mock.mockito.MockitoTestExecutionListener, org.springframework.boot.test.mock.mockito.ResetMocksTestExecutionListener, org.springframework.test.context.web.ServletTestExecutionListener, org.springframework.test.context.support.DirtiesContextBeforeModesTestExecutionListener, org.springframework.test.context.support.DependencyInjectionTestExecutionListener, org.springframework.test.context.support.DirtiesContextTestExecutionListener, org.springframework.test.context.transaction.TransactionalTestExecutionListener, org.springframework.test.context.jdbc.SqlScriptsTestExecutionListener]
2021-11-04 16:21:04.300  INFO 2340 --- [    Test worker] .b.t.c.SpringBootTestContextBootstrapper : Using TestExecutionListeners: [org.springframework.test.context.web.ServletTestExecutionListener@6079a4b2, org.springframework.test.context.support.DirtiesContextBeforeModesTestExecutionListener@377146bf, org.springframework.boot.test.mock.mockito.MockitoTestExecutionListener@1f63f828, org.springframework.boot.test.autoconfigure.SpringBootDependencyInjectionTestExecutionListener@31630d17, org.springframework.test.context.support.DirtiesContextTestExecutionListener@1c9273bd, org.springframework.test.context.transaction.TransactionalTestExecutionListener@21eb8a2e, org.springframework.test.context.jdbc.SqlScriptsTestExecutionListener@21c99483, org.springframework.boot.test.autoconfigure.restdocs.RestDocsTestExecutionListener@86b3e18, org.springframework.boot.test.autoconfigure.web.client.MockRestServiceServerResetTestExecutionListener@7ebab33, org.springframework.boot.test.autoconfigure.web.servlet.MockMvcPrintOnlyOnFailureTestExecutionListener@7a2cfb1a, org.springframework.boot.test.autoconfigure.web.servlet.WebDriverTestExecutionListener@17ac0550, org.springframework.boot.test.mock.mockito.ResetMocksTestExecutionListener@46666243]
]]></system-out>
  <system-err><![CDATA[]]></system-err>
</testsuite>
