<?xml version="1.0" encoding="UTF-8"?>
<testsuite name="edu.tec.ic6821.app.common.EmailServiceTests" tests="1" skipped="0" failures="0" errors="0" timestamp="2021-11-03T04:39:25" hostname="DESKTOP-BBT0BUV" time="1.759">
  <properties/>
  <testcase name="shouldSendSampleMail" classname="edu.tec.ic6821.app.common.EmailServiceTests" time="1.759"/>
  <system-out><![CDATA[2021-11-02 22:39:21.242  INFO 7932 --- [    Test worker] .b.t.c.SpringBootTestContextBootstrapper : Neither @ContextConfiguration nor @ContextHierarchy found for test class [edu.tec.ic6821.app.common.EmailServiceTests], using SpringBootContextLoader
2021-11-02 22:39:21.242  INFO 7932 --- [    Test worker] o.s.t.c.support.AbstractContextLoader    : Could not detect default resource locations for test class [edu.tec.ic6821.app.common.EmailServiceTests]: no resource found for suffixes {-context.xml, Context.groovy}.
2021-11-02 22:39:21.242  INFO 7932 --- [    Test worker] t.c.s.AnnotationConfigContextLoaderUtils : Could not detect default configuration classes for test class [edu.tec.ic6821.app.common.EmailServiceTests]: EmailServiceTests does not declare any static, non-private, non-final, nested classes annotated with @Configuration.
2021-11-02 22:39:21.257  INFO 7932 --- [    Test worker] .b.t.c.SpringBootTestContextBootstrapper : Found @SpringBootConfiguration edu.tec.ic6821.app.Application for test class edu.tec.ic6821.app.common.EmailServiceTests
2021-11-02 22:39:21.273  INFO 7932 --- [    Test worker] .b.t.c.SpringBootTestContextBootstrapper : Loaded default TestExecutionListener class names from location [META-INF/spring.factories]: [org.springframework.boot.test.autoconfigure.restdocs.RestDocsTestExecutionListener, org.springframework.boot.test.autoconfigure.web.client.MockRestServiceServerResetTestExecutionListener, org.springframework.boot.test.autoconfigure.web.servlet.MockMvcPrintOnlyOnFailureTestExecutionListener, org.springframework.boot.test.autoconfigure.web.servlet.WebDriverTestExecutionListener, org.springframework.boot.test.mock.mockito.MockitoTestExecutionListener, org.springframework.boot.test.mock.mockito.ResetMocksTestExecutionListener, org.springframework.test.context.web.ServletTestExecutionListener, org.springframework.test.context.support.DirtiesContextBeforeModesTestExecutionListener, org.springframework.test.context.support.DependencyInjectionTestExecutionListener, org.springframework.test.context.support.DirtiesContextTestExecutionListener, org.springframework.test.context.transaction.TransactionalTestExecutionListener, org.springframework.test.context.jdbc.SqlScriptsTestExecutionListener]
2021-11-02 22:39:21.273  INFO 7932 --- [    Test worker] .b.t.c.SpringBootTestContextBootstrapper : Using TestExecutionListeners: [org.springframework.test.context.web.ServletTestExecutionListener@49824a52, org.springframework.test.context.support.DirtiesContextBeforeModesTestExecutionListener@70bf68da, org.springframework.boot.test.mock.mockito.MockitoTestExecutionListener@3adc56dd, org.springframework.boot.test.autoconfigure.SpringBootDependencyInjectionTestExecutionListener@31c39d40, org.springframework.test.context.support.DirtiesContextTestExecutionListener@6a4891f0, org.springframework.test.context.transaction.TransactionalTestExecutionListener@61badddb, org.springframework.test.context.jdbc.SqlScriptsTestExecutionListener@3988058f, org.springframework.boot.test.autoconfigure.restdocs.RestDocsTestExecutionListener@148cb663, org.springframework.boot.test.autoconfigure.web.client.MockRestServiceServerResetTestExecutionListener@3a656213, org.springframework.boot.test.autoconfigure.web.servlet.MockMvcPrintOnlyOnFailureTestExecutionListener@d863481, org.springframework.boot.test.autoconfigure.web.servlet.WebDriverTestExecutionListener@745bfcc3, org.springframework.boot.test.mock.mockito.ResetMocksTestExecutionListener@5157385]

  .   ____          _            __ _ _
 /\\ / ___'_ __ _ _(_)_ __  __ _ \ \ \ \
( ( )\___ | '_ | '_| | '_ \/ _` | \ \ \ \
 \\/  ___)| |_)| | | | | || (_| |  ) ) ) )
  '  |____| .__|_| |_|_| |_\__, | / / / /
 =========|_|==============|___/=/_/_/_/
 :: Spring Boot ::        (v2.1.2.RELEASE)

2021-11-02 22:39:21.351  INFO 7932 --- [    Test worker] e.t.ic6821.app.common.EmailServiceTests  : Starting EmailServiceTests on DESKTOP-BBT0BUV with PID 7932 (started by Brenda in C:\Users\Brenda\Desktop\Proyecto QA\Proyecto-Notas-QA)
2021-11-02 22:39:21.351  INFO 7932 --- [    Test worker] e.t.ic6821.app.common.EmailServiceTests  : No active profile set, falling back to default profiles: default
2021-11-02 22:39:22.054  INFO 7932 --- [    Test worker] .s.d.r.c.RepositoryConfigurationDelegate : Bootstrapping Spring Data repositories in DEFAULT mode.
2021-11-02 22:39:22.117  INFO 7932 --- [    Test worker] .s.d.r.c.RepositoryConfigurationDelegate : Finished Spring Data repository scanning in 63ms. Found 0 repository interfaces.
2021-11-02 22:39:22.320  INFO 7932 --- [    Test worker] trationDelegate$BeanPostProcessorChecker : Bean 'org.springframework.transaction.annotation.ProxyTransactionManagementConfiguration' of type [org.springframework.transaction.annotation.ProxyTransactionManagementConfiguration$$EnhancerBySpringCGLIB$$ec478db4] is not eligible for getting processed by all BeanPostProcessors (for example: not eligible for auto-proxying)
2021-11-02 22:39:22.382  INFO 7932 --- [    Test worker] trationDelegate$BeanPostProcessorChecker : Bean 'org.springframework.security.config.annotation.configuration.ObjectPostProcessorConfiguration' of type [org.springframework.security.config.annotation.configuration.ObjectPostProcessorConfiguration$$EnhancerBySpringCGLIB$$84f555ee] is not eligible for getting processed by all BeanPostProcessors (for example: not eligible for auto-proxying)
2021-11-02 22:39:22.398  INFO 7932 --- [    Test worker] trationDelegate$BeanPostProcessorChecker : Bean 'objectPostProcessor' of type [org.springframework.security.config.annotation.configuration.AutowireBeanFactoryObjectPostProcessor] is not eligible for getting processed by all BeanPostProcessors (for example: not eligible for auto-proxying)
2021-11-02 22:39:22.398  INFO 7932 --- [    Test worker] trationDelegate$BeanPostProcessorChecker : Bean 'org.springframework.security.access.expression.method.DefaultMethodSecurityExpressionHandler@1699d9bd' of type [org.springframework.security.access.expression.method.DefaultMethodSecurityExpressionHandler] is not eligible for getting processed by all BeanPostProcessors (for example: not eligible for auto-proxying)
2021-11-02 22:39:22.413  INFO 7932 --- [    Test worker] trationDelegate$BeanPostProcessorChecker : Bean 'org.springframework.security.config.annotation.method.configuration.GlobalMethodSecurityConfiguration' of type [org.springframework.security.config.annotation.method.configuration.GlobalMethodSecurityConfiguration$$EnhancerBySpringCGLIB$$a9c9f8a0] is not eligible for getting processed by all BeanPostProcessors (for example: not eligible for auto-proxying)
2021-11-02 22:39:22.413  INFO 7932 --- [    Test worker] trationDelegate$BeanPostProcessorChecker : Bean 'methodSecurityMetadataSource' of type [org.springframework.security.access.method.DelegatingMethodSecurityMetadataSource] is not eligible for getting processed by all BeanPostProcessors (for example: not eligible for auto-proxying)
2021-11-02 22:39:22.617  INFO 7932 --- [    Test worker] com.zaxxer.hikari.HikariDataSource       : HikariPool-2 - Starting...
2021-11-02 22:39:22.617  WARN 7932 --- [    Test worker] com.zaxxer.hikari.util.DriverDataSource  : Registered driver with driverClassName=org.hsqldb.jdbcDriver was not found, trying direct instantiation.
2021-11-02 22:39:22.617  INFO 7932 --- [    Test worker] com.zaxxer.hikari.pool.PoolBase          : HikariPool-2 - Driver does not support get/set network timeout for connections. (caracterÃ­stica no soportada)
2021-11-02 22:39:22.617  INFO 7932 --- [    Test worker] com.zaxxer.hikari.HikariDataSource       : HikariPool-2 - Start completed.
2021-11-02 22:39:22.617  INFO 7932 --- [    Test worker] o.f.c.internal.database.DatabaseFactory  : Database: jdbc:hsqldb:mem:testdb (HSQL Database Engine 2.4)
2021-11-02 22:39:22.648  INFO 7932 --- [    Test worker] o.f.core.internal.command.DbValidate     : Successfully validated 2 migrations (execution time 00:00.013s)
2021-11-02 22:39:22.648  INFO 7932 --- [    Test worker] o.f.core.internal.command.DbMigrate      : Current version of schema "PUBLIC": 0002
2021-11-02 22:39:22.648  INFO 7932 --- [    Test worker] o.f.core.internal.command.DbMigrate      : Schema "PUBLIC" is up to date. No migration necessary.
2021-11-02 22:39:22.867  INFO 7932 --- [    Test worker] o.hibernate.jpa.internal.util.LogHelper  : HHH000204: Processing PersistenceUnitInfo [
	name: default
	...]
2021-11-02 22:39:22.913  INFO 7932 --- [    Test worker] org.hibernate.dialect.Dialect            : HHH000400: Using dialect: org.hibernate.dialect.HSQLDialect
2021-11-02 22:39:22.960  INFO 7932 --- [    Test worker] j.LocalContainerEntityManagerFactoryBean : Initialized JPA EntityManagerFactory for persistence unit 'default'
2021-11-02 22:39:23.867  WARN 7932 --- [    Test worker] aWebConfiguration$JpaWebMvcConfiguration : spring.jpa.open-in-view is enabled by default. Therefore, database queries may be performed during view rendering. Explicitly configure spring.jpa.open-in-view to disable this warning
2021-11-02 22:39:24.116  INFO 7932 --- [    Test worker] o.s.s.web.DefaultSecurityFilterChain     : Creating filter chain: any request, [org.springframework.security.web.context.request.async.WebAsyncManagerIntegrationFilter@4eff35a6, org.springframework.security.web.context.SecurityContextPersistenceFilter@57adb61c, org.springframework.security.web.header.HeaderWriterFilter@2e7c20db, org.springframework.web.filter.CorsFilter@157d88ef, org.springframework.security.web.authentication.logout.LogoutFilter@69ac16af, edu.tec.ic6821.app.identity.config.JwtAuthTokenFilter@17f2c07b, org.springframework.security.web.savedrequest.RequestCacheAwareFilter@7b764fc5, org.springframework.security.web.servletapi.SecurityContextHolderAwareRequestFilter@3443c288, org.springframework.security.web.authentication.AnonymousAuthenticationFilter@3cce05fc, org.springframework.security.web.session.SessionManagementFilter@7d7418cf, org.springframework.security.web.access.ExceptionTranslationFilter@3ed254b8, org.springframework.security.web.access.intercept.FilterSecurityInterceptor@5e639f3f]
2021-11-02 22:39:24.866  INFO 7932 --- [    Test worker] o.s.s.concurrent.ThreadPoolTaskExecutor  : Initializing ExecutorService 'applicationTaskExecutor'
2021-11-02 22:39:25.663  INFO 7932 --- [    Test worker] e.t.ic6821.app.common.EmailServiceTests  : Started EmailServiceTests in 4.39 seconds (JVM running for 23.01)
2021-11-02 22:39:27.413  INFO 7932 --- [127.0.0.1:58678] com.icegreen.greenmail.smtp.SmtpManager  : Created user login someone@somemail.com for address someone@somemail.com with password someone@somemail.com because it didn't exist before.
receivedMessages[0] = <!DOCTYPE html>
<html lang="en" xmlns="http://www.w3.org/1999/xhtml">
<head></head>
<body>
<h1>!Hola <span>Fulanito</span>!</h1>
</body>
</html>

]]></system-out>
  <system-err><![CDATA[]]></system-err>
</testsuite>
