<?xml version="1.0" encoding="UTF-8"?>
<testsuite name="edu.tec.ic6821.app.notetests.NoteDaoTest" tests="1" skipped="0" failures="0" errors="0" timestamp="2021-05-27T05:08:47" hostname="davubdell" time="0.031">
  <properties/>
  <testcase name="givenNote_whenCreate_thenReturnNoteWithGeneratedId" classname="edu.tec.ic6821.app.notetests.NoteDaoTest" time="0.031"/>
  <system-out><![CDATA[2021-05-26 23:08:47.520  INFO 7788 --- [    Test worker] .b.t.c.SpringBootTestContextBootstrapper : Neither @ContextConfiguration nor @ContextHierarchy found for test class [edu.tec.ic6821.app.notetests.NoteDaoTest], using SpringBootContextLoader
2021-05-26 23:08:47.521  INFO 7788 --- [    Test worker] o.s.t.c.support.AbstractContextLoader    : Could not detect default resource locations for test class [edu.tec.ic6821.app.notetests.NoteDaoTest]: no resource found for suffixes {-context.xml, Context.groovy}.
2021-05-26 23:08:47.522  INFO 7788 --- [    Test worker] t.c.s.AnnotationConfigContextLoaderUtils : Could not detect default configuration classes for test class [edu.tec.ic6821.app.notetests.NoteDaoTest]: NoteDaoTest does not declare any static, non-private, non-final, nested classes annotated with @Configuration.
2021-05-26 23:08:47.532  INFO 7788 --- [    Test worker] .b.t.c.SpringBootTestContextBootstrapper : Found @SpringBootConfiguration edu.tec.ic6821.app.Application for test class edu.tec.ic6821.app.notetests.NoteDaoTest
2021-05-26 23:08:47.534  INFO 7788 --- [    Test worker] .b.t.c.SpringBootTestContextBootstrapper : Loaded default TestExecutionListener class names from location [META-INF/spring.factories]: [org.springframework.boot.test.autoconfigure.restdocs.RestDocsTestExecutionListener, org.springframework.boot.test.autoconfigure.web.client.MockRestServiceServerResetTestExecutionListener, org.springframework.boot.test.autoconfigure.web.servlet.MockMvcPrintOnlyOnFailureTestExecutionListener, org.springframework.boot.test.autoconfigure.web.servlet.WebDriverTestExecutionListener, org.springframework.boot.test.mock.mockito.MockitoTestExecutionListener, org.springframework.boot.test.mock.mockito.ResetMocksTestExecutionListener, org.springframework.test.context.web.ServletTestExecutionListener, org.springframework.test.context.support.DirtiesContextBeforeModesTestExecutionListener, org.springframework.test.context.support.DependencyInjectionTestExecutionListener, org.springframework.test.context.support.DirtiesContextTestExecutionListener, org.springframework.test.context.transaction.TransactionalTestExecutionListener, org.springframework.test.context.jdbc.SqlScriptsTestExecutionListener]
2021-05-26 23:08:47.535  INFO 7788 --- [    Test worker] .b.t.c.SpringBootTestContextBootstrapper : Using TestExecutionListeners: [org.springframework.test.context.web.ServletTestExecutionListener@7d9e9d20, org.springframework.test.context.support.DirtiesContextBeforeModesTestExecutionListener@62a0621f, org.springframework.boot.test.mock.mockito.MockitoTestExecutionListener@305e1e92, org.springframework.boot.test.autoconfigure.SpringBootDependencyInjectionTestExecutionListener@18be6360, org.springframework.test.context.support.DirtiesContextTestExecutionListener@11408aca, org.springframework.test.context.transaction.TransactionalTestExecutionListener@7011b267, org.springframework.test.context.jdbc.SqlScriptsTestExecutionListener@307b9879, org.springframework.boot.test.autoconfigure.restdocs.RestDocsTestExecutionListener@5b354875, org.springframework.boot.test.autoconfigure.web.client.MockRestServiceServerResetTestExecutionListener@4eb68f03, org.springframework.boot.test.autoconfigure.web.servlet.MockMvcPrintOnlyOnFailureTestExecutionListener@33c99e38, org.springframework.boot.test.autoconfigure.web.servlet.WebDriverTestExecutionListener@5f1d7068, org.springframework.boot.test.mock.mockito.ResetMocksTestExecutionListener@2e9aed1e]
]]></system-out>
  <system-err><![CDATA[]]></system-err>
</testsuite>
