<?xml version="1.0" encoding="UTF-8"?>
<testsuite name="edu.tec.ic6821.app.users.UserServiceTests" tests="2" skipped="0" failures="0" errors="0" timestamp="2021-10-17T23:21:57" hostname="DESKTOP-BBT0BUV" time="0.446">
  <properties/>
  <testcase name="givenNewUsername_whenCreate_thenReturnNewUser" classname="edu.tec.ic6821.app.users.UserServiceTests" time="0.437"/>
  <testcase name="givenExistingUsername_whenCreate_thenReturnEmpty" classname="edu.tec.ic6821.app.users.UserServiceTests" time="0.005"/>
  <system-out><![CDATA[2021-10-17 17:21:57.672  INFO 7816 --- [    Test worker] o.s.t.c.s.DefaultTestContextBootstrapper : Neither @ContextConfiguration nor @ContextHierarchy found for test class [edu.tec.ic6821.app.users.UserServiceTests], using DelegatingSmartContextLoader
2021-10-17 17:21:57.688  INFO 7816 --- [    Test worker] o.s.t.c.support.AbstractContextLoader    : Could not detect default resource locations for test class [edu.tec.ic6821.app.users.UserServiceTests]: no resource found for suffixes {-context.xml}.
2021-10-17 17:21:57.688  INFO 7816 --- [    Test worker] c.s.AbstractDelegatingSmartContextLoader : AnnotationConfigContextLoader detected default configuration classes for context configuration [ContextConfigurationAttributes@e75dd38 declaringClass = 'edu.tec.ic6821.app.users.UserServiceTests', classes = '{class edu.tec.ic6821.app.users.UserServiceTests$UserServiceTestsConfiguration}', locations = '{}', inheritLocations = false, initializers = '{}', inheritInitializers = true, name = [null], contextLoaderClass = 'org.springframework.test.context.ContextLoader'].
2021-10-17 17:21:57.688  INFO 7816 --- [    Test worker] o.s.t.c.s.DefaultTestContextBootstrapper : Loaded default TestExecutionListener class names from location [META-INF/spring.factories]: [org.springframework.boot.test.autoconfigure.restdocs.RestDocsTestExecutionListener, org.springframework.boot.test.autoconfigure.web.client.MockRestServiceServerResetTestExecutionListener, org.springframework.boot.test.autoconfigure.web.servlet.MockMvcPrintOnlyOnFailureTestExecutionListener, org.springframework.boot.test.autoconfigure.web.servlet.WebDriverTestExecutionListener, org.springframework.boot.test.mock.mockito.MockitoTestExecutionListener, org.springframework.boot.test.mock.mockito.ResetMocksTestExecutionListener, org.springframework.test.context.web.ServletTestExecutionListener, org.springframework.test.context.support.DirtiesContextBeforeModesTestExecutionListener, org.springframework.test.context.support.DependencyInjectionTestExecutionListener, org.springframework.test.context.support.DirtiesContextTestExecutionListener, org.springframework.test.context.transaction.TransactionalTestExecutionListener, org.springframework.test.context.jdbc.SqlScriptsTestExecutionListener]
2021-10-17 17:21:57.688  INFO 7816 --- [    Test worker] o.s.t.c.s.DefaultTestContextBootstrapper : Using TestExecutionListeners: [org.springframework.test.context.web.ServletTestExecutionListener@1d00f6c8, org.springframework.test.context.support.DirtiesContextBeforeModesTestExecutionListener@28e9885f, org.springframework.boot.test.mock.mockito.MockitoTestExecutionListener@61773d81, org.springframework.test.context.support.DependencyInjectionTestExecutionListener@41cbb08a, org.springframework.test.context.support.DirtiesContextTestExecutionListener@5b67b8cd, org.springframework.test.context.transaction.TransactionalTestExecutionListener@3f28688e, org.springframework.test.context.jdbc.SqlScriptsTestExecutionListener@676bd1df, org.springframework.boot.test.autoconfigure.restdocs.RestDocsTestExecutionListener@7b387258, org.springframework.boot.test.autoconfigure.web.client.MockRestServiceServerResetTestExecutionListener@1dff0c22, org.springframework.boot.test.autoconfigure.web.servlet.MockMvcPrintOnlyOnFailureTestExecutionListener@616f7b0b, org.springframework.boot.test.autoconfigure.web.servlet.WebDriverTestExecutionListener@58b3abd0, org.springframework.boot.test.mock.mockito.ResetMocksTestExecutionListener@60a1a82c]
]]></system-out>
  <system-err><![CDATA[]]></system-err>
</testsuite>
