<?xml version="1.0" encoding="UTF-8"?>
<testsuite name="edu.tec.ic6821.app.greetings.GreetingControllerTests" tests="1" skipped="0" failures="0" errors="0" timestamp="2021-11-04T22:20:58" hostname="DESKTOP-BBT0BUV" time="0.317">
  <properties/>
  <testcase name="whenGreet_thenSendGreeting" classname="edu.tec.ic6821.app.greetings.GreetingControllerTests" time="0.317"/>
  <system-out><![CDATA[2021-11-04 16:20:56.400  INFO 2340 --- [    Test worker] .b.t.a.w.s.WebMvcTestContextBootstrapper : Neither @ContextConfiguration nor @ContextHierarchy found for test class [edu.tec.ic6821.app.greetings.GreetingControllerTests], using SpringBootContextLoader
2021-11-04 16:20:56.400  INFO 2340 --- [    Test worker] o.s.t.c.support.AbstractContextLoader    : Could not detect default resource locations for test class [edu.tec.ic6821.app.greetings.GreetingControllerTests]: no resource found for suffixes {-context.xml, Context.groovy}.
2021-11-04 16:20:56.400  INFO 2340 --- [    Test worker] t.c.s.AnnotationConfigContextLoaderUtils : Could not detect default configuration classes for test class [edu.tec.ic6821.app.greetings.GreetingControllerTests]: GreetingControllerTests does not declare any static, non-private, non-final, nested classes annotated with @Configuration.
2021-11-04 16:20:56.447  INFO 2340 --- [    Test worker] .b.t.c.SpringBootTestContextBootstrapper : Found @SpringBootConfiguration edu.tec.ic6821.app.Application for test class edu.tec.ic6821.app.greetings.GreetingControllerTests
2021-11-04 16:20:56.447  INFO 2340 --- [    Test worker] .b.t.a.w.s.WebMvcTestContextBootstrapper : Loaded default TestExecutionListener class names from location [META-INF/spring.factories]: [org.springframework.boot.test.autoconfigure.restdocs.RestDocsTestExecutionListener, org.springframework.boot.test.autoconfigure.web.client.MockRestServiceServerResetTestExecutionListener, org.springframework.boot.test.autoconfigure.web.servlet.MockMvcPrintOnlyOnFailureTestExecutionListener, org.springframework.boot.test.autoconfigure.web.servlet.WebDriverTestExecutionListener, org.springframework.boot.test.mock.mockito.MockitoTestExecutionListener, org.springframework.boot.test.mock.mockito.ResetMocksTestExecutionListener, org.springframework.test.context.web.ServletTestExecutionListener, org.springframework.test.context.support.DirtiesContextBeforeModesTestExecutionListener, org.springframework.test.context.support.DependencyInjectionTestExecutionListener, org.springframework.test.context.support.DirtiesContextTestExecutionListener, org.springframework.test.context.transaction.TransactionalTestExecutionListener, org.springframework.test.context.jdbc.SqlScriptsTestExecutionListener]
2021-11-04 16:20:56.447  INFO 2340 --- [    Test worker] .b.t.a.w.s.WebMvcTestContextBootstrapper : Using TestExecutionListeners: [org.springframework.test.context.web.ServletTestExecutionListener@7a332074, org.springframework.test.context.support.DirtiesContextBeforeModesTestExecutionListener@faecec, org.springframework.boot.test.mock.mockito.MockitoTestExecutionListener@3a8399f9, org.springframework.boot.test.autoconfigure.SpringBootDependencyInjectionTestExecutionListener@33f7d671, org.springframework.test.context.support.DirtiesContextTestExecutionListener@502470fb, org.springframework.test.context.transaction.TransactionalTestExecutionListener@76e6b9f, org.springframework.test.context.jdbc.SqlScriptsTestExecutionListener@218466da, org.springframework.boot.test.autoconfigure.restdocs.RestDocsTestExecutionListener@2ccd78c5, org.springframework.boot.test.autoconfigure.web.client.MockRestServiceServerResetTestExecutionListener@5f1d760f, org.springframework.boot.test.autoconfigure.web.servlet.MockMvcPrintOnlyOnFailureTestExecutionListener@2bdbdce0, org.springframework.boot.test.autoconfigure.web.servlet.WebDriverTestExecutionListener@296bcdf7, org.springframework.boot.test.mock.mockito.ResetMocksTestExecutionListener@6e27834f]

  .   ____          _            __ _ _
 /\\ / ___'_ __ _ _(_)_ __  __ _ \ \ \ \
( ( )\___ | '_ | '_| | '_ \/ _` | \ \ \ \
 \\/  ___)| |_)| | | | | || (_| |  ) ) ) )
  '  |____| .__|_| |_|_| |_\__, | / / / /
 =========|_|==============|___/=/_/_/_/
 :: Spring Boot ::        (v2.1.2.RELEASE)

2021-11-04 16:20:56.510  INFO 2340 --- [    Test worker] e.t.i.a.g.GreetingControllerTests        : Starting GreetingControllerTests on DESKTOP-BBT0BUV with PID 2340 (started by Brenda in C:\Users\Brenda\Desktop\Proyecto QA\Proyecto-Notas-QA)
2021-11-04 16:20:56.510  INFO 2340 --- [    Test worker] e.t.i.a.g.GreetingControllerTests        : No active profile set, falling back to default profiles: default
2021-11-04 16:20:57.338  INFO 2340 --- [    Test worker] trationDelegate$BeanPostProcessorChecker : Bean 'org.springframework.security.config.annotation.configuration.ObjectPostProcessorConfiguration' of type [org.springframework.security.config.annotation.configuration.ObjectPostProcessorConfiguration$$EnhancerBySpringCGLIB$$fcf6e268] is not eligible for getting processed by all BeanPostProcessors (for example: not eligible for auto-proxying)
2021-11-04 16:20:57.353  INFO 2340 --- [    Test worker] trationDelegate$BeanPostProcessorChecker : Bean 'objectPostProcessor' of type [org.springframework.security.config.annotation.configuration.AutowireBeanFactoryObjectPostProcessor] is not eligible for getting processed by all BeanPostProcessors (for example: not eligible for auto-proxying)
2021-11-04 16:20:57.353  INFO 2340 --- [    Test worker] trationDelegate$BeanPostProcessorChecker : Bean 'org.springframework.security.access.expression.method.DefaultMethodSecurityExpressionHandler@666bfcbb' of type [org.springframework.security.access.expression.method.DefaultMethodSecurityExpressionHandler] is not eligible for getting processed by all BeanPostProcessors (for example: not eligible for auto-proxying)
2021-11-04 16:20:57.369  INFO 2340 --- [    Test worker] trationDelegate$BeanPostProcessorChecker : Bean 'org.springframework.security.config.annotation.method.configuration.GlobalMethodSecurityConfiguration' of type [org.springframework.security.config.annotation.method.configuration.GlobalMethodSecurityConfiguration$$EnhancerBySpringCGLIB$$21cb851a] is not eligible for getting processed by all BeanPostProcessors (for example: not eligible for auto-proxying)
2021-11-04 16:20:57.369  INFO 2340 --- [    Test worker] trationDelegate$BeanPostProcessorChecker : Bean 'methodSecurityMetadataSource' of type [org.springframework.security.access.method.DelegatingMethodSecurityMetadataSource] is not eligible for getting processed by all BeanPostProcessors (for example: not eligible for auto-proxying)
2021-11-04 16:20:57.900  INFO 2340 --- [    Test worker] o.s.s.web.DefaultSecurityFilterChain     : Creating filter chain: any request, [org.springframework.security.web.context.request.async.WebAsyncManagerIntegrationFilter@4fd8df8f, org.springframework.security.web.context.SecurityContextPersistenceFilter@364f46e, org.springframework.security.web.header.HeaderWriterFilter@78cc6b41, org.springframework.web.filter.CorsFilter@bc29fde, org.springframework.security.web.authentication.logout.LogoutFilter@6c245d15, edu.tec.ic6821.app.identity.config.JwtAuthTokenFilter@26fe24a4, org.springframework.security.web.savedrequest.RequestCacheAwareFilter@771ea513, org.springframework.security.web.servletapi.SecurityContextHolderAwareRequestFilter@6c134ed2, org.springframework.security.web.authentication.AnonymousAuthenticationFilter@56d0f248, org.springframework.security.web.session.SessionManagementFilter@46f8c9ec, org.springframework.security.web.access.ExceptionTranslationFilter@71f0afce, org.springframework.security.web.access.intercept.FilterSecurityInterceptor@6a71aaa4]
2021-11-04 16:20:58.260  INFO 2340 --- [    Test worker] o.s.s.concurrent.ThreadPoolTaskExecutor  : Initializing ExecutorService 'applicationTaskExecutor'
2021-11-04 16:20:58.525  INFO 2340 --- [    Test worker] o.s.b.t.m.w.SpringBootMockServletContext : Initializing Spring TestDispatcherServlet ''
2021-11-04 16:20:58.525  INFO 2340 --- [    Test worker] o.s.t.web.servlet.TestDispatcherServlet  : Initializing Servlet ''
2021-11-04 16:20:58.556  INFO 2340 --- [    Test worker] o.s.t.web.servlet.TestDispatcherServlet  : Completed initialization in 31 ms
2021-11-04 16:20:58.603  INFO 2340 --- [    Test worker] e.t.i.a.g.GreetingControllerTests        : Started GreetingControllerTests in 2.14 seconds (JVM running for 21.882)
]]></system-out>
  <system-err><![CDATA[]]></system-err>
</testsuite>
