<?xml version="1.0" encoding="UTF-8"?>
<testsuite name="edu.tec.ic6821.app.users.UserServiceTests" tests="2" skipped="0" failures="0" errors="0" timestamp="2021-11-04T22:21:04" hostname="DESKTOP-BBT0BUV" time="0.294">
  <properties/>
  <testcase name="givenNewUsername_whenCreate_thenReturnNewUser" classname="edu.tec.ic6821.app.users.UserServiceTests" time="0.29"/>
  <testcase name="givenExistingUsername_whenCreate_thenReturnEmpty" classname="edu.tec.ic6821.app.users.UserServiceTests" time="0.004"/>
  <system-out><![CDATA[2021-11-04 16:21:04.363  INFO 2340 --- [    Test worker] o.s.t.c.s.DefaultTestContextBootstrapper : Neither @ContextConfiguration nor @ContextHierarchy found for test class [edu.tec.ic6821.app.users.UserServiceTests], using DelegatingSmartContextLoader
2021-11-04 16:21:04.363  INFO 2340 --- [    Test worker] o.s.t.c.support.AbstractContextLoader    : Could not detect default resource locations for test class [edu.tec.ic6821.app.users.UserServiceTests]: no resource found for suffixes {-context.xml}.
2021-11-04 16:21:04.363  INFO 2340 --- [    Test worker] c.s.AbstractDelegatingSmartContextLoader : AnnotationConfigContextLoader detected default configuration classes for context configuration [ContextConfigurationAttributes@34c9f9fe declaringClass = 'edu.tec.ic6821.app.users.UserServiceTests', classes = '{class edu.tec.ic6821.app.users.UserServiceTests$UserServiceTestsConfiguration}', locations = '{}', inheritLocations = false, initializers = '{}', inheritInitializers = true, name = [null], contextLoaderClass = 'org.springframework.test.context.ContextLoader'].
2021-11-04 16:21:04.363  INFO 2340 --- [    Test worker] o.s.t.c.s.DefaultTestContextBootstrapper : Loaded default TestExecutionListener class names from location [META-INF/spring.factories]: [org.springframework.boot.test.autoconfigure.restdocs.RestDocsTestExecutionListener, org.springframework.boot.test.autoconfigure.web.client.MockRestServiceServerResetTestExecutionListener, org.springframework.boot.test.autoconfigure.web.servlet.MockMvcPrintOnlyOnFailureTestExecutionListener, org.springframework.boot.test.autoconfigure.web.servlet.WebDriverTestExecutionListener, org.springframework.boot.test.mock.mockito.MockitoTestExecutionListener, org.springframework.boot.test.mock.mockito.ResetMocksTestExecutionListener, org.springframework.test.context.web.ServletTestExecutionListener, org.springframework.test.context.support.DirtiesContextBeforeModesTestExecutionListener, org.springframework.test.context.support.DependencyInjectionTestExecutionListener, org.springframework.test.context.support.DirtiesContextTestExecutionListener, org.springframework.test.context.transaction.TransactionalTestExecutionListener, org.springframework.test.context.jdbc.SqlScriptsTestExecutionListener]
2021-11-04 16:21:04.378  INFO 2340 --- [    Test worker] o.s.t.c.s.DefaultTestContextBootstrapper : Using TestExecutionListeners: [org.springframework.test.context.web.ServletTestExecutionListener@1bd35a0d, org.springframework.test.context.support.DirtiesContextBeforeModesTestExecutionListener@11bf206a, org.springframework.boot.test.mock.mockito.MockitoTestExecutionListener@25cbbb82, org.springframework.test.context.support.DependencyInjectionTestExecutionListener@5eb6a0cc, org.springframework.test.context.support.DirtiesContextTestExecutionListener@5fb48a25, org.springframework.test.context.transaction.TransactionalTestExecutionListener@37e05dc9, org.springframework.test.context.jdbc.SqlScriptsTestExecutionListener@4f0fe71c, org.springframework.boot.test.autoconfigure.restdocs.RestDocsTestExecutionListener@24d48ef1, org.springframework.boot.test.autoconfigure.web.client.MockRestServiceServerResetTestExecutionListener@5f4addec, org.springframework.boot.test.autoconfigure.web.servlet.MockMvcPrintOnlyOnFailureTestExecutionListener@6a71ddd9, org.springframework.boot.test.autoconfigure.web.servlet.WebDriverTestExecutionListener@5af6f08c, org.springframework.boot.test.mock.mockito.ResetMocksTestExecutionListener@5a555e25]
]]></system-out>
  <system-err><![CDATA[]]></system-err>
</testsuite>
