<?xml version="1.0" encoding="UTF-8"?>
<testsuite name="edu.tec.ic6821.app.users.UserControllerTests" tests="3" skipped="0" failures="0" errors="0" timestamp="2021-10-25T01:25:58" hostname="DESKTOP-BBT0BUV" time="0.407">
  <properties/>
  <testcase name="givenEmptyUsername_whenSignUp_thenSendBadRequest" classname="edu.tec.ic6821.app.users.UserControllerTests" time="0.146"/>
  <testcase name="givenEmptyPassword_whenSignUp_thenSendBadRequest" classname="edu.tec.ic6821.app.users.UserControllerTests" time="0.008"/>
  <testcase name="givenValidCredentials_whenSignUp_thenSendUser" classname="edu.tec.ic6821.app.users.UserControllerTests" time="0.249"/>
  <system-out><![CDATA[2021-10-24 19:25:56.623  INFO 6508 --- [    Test worker] .b.t.a.w.s.WebMvcTestContextBootstrapper : Neither @ContextConfiguration nor @ContextHierarchy found for test class [edu.tec.ic6821.app.users.UserControllerTests], using SpringBootContextLoader
2021-10-24 19:25:56.623  INFO 6508 --- [    Test worker] o.s.t.c.support.AbstractContextLoader    : Could not detect default resource locations for test class [edu.tec.ic6821.app.users.UserControllerTests]: no resource found for suffixes {-context.xml, Context.groovy}.
2021-10-24 19:25:56.623  INFO 6508 --- [    Test worker] t.c.s.AnnotationConfigContextLoaderUtils : Could not detect default configuration classes for test class [edu.tec.ic6821.app.users.UserControllerTests]: UserControllerTests does not declare any static, non-private, non-final, nested classes annotated with @Configuration.
2021-10-24 19:25:56.654  INFO 6508 --- [    Test worker] .b.t.c.SpringBootTestContextBootstrapper : Found @SpringBootConfiguration edu.tec.ic6821.app.Application for test class edu.tec.ic6821.app.users.UserControllerTests
2021-10-24 19:25:56.654  INFO 6508 --- [    Test worker] .b.t.a.w.s.WebMvcTestContextBootstrapper : Loaded default TestExecutionListener class names from location [META-INF/spring.factories]: [org.springframework.boot.test.autoconfigure.restdocs.RestDocsTestExecutionListener, org.springframework.boot.test.autoconfigure.web.client.MockRestServiceServerResetTestExecutionListener, org.springframework.boot.test.autoconfigure.web.servlet.MockMvcPrintOnlyOnFailureTestExecutionListener, org.springframework.boot.test.autoconfigure.web.servlet.WebDriverTestExecutionListener, org.springframework.boot.test.mock.mockito.MockitoTestExecutionListener, org.springframework.boot.test.mock.mockito.ResetMocksTestExecutionListener, org.springframework.test.context.web.ServletTestExecutionListener, org.springframework.test.context.support.DirtiesContextBeforeModesTestExecutionListener, org.springframework.test.context.support.DependencyInjectionTestExecutionListener, org.springframework.test.context.support.DirtiesContextTestExecutionListener, org.springframework.test.context.transaction.TransactionalTestExecutionListener, org.springframework.test.context.jdbc.SqlScriptsTestExecutionListener]
2021-10-24 19:25:56.654  INFO 6508 --- [    Test worker] .b.t.a.w.s.WebMvcTestContextBootstrapper : Using TestExecutionListeners: [org.springframework.test.context.web.ServletTestExecutionListener@7c306ad9, org.springframework.test.context.support.DirtiesContextBeforeModesTestExecutionListener@1b6a2e07, org.springframework.boot.test.mock.mockito.MockitoTestExecutionListener@55735cf2, org.springframework.boot.test.autoconfigure.SpringBootDependencyInjectionTestExecutionListener@2283bf5a, org.springframework.test.context.support.DirtiesContextTestExecutionListener@5d1a7f71, org.springframework.test.context.transaction.TransactionalTestExecutionListener@17ca68c3, org.springframework.test.context.jdbc.SqlScriptsTestExecutionListener@58113204, org.springframework.boot.test.autoconfigure.restdocs.RestDocsTestExecutionListener@67572f33, org.springframework.boot.test.autoconfigure.web.client.MockRestServiceServerResetTestExecutionListener@69b8355f, org.springframework.boot.test.autoconfigure.web.servlet.MockMvcPrintOnlyOnFailureTestExecutionListener@2d70c4db, org.springframework.boot.test.autoconfigure.web.servlet.WebDriverTestExecutionListener@7c205263, org.springframework.boot.test.mock.mockito.ResetMocksTestExecutionListener@22d0d463]

  .   ____          _            __ _ _
 /\\ / ___'_ __ _ _(_)_ __  __ _ \ \ \ \
( ( )\___ | '_ | '_| | '_ \/ _` | \ \ \ \
 \\/  ___)| |_)| | | | | || (_| |  ) ) ) )
  '  |____| .__|_| |_|_| |_\__, | / / / /
 =========|_|==============|___/=/_/_/_/
 :: Spring Boot ::        (v2.1.2.RELEASE)

2021-10-24 19:25:56.717  INFO 6508 --- [    Test worker] e.t.i.app.users.UserControllerTests      : Starting UserControllerTests on DESKTOP-BBT0BUV with PID 6508 (started by Brenda in C:\Users\Brenda\Desktop\Proyecto QA\Proyecto-Notas-QA)
2021-10-24 19:25:56.717  INFO 6508 --- [    Test worker] e.t.i.app.users.UserControllerTests      : No active profile set, falling back to default profiles: default
2021-10-24 19:25:57.154  INFO 6508 --- [    Test worker] trationDelegate$BeanPostProcessorChecker : Bean 'org.springframework.security.config.annotation.configuration.ObjectPostProcessorConfiguration' of type [org.springframework.security.config.annotation.configuration.ObjectPostProcessorConfiguration$$EnhancerBySpringCGLIB$$750efe7b] is not eligible for getting processed by all BeanPostProcessors (for example: not eligible for auto-proxying)
2021-10-24 19:25:57.154  INFO 6508 --- [    Test worker] trationDelegate$BeanPostProcessorChecker : Bean 'objectPostProcessor' of type [org.springframework.security.config.annotation.configuration.AutowireBeanFactoryObjectPostProcessor] is not eligible for getting processed by all BeanPostProcessors (for example: not eligible for auto-proxying)
2021-10-24 19:25:57.154  INFO 6508 --- [    Test worker] trationDelegate$BeanPostProcessorChecker : Bean 'org.springframework.security.access.expression.method.DefaultMethodSecurityExpressionHandler@2f4c7738' of type [org.springframework.security.access.expression.method.DefaultMethodSecurityExpressionHandler] is not eligible for getting processed by all BeanPostProcessors (for example: not eligible for auto-proxying)
2021-10-24 19:25:57.170  INFO 6508 --- [    Test worker] trationDelegate$BeanPostProcessorChecker : Bean 'org.springframework.security.config.annotation.method.configuration.GlobalMethodSecurityConfiguration' of type [org.springframework.security.config.annotation.method.configuration.GlobalMethodSecurityConfiguration$$EnhancerBySpringCGLIB$$99e3a12d] is not eligible for getting processed by all BeanPostProcessors (for example: not eligible for auto-proxying)
2021-10-24 19:25:57.170  INFO 6508 --- [    Test worker] trationDelegate$BeanPostProcessorChecker : Bean 'methodSecurityMetadataSource' of type [org.springframework.security.access.method.DelegatingMethodSecurityMetadataSource] is not eligible for getting processed by all BeanPostProcessors (for example: not eligible for auto-proxying)
2021-10-24 19:25:57.670  INFO 6508 --- [    Test worker] o.s.s.web.DefaultSecurityFilterChain     : Creating filter chain: any request, [org.springframework.security.web.context.request.async.WebAsyncManagerIntegrationFilter@26bbe227, org.springframework.security.web.context.SecurityContextPersistenceFilter@a44251f, org.springframework.security.web.header.HeaderWriterFilter@261d9648, org.springframework.web.filter.CorsFilter@4fb901a0, org.springframework.security.web.authentication.logout.LogoutFilter@5acb95fa, edu.tec.ic6821.app.identity.config.JwtAuthTokenFilter@793dcc40, org.springframework.security.web.savedrequest.RequestCacheAwareFilter@35522e96, org.springframework.security.web.servletapi.SecurityContextHolderAwareRequestFilter@7fb741a2, org.springframework.security.web.authentication.AnonymousAuthenticationFilter@618ad691, org.springframework.security.web.session.SessionManagementFilter@66c8723c, org.springframework.security.web.access.ExceptionTranslationFilter@a36a3f2, org.springframework.security.web.access.intercept.FilterSecurityInterceptor@189e4a0e]
2021-10-24 19:25:57.967  INFO 6508 --- [    Test worker] o.s.s.concurrent.ThreadPoolTaskExecutor  : Initializing ExecutorService 'applicationTaskExecutor'
2021-10-24 19:25:58.232  INFO 6508 --- [    Test worker] o.s.b.t.m.w.SpringBootMockServletContext : Initializing Spring TestDispatcherServlet ''
2021-10-24 19:25:58.232  INFO 6508 --- [    Test worker] o.s.t.web.servlet.TestDispatcherServlet  : Initializing Servlet ''
2021-10-24 19:25:58.248  INFO 6508 --- [    Test worker] o.s.t.web.servlet.TestDispatcherServlet  : Completed initialization in 16 ms
2021-10-24 19:25:58.295  INFO 6508 --- [    Test worker] e.t.i.app.users.UserControllerTests      : Started UserControllerTests in 1.641 seconds (JVM running for 25.885)
2021-10-24 19:25:58.435  WARN 6508 --- [    Test worker] .w.s.m.s.DefaultHandlerExceptionResolver : Resolved [org.springframework.web.bind.MethodArgumentNotValidException: Validation failed for argument [0] in public org.springframework.http.ResponseEntity<?> edu.tec.ic6821.app.identity.controller.UserController.signup(edu.tec.ic6821.app.identity.dto.CredentialsDto): [Field error in object 'credentialsDto' on field 'username': rejected value [null]; codes [NotBlank.credentialsDto.username,NotBlank.username,NotBlank.java.lang.String,NotBlank]; arguments [org.springframework.context.support.DefaultMessageSourceResolvable: codes [credentialsDto.username,username]; arguments []; default message [username]]; default message [must not be blank]] ]
2021-10-24 19:25:58.451  WARN 6508 --- [    Test worker] .w.s.m.s.DefaultHandlerExceptionResolver : Resolved [org.springframework.web.bind.MethodArgumentNotValidException: Validation failed for argument [0] in public org.springframework.http.ResponseEntity<?> edu.tec.ic6821.app.identity.controller.UserController.signup(edu.tec.ic6821.app.identity.dto.CredentialsDto): [Field error in object 'credentialsDto' on field 'password': rejected value [null]; codes [NotBlank.credentialsDto.password,NotBlank.password,NotBlank.java.lang.String,NotBlank]; arguments [org.springframework.context.support.DefaultMessageSourceResolvable: codes [credentialsDto.password,password]; arguments []; default message [password]]; default message [must not be blank]] ]
]]></system-out>
  <system-err><![CDATA[]]></system-err>
</testsuite>
