<?xml version="1.0" encoding="UTF-8"?>
<testsuite name="edu.tec.ic6821.app.users.UserDaoTests" tests="5" skipped="0" failures="0" errors="0" timestamp="2021-10-21T23:36:27" hostname="davubdell" time="0.077">
  <properties/>
  <testcase name="givenUser_whenCreate_thenReturnUserWithGeneratedId" classname="edu.tec.ic6821.app.users.UserDaoTests" time="0.022"/>
  <testcase name="givenExistingUsername_whenExistsByUsername_thenReturnTrue" classname="edu.tec.ic6821.app.users.UserDaoTests" time="0.017"/>
  <testcase name="givenNonExistingUsername_whenExistsByUsername_thenReturnFalse" classname="edu.tec.ic6821.app.users.UserDaoTests" time="0.007"/>
  <testcase name="givenNonExistingUsername_whenFindByUsername_thenReturnEmpty" classname="edu.tec.ic6821.app.users.UserDaoTests" time="0.009"/>
  <testcase name="givenExistingUser_whenFindByUsername_thenReturnUser" classname="edu.tec.ic6821.app.users.UserDaoTests" time="0.01"/>
  <system-out><![CDATA[2021-10-21 17:36:27.334  INFO 12468 --- [    Test worker] .b.t.c.SpringBootTestContextBootstrapper : Neither @ContextConfiguration nor @ContextHierarchy found for test class [edu.tec.ic6821.app.users.UserDaoTests], using SpringBootContextLoader
2021-10-21 17:36:27.340  INFO 12468 --- [    Test worker] o.s.t.c.support.AbstractContextLoader    : Could not detect default resource locations for test class [edu.tec.ic6821.app.users.UserDaoTests]: no resource found for suffixes {-context.xml, Context.groovy}.
2021-10-21 17:36:27.345  INFO 12468 --- [    Test worker] t.c.s.AnnotationConfigContextLoaderUtils : Could not detect default configuration classes for test class [edu.tec.ic6821.app.users.UserDaoTests]: UserDaoTests does not declare any static, non-private, non-final, nested classes annotated with @Configuration.
2021-10-21 17:36:27.350  INFO 12468 --- [    Test worker] .b.t.c.SpringBootTestContextBootstrapper : Found @SpringBootConfiguration edu.tec.ic6821.app.Application for test class edu.tec.ic6821.app.users.UserDaoTests
2021-10-21 17:36:27.354  INFO 12468 --- [    Test worker] .b.t.c.SpringBootTestContextBootstrapper : Loaded default TestExecutionListener class names from location [META-INF/spring.factories]: [org.springframework.boot.test.autoconfigure.restdocs.RestDocsTestExecutionListener, org.springframework.boot.test.autoconfigure.web.client.MockRestServiceServerResetTestExecutionListener, org.springframework.boot.test.autoconfigure.web.servlet.MockMvcPrintOnlyOnFailureTestExecutionListener, org.springframework.boot.test.autoconfigure.web.servlet.WebDriverTestExecutionListener, org.springframework.boot.test.mock.mockito.MockitoTestExecutionListener, org.springframework.boot.test.mock.mockito.ResetMocksTestExecutionListener, org.springframework.test.context.web.ServletTestExecutionListener, org.springframework.test.context.support.DirtiesContextBeforeModesTestExecutionListener, org.springframework.test.context.support.DependencyInjectionTestExecutionListener, org.springframework.test.context.support.DirtiesContextTestExecutionListener, org.springframework.test.context.transaction.TransactionalTestExecutionListener, org.springframework.test.context.jdbc.SqlScriptsTestExecutionListener]
2021-10-21 17:36:27.357  INFO 12468 --- [    Test worker] .b.t.c.SpringBootTestContextBootstrapper : Using TestExecutionListeners: [org.springframework.test.context.web.ServletTestExecutionListener@6167bf10, org.springframework.test.context.support.DirtiesContextBeforeModesTestExecutionListener@25d0fd32, org.springframework.boot.test.mock.mockito.MockitoTestExecutionListener@753be146, org.springframework.boot.test.autoconfigure.SpringBootDependencyInjectionTestExecutionListener@123ec89d, org.springframework.test.context.support.DirtiesContextTestExecutionListener@4efd7af5, org.springframework.test.context.transaction.TransactionalTestExecutionListener@6ce63775, org.springframework.test.context.jdbc.SqlScriptsTestExecutionListener@467dca7e, org.springframework.boot.test.autoconfigure.restdocs.RestDocsTestExecutionListener@2263980c, org.springframework.boot.test.autoconfigure.web.client.MockRestServiceServerResetTestExecutionListener@76c6467, org.springframework.boot.test.autoconfigure.web.servlet.MockMvcPrintOnlyOnFailureTestExecutionListener@5aeca660, org.springframework.boot.test.autoconfigure.web.servlet.WebDriverTestExecutionListener@726aa979, org.springframework.boot.test.mock.mockito.ResetMocksTestExecutionListener@4cf7fcc0]
]]></system-out>
  <system-err><![CDATA[]]></system-err>
</testsuite>
