<?xml version="1.0" encoding="UTF-8"?>
<testsuite name="edu.tec.ic6821.app.notetests.NoteControllerTest" tests="2" skipped="0" failures="0" errors="0" timestamp="2021-10-21T23:36:29" hostname="davubdell" time="0.081">
  <properties/>
  <testcase name="givenValidCredentials_whenSignUp_SendNote" classname="edu.tec.ic6821.app.notetests.NoteControllerTest" time="0.062"/>
  <testcase name="givenValidCredentials_whenCreateNote_SendNote" classname="edu.tec.ic6821.app.notetests.NoteControllerTest" time="0.017"/>
  <system-out><![CDATA[2021-10-21 17:36:27.508  INFO 12468 --- [    Test worker] .b.t.a.w.s.WebMvcTestContextBootstrapper : Neither @ContextConfiguration nor @ContextHierarchy found for test class [edu.tec.ic6821.app.notetests.NoteControllerTest], using SpringBootContextLoader
2021-10-21 17:36:27.511  INFO 12468 --- [    Test worker] o.s.t.c.support.AbstractContextLoader    : Could not detect default resource locations for test class [edu.tec.ic6821.app.notetests.NoteControllerTest]: no resource found for suffixes {-context.xml, Context.groovy}.
2021-10-21 17:36:27.512  INFO 12468 --- [    Test worker] t.c.s.AnnotationConfigContextLoaderUtils : Could not detect default configuration classes for test class [edu.tec.ic6821.app.notetests.NoteControllerTest]: NoteControllerTest does not declare any static, non-private, non-final, nested classes annotated with @Configuration.
2021-10-21 17:36:27.522  INFO 12468 --- [    Test worker] .b.t.c.SpringBootTestContextBootstrapper : Found @SpringBootConfiguration edu.tec.ic6821.app.Application for test class edu.tec.ic6821.app.notetests.NoteControllerTest
2021-10-21 17:36:27.524  INFO 12468 --- [    Test worker] .b.t.a.w.s.WebMvcTestContextBootstrapper : Loaded default TestExecutionListener class names from location [META-INF/spring.factories]: [org.springframework.boot.test.autoconfigure.restdocs.RestDocsTestExecutionListener, org.springframework.boot.test.autoconfigure.web.client.MockRestServiceServerResetTestExecutionListener, org.springframework.boot.test.autoconfigure.web.servlet.MockMvcPrintOnlyOnFailureTestExecutionListener, org.springframework.boot.test.autoconfigure.web.servlet.WebDriverTestExecutionListener, org.springframework.boot.test.mock.mockito.MockitoTestExecutionListener, org.springframework.boot.test.mock.mockito.ResetMocksTestExecutionListener, org.springframework.test.context.web.ServletTestExecutionListener, org.springframework.test.context.support.DirtiesContextBeforeModesTestExecutionListener, org.springframework.test.context.support.DependencyInjectionTestExecutionListener, org.springframework.test.context.support.DirtiesContextTestExecutionListener, org.springframework.test.context.transaction.TransactionalTestExecutionListener, org.springframework.test.context.jdbc.SqlScriptsTestExecutionListener]
2021-10-21 17:36:27.526  INFO 12468 --- [    Test worker] .b.t.a.w.s.WebMvcTestContextBootstrapper : Using TestExecutionListeners: [org.springframework.test.context.web.ServletTestExecutionListener@1e52142d, org.springframework.test.context.support.DirtiesContextBeforeModesTestExecutionListener@441f1dab, org.springframework.boot.test.mock.mockito.MockitoTestExecutionListener@7dc153c8, org.springframework.boot.test.autoconfigure.SpringBootDependencyInjectionTestExecutionListener@2826a08f, org.springframework.test.context.support.DirtiesContextTestExecutionListener@26db3ada, org.springframework.test.context.transaction.TransactionalTestExecutionListener@1a9599ef, org.springframework.test.context.jdbc.SqlScriptsTestExecutionListener@6dbdd666, org.springframework.boot.test.autoconfigure.restdocs.RestDocsTestExecutionListener@70022186, org.springframework.boot.test.autoconfigure.web.client.MockRestServiceServerResetTestExecutionListener@f70d8b6, org.springframework.boot.test.autoconfigure.web.servlet.MockMvcPrintOnlyOnFailureTestExecutionListener@399c7256, org.springframework.boot.test.autoconfigure.web.servlet.WebDriverTestExecutionListener@3a119de5, org.springframework.boot.test.mock.mockito.ResetMocksTestExecutionListener@5bfe9530]

  .   ____          _            __ _ _
 /\\ / ___'_ __ _ _(_)_ __  __ _ \ \ \ \
( ( )\___ | '_ | '_| | '_ \/ _` | \ \ \ \
 \\/  ___)| |_)| | | | | || (_| |  ) ) ) )
  '  |____| .__|_| |_|_| |_\__, | / / / /
 =========|_|==============|___/=/_/_/_/
 :: Spring Boot ::        (v2.1.2.RELEASE)

2021-10-21 17:36:27.587  INFO 12468 --- [    Test worker] e.t.i.app.notetests.NoteControllerTest   : Starting NoteControllerTest on davubdell with PID 12468 (started by davub in /home/davub/TEC/QA/Proyecto-Notas-QA)
2021-10-21 17:36:27.590  INFO 12468 --- [    Test worker] e.t.i.app.notetests.NoteControllerTest   : No active profile set, falling back to default profiles: default
2021-10-21 17:36:28.019  INFO 12468 --- [    Test worker] trationDelegate$BeanPostProcessorChecker : Bean 'org.springframework.security.config.annotation.configuration.ObjectPostProcessorConfiguration' of type [org.springframework.security.config.annotation.configuration.ObjectPostProcessorConfiguration$$EnhancerBySpringCGLIB$$8a51d094] is not eligible for getting processed by all BeanPostProcessors (for example: not eligible for auto-proxying)
2021-10-21 17:36:28.024  INFO 12468 --- [    Test worker] trationDelegate$BeanPostProcessorChecker : Bean 'objectPostProcessor' of type [org.springframework.security.config.annotation.configuration.AutowireBeanFactoryObjectPostProcessor] is not eligible for getting processed by all BeanPostProcessors (for example: not eligible for auto-proxying)
2021-10-21 17:36:28.025  INFO 12468 --- [    Test worker] trationDelegate$BeanPostProcessorChecker : Bean 'org.springframework.security.access.expression.method.DefaultMethodSecurityExpressionHandler@2cf639fa' of type [org.springframework.security.access.expression.method.DefaultMethodSecurityExpressionHandler] is not eligible for getting processed by all BeanPostProcessors (for example: not eligible for auto-proxying)
2021-10-21 17:36:28.034  INFO 12468 --- [    Test worker] trationDelegate$BeanPostProcessorChecker : Bean 'org.springframework.security.config.annotation.method.configuration.GlobalMethodSecurityConfiguration' of type [org.springframework.security.config.annotation.method.configuration.GlobalMethodSecurityConfiguration$$EnhancerBySpringCGLIB$$af267346] is not eligible for getting processed by all BeanPostProcessors (for example: not eligible for auto-proxying)
2021-10-21 17:36:28.038  INFO 12468 --- [    Test worker] trationDelegate$BeanPostProcessorChecker : Bean 'methodSecurityMetadataSource' of type [org.springframework.security.access.method.DelegatingMethodSecurityMetadataSource] is not eligible for getting processed by all BeanPostProcessors (for example: not eligible for auto-proxying)
2021-10-21 17:36:28.585  INFO 12468 --- [    Test worker] o.s.s.web.DefaultSecurityFilterChain     : Creating filter chain: any request, [org.springframework.security.web.context.request.async.WebAsyncManagerIntegrationFilter@2b1bfaf1, org.springframework.security.web.context.SecurityContextPersistenceFilter@3b490709, org.springframework.security.web.header.HeaderWriterFilter@38dfc805, org.springframework.web.filter.CorsFilter@3f55699e, org.springframework.security.web.authentication.logout.LogoutFilter@58e2264c, edu.tec.ic6821.app.identity.config.JwtAuthTokenFilter@12e73bff, org.springframework.security.web.savedrequest.RequestCacheAwareFilter@4b0303d1, org.springframework.security.web.servletapi.SecurityContextHolderAwareRequestFilter@dda7554, org.springframework.security.web.authentication.AnonymousAuthenticationFilter@77ce88c6, org.springframework.security.web.session.SessionManagementFilter@7f155f1c, org.springframework.security.web.access.ExceptionTranslationFilter@43f67988, org.springframework.security.web.access.intercept.FilterSecurityInterceptor@49cacb0b]
2021-10-21 17:36:28.903  INFO 12468 --- [    Test worker] o.s.s.concurrent.ThreadPoolTaskExecutor  : Initializing ExecutorService 'applicationTaskExecutor'
2021-10-21 17:36:29.164  INFO 12468 --- [    Test worker] o.s.b.t.m.w.SpringBootMockServletContext : Initializing Spring TestDispatcherServlet ''
2021-10-21 17:36:29.165  INFO 12468 --- [    Test worker] o.s.t.web.servlet.TestDispatcherServlet  : Initializing Servlet ''
2021-10-21 17:36:29.183  INFO 12468 --- [    Test worker] o.s.t.web.servlet.TestDispatcherServlet  : Completed initialization in 17 ms
2021-10-21 17:36:29.255  INFO 12468 --- [    Test worker] e.t.i.app.notetests.NoteControllerTest   : Started NoteControllerTest in 1.721 seconds (JVM running for 21.934)
]]></system-out>
  <system-err><![CDATA[]]></system-err>
</testsuite>
