<?xml version="1.0" encoding="UTF-8"?>
<testsuite name="edu.tec.ic6821.app.users.UserControllerTests" tests="3" skipped="0" failures="0" errors="0" timestamp="2021-11-03T04:39:33" hostname="DESKTOP-BBT0BUV" time="0.74">
  <properties/>
  <testcase name="givenEmptyUsername_whenSignUp_thenSendBadRequest" classname="edu.tec.ic6821.app.users.UserControllerTests" time="0.36"/>
  <testcase name="givenEmptyPassword_whenSignUp_thenSendBadRequest" classname="edu.tec.ic6821.app.users.UserControllerTests" time="0.014"/>
  <testcase name="givenValidCredentials_whenSignUp_thenSendUser" classname="edu.tec.ic6821.app.users.UserControllerTests" time="0.352"/>
  <system-out><![CDATA[2021-11-02 22:39:31.397  INFO 7932 --- [    Test worker] .b.t.a.w.s.WebMvcTestContextBootstrapper : Neither @ContextConfiguration nor @ContextHierarchy found for test class [edu.tec.ic6821.app.users.UserControllerTests], using SpringBootContextLoader
2021-11-02 22:39:31.397  INFO 7932 --- [    Test worker] o.s.t.c.support.AbstractContextLoader    : Could not detect default resource locations for test class [edu.tec.ic6821.app.users.UserControllerTests]: no resource found for suffixes {-context.xml, Context.groovy}.
2021-11-02 22:39:31.397  INFO 7932 --- [    Test worker] t.c.s.AnnotationConfigContextLoaderUtils : Could not detect default configuration classes for test class [edu.tec.ic6821.app.users.UserControllerTests]: UserControllerTests does not declare any static, non-private, non-final, nested classes annotated with @Configuration.
2021-11-02 22:39:31.428  INFO 7932 --- [    Test worker] .b.t.c.SpringBootTestContextBootstrapper : Found @SpringBootConfiguration edu.tec.ic6821.app.Application for test class edu.tec.ic6821.app.users.UserControllerTests
2021-11-02 22:39:31.428  INFO 7932 --- [    Test worker] .b.t.a.w.s.WebMvcTestContextBootstrapper : Loaded default TestExecutionListener class names from location [META-INF/spring.factories]: [org.springframework.boot.test.autoconfigure.restdocs.RestDocsTestExecutionListener, org.springframework.boot.test.autoconfigure.web.client.MockRestServiceServerResetTestExecutionListener, org.springframework.boot.test.autoconfigure.web.servlet.MockMvcPrintOnlyOnFailureTestExecutionListener, org.springframework.boot.test.autoconfigure.web.servlet.WebDriverTestExecutionListener, org.springframework.boot.test.mock.mockito.MockitoTestExecutionListener, org.springframework.boot.test.mock.mockito.ResetMocksTestExecutionListener, org.springframework.test.context.web.ServletTestExecutionListener, org.springframework.test.context.support.DirtiesContextBeforeModesTestExecutionListener, org.springframework.test.context.support.DependencyInjectionTestExecutionListener, org.springframework.test.context.support.DirtiesContextTestExecutionListener, org.springframework.test.context.transaction.TransactionalTestExecutionListener, org.springframework.test.context.jdbc.SqlScriptsTestExecutionListener]
2021-11-02 22:39:31.428  INFO 7932 --- [    Test worker] .b.t.a.w.s.WebMvcTestContextBootstrapper : Using TestExecutionListeners: [org.springframework.test.context.web.ServletTestExecutionListener@364af574, org.springframework.test.context.support.DirtiesContextBeforeModesTestExecutionListener@6ca71633, org.springframework.boot.test.mock.mockito.MockitoTestExecutionListener@60d5ec72, org.springframework.boot.test.autoconfigure.SpringBootDependencyInjectionTestExecutionListener@61d19c1b, org.springframework.test.context.support.DirtiesContextTestExecutionListener@d12400, org.springframework.test.context.transaction.TransactionalTestExecutionListener@5493aca7, org.springframework.test.context.jdbc.SqlScriptsTestExecutionListener@1bea7c3b, org.springframework.boot.test.autoconfigure.restdocs.RestDocsTestExecutionListener@76360a19, org.springframework.boot.test.autoconfigure.web.client.MockRestServiceServerResetTestExecutionListener@7fcec1fb, org.springframework.boot.test.autoconfigure.web.servlet.MockMvcPrintOnlyOnFailureTestExecutionListener@3671bc31, org.springframework.boot.test.autoconfigure.web.servlet.WebDriverTestExecutionListener@7e320560, org.springframework.boot.test.mock.mockito.ResetMocksTestExecutionListener@3812be7d]

  .   ____          _            __ _ _
 /\\ / ___'_ __ _ _(_)_ __  __ _ \ \ \ \
( ( )\___ | '_ | '_| | '_ \/ _` | \ \ \ \
 \\/  ___)| |_)| | | | | || (_| |  ) ) ) )
  '  |____| .__|_| |_|_| |_\__, | / / / /
 =========|_|==============|___/=/_/_/_/
 :: Spring Boot ::        (v2.1.2.RELEASE)

2021-11-02 22:39:31.507  INFO 7932 --- [    Test worker] e.t.i.app.users.UserControllerTests      : Starting UserControllerTests on DESKTOP-BBT0BUV with PID 7932 (started by Brenda in C:\Users\Brenda\Desktop\Proyecto QA\Proyecto-Notas-QA)
2021-11-02 22:39:31.522  INFO 7932 --- [    Test worker] e.t.i.app.users.UserControllerTests      : No active profile set, falling back to default profiles: default
2021-11-02 22:39:32.053  INFO 7932 --- [    Test worker] trationDelegate$BeanPostProcessorChecker : Bean 'org.springframework.security.config.annotation.configuration.ObjectPostProcessorConfiguration' of type [org.springframework.security.config.annotation.configuration.ObjectPostProcessorConfiguration$$EnhancerBySpringCGLIB$$84f555ee] is not eligible for getting processed by all BeanPostProcessors (for example: not eligible for auto-proxying)
2021-11-02 22:39:32.069  INFO 7932 --- [    Test worker] trationDelegate$BeanPostProcessorChecker : Bean 'objectPostProcessor' of type [org.springframework.security.config.annotation.configuration.AutowireBeanFactoryObjectPostProcessor] is not eligible for getting processed by all BeanPostProcessors (for example: not eligible for auto-proxying)
2021-11-02 22:39:32.069  INFO 7932 --- [    Test worker] trationDelegate$BeanPostProcessorChecker : Bean 'org.springframework.security.access.expression.method.DefaultMethodSecurityExpressionHandler@680abb05' of type [org.springframework.security.access.expression.method.DefaultMethodSecurityExpressionHandler] is not eligible for getting processed by all BeanPostProcessors (for example: not eligible for auto-proxying)
2021-11-02 22:39:32.085  INFO 7932 --- [    Test worker] trationDelegate$BeanPostProcessorChecker : Bean 'org.springframework.security.config.annotation.method.configuration.GlobalMethodSecurityConfiguration' of type [org.springframework.security.config.annotation.method.configuration.GlobalMethodSecurityConfiguration$$EnhancerBySpringCGLIB$$a9c9f8a0] is not eligible for getting processed by all BeanPostProcessors (for example: not eligible for auto-proxying)
2021-11-02 22:39:32.100  INFO 7932 --- [    Test worker] trationDelegate$BeanPostProcessorChecker : Bean 'methodSecurityMetadataSource' of type [org.springframework.security.access.method.DelegatingMethodSecurityMetadataSource] is not eligible for getting processed by all BeanPostProcessors (for example: not eligible for auto-proxying)
2021-11-02 22:39:32.819  INFO 7932 --- [    Test worker] o.s.s.web.DefaultSecurityFilterChain     : Creating filter chain: any request, [org.springframework.security.web.context.request.async.WebAsyncManagerIntegrationFilter@799728d6, org.springframework.security.web.context.SecurityContextPersistenceFilter@b775eab, org.springframework.security.web.header.HeaderWriterFilter@3d3b8f49, org.springframework.web.filter.CorsFilter@2bf28a50, org.springframework.security.web.authentication.logout.LogoutFilter@e9b6632, edu.tec.ic6821.app.identity.config.JwtAuthTokenFilter@46589092, org.springframework.security.web.savedrequest.RequestCacheAwareFilter@304e214d, org.springframework.security.web.servletapi.SecurityContextHolderAwareRequestFilter@51eeb1ca, org.springframework.security.web.authentication.AnonymousAuthenticationFilter@ea7ca69, org.springframework.security.web.session.SessionManagementFilter@44136732, org.springframework.security.web.access.ExceptionTranslationFilter@11654ce4, org.springframework.security.web.access.intercept.FilterSecurityInterceptor@5da9b64]
2021-11-02 22:39:33.241  INFO 7932 --- [    Test worker] o.s.s.concurrent.ThreadPoolTaskExecutor  : Initializing ExecutorService 'applicationTaskExecutor'
2021-11-02 22:39:33.600  INFO 7932 --- [    Test worker] o.s.b.t.m.w.SpringBootMockServletContext : Initializing Spring TestDispatcherServlet ''
2021-11-02 22:39:33.600  INFO 7932 --- [    Test worker] o.s.t.web.servlet.TestDispatcherServlet  : Initializing Servlet ''
2021-11-02 22:39:33.616  INFO 7932 --- [    Test worker] o.s.t.web.servlet.TestDispatcherServlet  : Completed initialization in 16 ms
2021-11-02 22:39:33.678  INFO 7932 --- [    Test worker] e.t.i.app.users.UserControllerTests      : Started UserControllerTests in 2.234 seconds (JVM running for 31.019)
2021-11-02 22:39:34.038  WARN 7932 --- [    Test worker] .w.s.m.s.DefaultHandlerExceptionResolver : Resolved [org.springframework.web.bind.MethodArgumentNotValidException: Validation failed for argument [0] in public org.springframework.http.ResponseEntity<?> edu.tec.ic6821.app.identity.controller.UserController.signup(edu.tec.ic6821.app.identity.dto.CredentialsDto): [Field error in object 'credentialsDto' on field 'username': rejected value [null]; codes [NotBlank.credentialsDto.username,NotBlank.username,NotBlank.java.lang.String,NotBlank]; arguments [org.springframework.context.support.DefaultMessageSourceResolvable: codes [credentialsDto.username,username]; arguments []; default message [username]]; default message [must not be blank]] ]
2021-11-02 22:39:34.053  WARN 7932 --- [    Test worker] .w.s.m.s.DefaultHandlerExceptionResolver : Resolved [org.springframework.web.bind.MethodArgumentNotValidException: Validation failed for argument [0] in public org.springframework.http.ResponseEntity<?> edu.tec.ic6821.app.identity.controller.UserController.signup(edu.tec.ic6821.app.identity.dto.CredentialsDto): [Field error in object 'credentialsDto' on field 'password': rejected value [null]; codes [NotBlank.credentialsDto.password,NotBlank.password,NotBlank.java.lang.String,NotBlank]; arguments [org.springframework.context.support.DefaultMessageSourceResolvable: codes [credentialsDto.password,password]; arguments []; default message [password]]; default message [must not be blank]] ]
]]></system-out>
  <system-err><![CDATA[]]></system-err>
</testsuite>
