<?xml version="1.0" encoding="UTF-8"?>
<testsuite name="edu.tec.ic6821.app.notetests.NoteServiceTest" tests="1" skipped="0" failures="0" errors="0" timestamp="2021-10-25T01:25:56" hostname="DESKTOP-BBT0BUV" time="0.011">
  <properties/>
  <testcase name="givenNewNote_whenCreate_thenReturnNewNote" classname="edu.tec.ic6821.app.notetests.NoteServiceTest" time="0.011"/>
  <system-out><![CDATA[2021-10-24 19:25:56.529  INFO 6508 --- [    Test worker] o.s.t.c.s.DefaultTestContextBootstrapper : Neither @ContextConfiguration nor @ContextHierarchy found for test class [edu.tec.ic6821.app.notetests.NoteServiceTest], using DelegatingSmartContextLoader
2021-10-24 19:25:56.529  INFO 6508 --- [    Test worker] o.s.t.c.support.AbstractContextLoader    : Could not detect default resource locations for test class [edu.tec.ic6821.app.notetests.NoteServiceTest]: no resource found for suffixes {-context.xml}.
2021-10-24 19:25:56.529  INFO 6508 --- [    Test worker] c.s.AbstractDelegatingSmartContextLoader : AnnotationConfigContextLoader detected default configuration classes for context configuration [ContextConfigurationAttributes@5688fb84 declaringClass = 'edu.tec.ic6821.app.notetests.NoteServiceTest', classes = '{class edu.tec.ic6821.app.notetests.NoteServiceTest$NoteServiceTestsConfiguration}', locations = '{}', inheritLocations = false, initializers = '{}', inheritInitializers = true, name = [null], contextLoaderClass = 'org.springframework.test.context.ContextLoader'].
2021-10-24 19:25:56.545  INFO 6508 --- [    Test worker] o.s.t.c.s.DefaultTestContextBootstrapper : Loaded default TestExecutionListener class names from location [META-INF/spring.factories]: [org.springframework.boot.test.autoconfigure.restdocs.RestDocsTestExecutionListener, org.springframework.boot.test.autoconfigure.web.client.MockRestServiceServerResetTestExecutionListener, org.springframework.boot.test.autoconfigure.web.servlet.MockMvcPrintOnlyOnFailureTestExecutionListener, org.springframework.boot.test.autoconfigure.web.servlet.WebDriverTestExecutionListener, org.springframework.boot.test.mock.mockito.MockitoTestExecutionListener, org.springframework.boot.test.mock.mockito.ResetMocksTestExecutionListener, org.springframework.test.context.web.ServletTestExecutionListener, org.springframework.test.context.support.DirtiesContextBeforeModesTestExecutionListener, org.springframework.test.context.support.DependencyInjectionTestExecutionListener, org.springframework.test.context.support.DirtiesContextTestExecutionListener, org.springframework.test.context.transaction.TransactionalTestExecutionListener, org.springframework.test.context.jdbc.SqlScriptsTestExecutionListener]
2021-10-24 19:25:56.545  INFO 6508 --- [    Test worker] o.s.t.c.s.DefaultTestContextBootstrapper : Using TestExecutionListeners: [org.springframework.test.context.web.ServletTestExecutionListener@2afed027, org.springframework.test.context.support.DirtiesContextBeforeModesTestExecutionListener@769c6c87, org.springframework.boot.test.mock.mockito.MockitoTestExecutionListener@67d9ed0b, org.springframework.test.context.support.DependencyInjectionTestExecutionListener@c1b31f4, org.springframework.test.context.support.DirtiesContextTestExecutionListener@50b8a7b8, org.springframework.test.context.transaction.TransactionalTestExecutionListener@45d5117c, org.springframework.test.context.jdbc.SqlScriptsTestExecutionListener@6dcc1d78, org.springframework.boot.test.autoconfigure.restdocs.RestDocsTestExecutionListener@388d05a4, org.springframework.boot.test.autoconfigure.web.client.MockRestServiceServerResetTestExecutionListener@2d1de06a, org.springframework.boot.test.autoconfigure.web.servlet.MockMvcPrintOnlyOnFailureTestExecutionListener@40ae4a44, org.springframework.boot.test.autoconfigure.web.servlet.WebDriverTestExecutionListener@4d04a8f4, org.springframework.boot.test.mock.mockito.ResetMocksTestExecutionListener@1df424d5]
]]></system-out>
  <system-err><![CDATA[]]></system-err>
</testsuite>
