<?xml version="1.0" encoding="UTF-8"?>
<testsuite name="edu.tec.ic6821.app.notetests.NoteDaoTest" tests="1" skipped="0" failures="0" errors="0" timestamp="2021-10-26T20:21:29" hostname="DESKTOP-BBT0BUV" time="0.176">
  <properties/>
  <testcase name="givenNote_whenCreate_thenReturnNoteWithGeneratedId" classname="edu.tec.ic6821.app.notetests.NoteDaoTest" time="0.176"/>
  <system-out><![CDATA[2021-10-26 14:21:29.569  INFO 10880 --- [    Test worker] .b.t.c.SpringBootTestContextBootstrapper : Neither @ContextConfiguration nor @ContextHierarchy found for test class [edu.tec.ic6821.app.notetests.NoteDaoTest], using SpringBootContextLoader
2021-10-26 14:21:29.569  INFO 10880 --- [    Test worker] o.s.t.c.support.AbstractContextLoader    : Could not detect default resource locations for test class [edu.tec.ic6821.app.notetests.NoteDaoTest]: no resource found for suffixes {-context.xml, Context.groovy}.
2021-10-26 14:21:29.569  INFO 10880 --- [    Test worker] t.c.s.AnnotationConfigContextLoaderUtils : Could not detect default configuration classes for test class [edu.tec.ic6821.app.notetests.NoteDaoTest]: NoteDaoTest does not declare any static, non-private, non-final, nested classes annotated with @Configuration.
2021-10-26 14:21:29.569  INFO 10880 --- [    Test worker] .b.t.c.SpringBootTestContextBootstrapper : Found @SpringBootConfiguration edu.tec.ic6821.app.Application for test class edu.tec.ic6821.app.notetests.NoteDaoTest
2021-10-26 14:21:29.569  INFO 10880 --- [    Test worker] .b.t.c.SpringBootTestContextBootstrapper : Loaded default TestExecutionListener class names from location [META-INF/spring.factories]: [org.springframework.boot.test.autoconfigure.restdocs.RestDocsTestExecutionListener, org.springframework.boot.test.autoconfigure.web.client.MockRestServiceServerResetTestExecutionListener, org.springframework.boot.test.autoconfigure.web.servlet.MockMvcPrintOnlyOnFailureTestExecutionListener, org.springframework.boot.test.autoconfigure.web.servlet.WebDriverTestExecutionListener, org.springframework.boot.test.mock.mockito.MockitoTestExecutionListener, org.springframework.boot.test.mock.mockito.ResetMocksTestExecutionListener, org.springframework.test.context.web.ServletTestExecutionListener, org.springframework.test.context.support.DirtiesContextBeforeModesTestExecutionListener, org.springframework.test.context.support.DependencyInjectionTestExecutionListener, org.springframework.test.context.support.DirtiesContextTestExecutionListener, org.springframework.test.context.transaction.TransactionalTestExecutionListener, org.springframework.test.context.jdbc.SqlScriptsTestExecutionListener]
2021-10-26 14:21:29.569  INFO 10880 --- [    Test worker] .b.t.c.SpringBootTestContextBootstrapper : Using TestExecutionListeners: [org.springframework.test.context.web.ServletTestExecutionListener@36c240da, org.springframework.test.context.support.DirtiesContextBeforeModesTestExecutionListener@30ee2033, org.springframework.boot.test.mock.mockito.MockitoTestExecutionListener@15e9cddd, org.springframework.boot.test.autoconfigure.SpringBootDependencyInjectionTestExecutionListener@4e878b4e, org.springframework.test.context.support.DirtiesContextTestExecutionListener@6a67d6d4, org.springframework.test.context.transaction.TransactionalTestExecutionListener@2b498c13, org.springframework.test.context.jdbc.SqlScriptsTestExecutionListener@70953b82, org.springframework.boot.test.autoconfigure.restdocs.RestDocsTestExecutionListener@23a0325, org.springframework.boot.test.autoconfigure.web.client.MockRestServiceServerResetTestExecutionListener@56bfb4c0, org.springframework.boot.test.autoconfigure.web.servlet.MockMvcPrintOnlyOnFailureTestExecutionListener@31719310, org.springframework.boot.test.autoconfigure.web.servlet.WebDriverTestExecutionListener@6861f797, org.springframework.boot.test.mock.mockito.ResetMocksTestExecutionListener@3a10f295]
]]></system-out>
  <system-err><![CDATA[]]></system-err>
</testsuite>
