<?xml version="1.0" encoding="UTF-8"?>
<testsuite name="edu.tec.ic6821.app.users.UserServiceTests" tests="2" skipped="0" failures="0" errors="0" timestamp="2021-10-26T20:21:32" hostname="DESKTOP-BBT0BUV" time="0.289">
  <properties/>
  <testcase name="givenNewUsername_whenCreate_thenReturnNewUser" classname="edu.tec.ic6821.app.users.UserServiceTests" time="0.283"/>
  <testcase name="givenExistingUsername_whenCreate_thenReturnEmpty" classname="edu.tec.ic6821.app.users.UserServiceTests" time="0.004"/>
  <system-out><![CDATA[2021-10-26 14:21:32.084  INFO 10880 --- [    Test worker] o.s.t.c.s.DefaultTestContextBootstrapper : Neither @ContextConfiguration nor @ContextHierarchy found for test class [edu.tec.ic6821.app.users.UserServiceTests], using DelegatingSmartContextLoader
2021-10-26 14:21:32.084  INFO 10880 --- [    Test worker] o.s.t.c.support.AbstractContextLoader    : Could not detect default resource locations for test class [edu.tec.ic6821.app.users.UserServiceTests]: no resource found for suffixes {-context.xml}.
2021-10-26 14:21:32.084  INFO 10880 --- [    Test worker] c.s.AbstractDelegatingSmartContextLoader : AnnotationConfigContextLoader detected default configuration classes for context configuration [ContextConfigurationAttributes@210bd64f declaringClass = 'edu.tec.ic6821.app.users.UserServiceTests', classes = '{class edu.tec.ic6821.app.users.UserServiceTests$UserServiceTestsConfiguration}', locations = '{}', inheritLocations = false, initializers = '{}', inheritInitializers = true, name = [null], contextLoaderClass = 'org.springframework.test.context.ContextLoader'].
2021-10-26 14:21:32.084  INFO 10880 --- [    Test worker] o.s.t.c.s.DefaultTestContextBootstrapper : Loaded default TestExecutionListener class names from location [META-INF/spring.factories]: [org.springframework.boot.test.autoconfigure.restdocs.RestDocsTestExecutionListener, org.springframework.boot.test.autoconfigure.web.client.MockRestServiceServerResetTestExecutionListener, org.springframework.boot.test.autoconfigure.web.servlet.MockMvcPrintOnlyOnFailureTestExecutionListener, org.springframework.boot.test.autoconfigure.web.servlet.WebDriverTestExecutionListener, org.springframework.boot.test.mock.mockito.MockitoTestExecutionListener, org.springframework.boot.test.mock.mockito.ResetMocksTestExecutionListener, org.springframework.test.context.web.ServletTestExecutionListener, org.springframework.test.context.support.DirtiesContextBeforeModesTestExecutionListener, org.springframework.test.context.support.DependencyInjectionTestExecutionListener, org.springframework.test.context.support.DirtiesContextTestExecutionListener, org.springframework.test.context.transaction.TransactionalTestExecutionListener, org.springframework.test.context.jdbc.SqlScriptsTestExecutionListener]
2021-10-26 14:21:32.084  INFO 10880 --- [    Test worker] o.s.t.c.s.DefaultTestContextBootstrapper : Using TestExecutionListeners: [org.springframework.test.context.web.ServletTestExecutionListener@28773be9, org.springframework.test.context.support.DirtiesContextBeforeModesTestExecutionListener@1416c2b6, org.springframework.boot.test.mock.mockito.MockitoTestExecutionListener@41ebcae7, org.springframework.test.context.support.DependencyInjectionTestExecutionListener@3eadd53b, org.springframework.test.context.support.DirtiesContextTestExecutionListener@2f941974, org.springframework.test.context.transaction.TransactionalTestExecutionListener@db56d42, org.springframework.test.context.jdbc.SqlScriptsTestExecutionListener@121622e1, org.springframework.boot.test.autoconfigure.restdocs.RestDocsTestExecutionListener@42c22995, org.springframework.boot.test.autoconfigure.web.client.MockRestServiceServerResetTestExecutionListener@4d12d700, org.springframework.boot.test.autoconfigure.web.servlet.MockMvcPrintOnlyOnFailureTestExecutionListener@6b6b7c9d, org.springframework.boot.test.autoconfigure.web.servlet.WebDriverTestExecutionListener@48c94a3b, org.springframework.boot.test.mock.mockito.ResetMocksTestExecutionListener@1b944c36]
]]></system-out>
  <system-err><![CDATA[]]></system-err>
</testsuite>
