<?xml version="1.0" encoding="UTF-8"?>
<testsuite name="edu.tec.ic6821.app.notetests.NoteDaoTest" tests="2" skipped="0" failures="0" errors="0" timestamp="2021-10-27T22:51:09" hostname="davubdell" time="0.159">
  <properties/>
  <testcase name="createNotes_whenShowNotes_thenReturnListOfNotesCreated" classname="edu.tec.ic6821.app.notetests.NoteDaoTest" time="0.142"/>
  <testcase name="givenNote_whenCreate_thenReturnNoteWithGeneratedId" classname="edu.tec.ic6821.app.notetests.NoteDaoTest" time="0.014"/>
  <system-out><![CDATA[2021-10-27 16:51:09.890  INFO 21334 --- [    Test worker] .b.t.c.SpringBootTestContextBootstrapper : Neither @ContextConfiguration nor @ContextHierarchy found for test class [edu.tec.ic6821.app.notetests.NoteDaoTest], using SpringBootContextLoader
2021-10-27 16:51:09.891  INFO 21334 --- [    Test worker] o.s.t.c.support.AbstractContextLoader    : Could not detect default resource locations for test class [edu.tec.ic6821.app.notetests.NoteDaoTest]: no resource found for suffixes {-context.xml, Context.groovy}.
2021-10-27 16:51:09.892  INFO 21334 --- [    Test worker] t.c.s.AnnotationConfigContextLoaderUtils : Could not detect default configuration classes for test class [edu.tec.ic6821.app.notetests.NoteDaoTest]: NoteDaoTest does not declare any static, non-private, non-final, nested classes annotated with @Configuration.
2021-10-27 16:51:09.904  INFO 21334 --- [    Test worker] .b.t.c.SpringBootTestContextBootstrapper : Found @SpringBootConfiguration edu.tec.ic6821.app.Application for test class edu.tec.ic6821.app.notetests.NoteDaoTest
2021-10-27 16:51:09.907  INFO 21334 --- [    Test worker] .b.t.c.SpringBootTestContextBootstrapper : Loaded default TestExecutionListener class names from location [META-INF/spring.factories]: [org.springframework.boot.test.autoconfigure.restdocs.RestDocsTestExecutionListener, org.springframework.boot.test.autoconfigure.web.client.MockRestServiceServerResetTestExecutionListener, org.springframework.boot.test.autoconfigure.web.servlet.MockMvcPrintOnlyOnFailureTestExecutionListener, org.springframework.boot.test.autoconfigure.web.servlet.WebDriverTestExecutionListener, org.springframework.boot.test.mock.mockito.MockitoTestExecutionListener, org.springframework.boot.test.mock.mockito.ResetMocksTestExecutionListener, org.springframework.test.context.web.ServletTestExecutionListener, org.springframework.test.context.support.DirtiesContextBeforeModesTestExecutionListener, org.springframework.test.context.support.DependencyInjectionTestExecutionListener, org.springframework.test.context.support.DirtiesContextTestExecutionListener, org.springframework.test.context.transaction.TransactionalTestExecutionListener, org.springframework.test.context.jdbc.SqlScriptsTestExecutionListener]
2021-10-27 16:51:09.909  INFO 21334 --- [    Test worker] .b.t.c.SpringBootTestContextBootstrapper : Using TestExecutionListeners: [org.springframework.test.context.web.ServletTestExecutionListener@7ac677b1, org.springframework.test.context.support.DirtiesContextBeforeModesTestExecutionListener@6798599b, org.springframework.boot.test.mock.mockito.MockitoTestExecutionListener@3802bc8d, org.springframework.boot.test.autoconfigure.SpringBootDependencyInjectionTestExecutionListener@650582ef, org.springframework.test.context.support.DirtiesContextTestExecutionListener@2c371a01, org.springframework.test.context.transaction.TransactionalTestExecutionListener@946da9d, org.springframework.test.context.jdbc.SqlScriptsTestExecutionListener@248df9ec, org.springframework.boot.test.autoconfigure.restdocs.RestDocsTestExecutionListener@6d560568, org.springframework.boot.test.autoconfigure.web.client.MockRestServiceServerResetTestExecutionListener@79a5fdd1, org.springframework.boot.test.autoconfigure.web.servlet.MockMvcPrintOnlyOnFailureTestExecutionListener@4688524a, org.springframework.boot.test.autoconfigure.web.servlet.WebDriverTestExecutionListener@d0191ee, org.springframework.boot.test.mock.mockito.ResetMocksTestExecutionListener@50a1a863]
]]></system-out>
  <system-err><![CDATA[]]></system-err>
</testsuite>
