<?xml version="1.0" encoding="UTF-8"?>
<testsuite name="edu.tec.ic6821.app.notetests.NoteServiceTest" tests="1" skipped="0" failures="0" errors="0" timestamp="2021-10-27T22:51:12" hostname="davubdell" time="0.008">
  <properties/>
  <testcase name="givenNewNote_whenCreate_thenReturnNewNote" classname="edu.tec.ic6821.app.notetests.NoteServiceTest" time="0.008"/>
  <system-out><![CDATA[2021-10-27 16:51:12.273  INFO 21334 --- [    Test worker] o.s.t.c.s.DefaultTestContextBootstrapper : Neither @ContextConfiguration nor @ContextHierarchy found for test class [edu.tec.ic6821.app.notetests.NoteServiceTest], using DelegatingSmartContextLoader
2021-10-27 16:51:12.274  INFO 21334 --- [    Test worker] o.s.t.c.support.AbstractContextLoader    : Could not detect default resource locations for test class [edu.tec.ic6821.app.notetests.NoteServiceTest]: no resource found for suffixes {-context.xml}.
2021-10-27 16:51:12.278  INFO 21334 --- [    Test worker] c.s.AbstractDelegatingSmartContextLoader : AnnotationConfigContextLoader detected default configuration classes for context configuration [ContextConfigurationAttributes@7135c47a declaringClass = 'edu.tec.ic6821.app.notetests.NoteServiceTest', classes = '{class edu.tec.ic6821.app.notetests.NoteServiceTest$NoteServiceTestsConfiguration}', locations = '{}', inheritLocations = false, initializers = '{}', inheritInitializers = true, name = [null], contextLoaderClass = 'org.springframework.test.context.ContextLoader'].
2021-10-27 16:51:12.281  INFO 21334 --- [    Test worker] o.s.t.c.s.DefaultTestContextBootstrapper : Loaded default TestExecutionListener class names from location [META-INF/spring.factories]: [org.springframework.boot.test.autoconfigure.restdocs.RestDocsTestExecutionListener, org.springframework.boot.test.autoconfigure.web.client.MockRestServiceServerResetTestExecutionListener, org.springframework.boot.test.autoconfigure.web.servlet.MockMvcPrintOnlyOnFailureTestExecutionListener, org.springframework.boot.test.autoconfigure.web.servlet.WebDriverTestExecutionListener, org.springframework.boot.test.mock.mockito.MockitoTestExecutionListener, org.springframework.boot.test.mock.mockito.ResetMocksTestExecutionListener, org.springframework.test.context.web.ServletTestExecutionListener, org.springframework.test.context.support.DirtiesContextBeforeModesTestExecutionListener, org.springframework.test.context.support.DependencyInjectionTestExecutionListener, org.springframework.test.context.support.DirtiesContextTestExecutionListener, org.springframework.test.context.transaction.TransactionalTestExecutionListener, org.springframework.test.context.jdbc.SqlScriptsTestExecutionListener]
2021-10-27 16:51:12.282  INFO 21334 --- [    Test worker] o.s.t.c.s.DefaultTestContextBootstrapper : Using TestExecutionListeners: [org.springframework.test.context.web.ServletTestExecutionListener@52eb5389, org.springframework.test.context.support.DirtiesContextBeforeModesTestExecutionListener@53031388, org.springframework.boot.test.mock.mockito.MockitoTestExecutionListener@7fd26745, org.springframework.test.context.support.DependencyInjectionTestExecutionListener@209b7ad1, org.springframework.test.context.support.DirtiesContextTestExecutionListener@28640250, org.springframework.test.context.transaction.TransactionalTestExecutionListener@63b0cb87, org.springframework.test.context.jdbc.SqlScriptsTestExecutionListener@f3460fb, org.springframework.boot.test.autoconfigure.restdocs.RestDocsTestExecutionListener@7402de3e, org.springframework.boot.test.autoconfigure.web.client.MockRestServiceServerResetTestExecutionListener@7c7c246c, org.springframework.boot.test.autoconfigure.web.servlet.MockMvcPrintOnlyOnFailureTestExecutionListener@19753497, org.springframework.boot.test.autoconfigure.web.servlet.WebDriverTestExecutionListener@35eaacfa, org.springframework.boot.test.mock.mockito.ResetMocksTestExecutionListener@577b7757]
]]></system-out>
  <system-err><![CDATA[]]></system-err>
</testsuite>
