<?xml version="1.0" encoding="UTF-8"?>
<testsuite name="edu.tec.ic6821.app.notetests.NoteDaoTest" tests="2" skipped="0" failures="0" errors="0" timestamp="2021-10-25T01:25:56" hostname="DESKTOP-BBT0BUV" time="0.267">
  <properties/>
  <testcase name="createNotes_whenShowNotes_thenReturnListOfNotesCreated" classname="edu.tec.ic6821.app.notetests.NoteDaoTest" time="0.251"/>
  <testcase name="givenNote_whenCreate_thenReturnNoteWithGeneratedId" classname="edu.tec.ic6821.app.notetests.NoteDaoTest" time="0.014"/>
  <system-out><![CDATA[2021-10-24 19:25:56.248  INFO 6508 --- [    Test worker] .b.t.c.SpringBootTestContextBootstrapper : Neither @ContextConfiguration nor @ContextHierarchy found for test class [edu.tec.ic6821.app.notetests.NoteDaoTest], using SpringBootContextLoader
2021-10-24 19:25:56.248  INFO 6508 --- [    Test worker] o.s.t.c.support.AbstractContextLoader    : Could not detect default resource locations for test class [edu.tec.ic6821.app.notetests.NoteDaoTest]: no resource found for suffixes {-context.xml, Context.groovy}.
2021-10-24 19:25:56.248  INFO 6508 --- [    Test worker] t.c.s.AnnotationConfigContextLoaderUtils : Could not detect default configuration classes for test class [edu.tec.ic6821.app.notetests.NoteDaoTest]: NoteDaoTest does not declare any static, non-private, non-final, nested classes annotated with @Configuration.
2021-10-24 19:25:56.248  INFO 6508 --- [    Test worker] .b.t.c.SpringBootTestContextBootstrapper : Found @SpringBootConfiguration edu.tec.ic6821.app.Application for test class edu.tec.ic6821.app.notetests.NoteDaoTest
2021-10-24 19:25:56.248  INFO 6508 --- [    Test worker] .b.t.c.SpringBootTestContextBootstrapper : Loaded default TestExecutionListener class names from location [META-INF/spring.factories]: [org.springframework.boot.test.autoconfigure.restdocs.RestDocsTestExecutionListener, org.springframework.boot.test.autoconfigure.web.client.MockRestServiceServerResetTestExecutionListener, org.springframework.boot.test.autoconfigure.web.servlet.MockMvcPrintOnlyOnFailureTestExecutionListener, org.springframework.boot.test.autoconfigure.web.servlet.WebDriverTestExecutionListener, org.springframework.boot.test.mock.mockito.MockitoTestExecutionListener, org.springframework.boot.test.mock.mockito.ResetMocksTestExecutionListener, org.springframework.test.context.web.ServletTestExecutionListener, org.springframework.test.context.support.DirtiesContextBeforeModesTestExecutionListener, org.springframework.test.context.support.DependencyInjectionTestExecutionListener, org.springframework.test.context.support.DirtiesContextTestExecutionListener, org.springframework.test.context.transaction.TransactionalTestExecutionListener, org.springframework.test.context.jdbc.SqlScriptsTestExecutionListener]
2021-10-24 19:25:56.248  INFO 6508 --- [    Test worker] .b.t.c.SpringBootTestContextBootstrapper : Using TestExecutionListeners: [org.springframework.test.context.web.ServletTestExecutionListener@65a27067, org.springframework.test.context.support.DirtiesContextBeforeModesTestExecutionListener@7bf4c92d, org.springframework.boot.test.mock.mockito.MockitoTestExecutionListener@c8265e1, org.springframework.boot.test.autoconfigure.SpringBootDependencyInjectionTestExecutionListener@103d5125, org.springframework.test.context.support.DirtiesContextTestExecutionListener@66ea2a0d, org.springframework.test.context.transaction.TransactionalTestExecutionListener@3b0a3a5c, org.springframework.test.context.jdbc.SqlScriptsTestExecutionListener@24b8fdb1, org.springframework.boot.test.autoconfigure.restdocs.RestDocsTestExecutionListener@5e76347a, org.springframework.boot.test.autoconfigure.web.client.MockRestServiceServerResetTestExecutionListener@69fbc7fb, org.springframework.boot.test.autoconfigure.web.servlet.MockMvcPrintOnlyOnFailureTestExecutionListener@349c842, org.springframework.boot.test.autoconfigure.web.servlet.WebDriverTestExecutionListener@60ffe8ef, org.springframework.boot.test.mock.mockito.ResetMocksTestExecutionListener@fc5c56e]
]]></system-out>
  <system-err><![CDATA[]]></system-err>
</testsuite>
