<?xml version="1.0" encoding="UTF-8"?>
<testsuite name="edu.tec.ic6821.app.users.UserDaoTests" tests="5" skipped="0" failures="0" errors="0" timestamp="2021-10-26T20:21:32" hostname="DESKTOP-BBT0BUV" time="0.062">
  <properties/>
  <testcase name="givenUser_whenCreate_thenReturnUserWithGeneratedId" classname="edu.tec.ic6821.app.users.UserDaoTests" time="0.007"/>
  <testcase name="givenExistingUsername_whenExistsByUsername_thenReturnTrue" classname="edu.tec.ic6821.app.users.UserDaoTests" time="0.025"/>
  <testcase name="givenNonExistingUsername_whenExistsByUsername_thenReturnFalse" classname="edu.tec.ic6821.app.users.UserDaoTests" time="0.006"/>
  <testcase name="givenNonExistingUsername_whenFindByUsername_thenReturnEmpty" classname="edu.tec.ic6821.app.users.UserDaoTests" time="0.01"/>
  <testcase name="givenExistingUser_whenFindByUsername_thenReturnUser" classname="edu.tec.ic6821.app.users.UserDaoTests" time="0.009"/>
  <system-out><![CDATA[2021-10-26 14:21:31.990  INFO 10880 --- [    Test worker] .b.t.c.SpringBootTestContextBootstrapper : Neither @ContextConfiguration nor @ContextHierarchy found for test class [edu.tec.ic6821.app.users.UserDaoTests], using SpringBootContextLoader
2021-10-26 14:21:31.990  INFO 10880 --- [    Test worker] o.s.t.c.support.AbstractContextLoader    : Could not detect default resource locations for test class [edu.tec.ic6821.app.users.UserDaoTests]: no resource found for suffixes {-context.xml, Context.groovy}.
2021-10-26 14:21:32.006  INFO 10880 --- [    Test worker] t.c.s.AnnotationConfigContextLoaderUtils : Could not detect default configuration classes for test class [edu.tec.ic6821.app.users.UserDaoTests]: UserDaoTests does not declare any static, non-private, non-final, nested classes annotated with @Configuration.
2021-10-26 14:21:32.006  INFO 10880 --- [    Test worker] .b.t.c.SpringBootTestContextBootstrapper : Found @SpringBootConfiguration edu.tec.ic6821.app.Application for test class edu.tec.ic6821.app.users.UserDaoTests
2021-10-26 14:21:32.006  INFO 10880 --- [    Test worker] .b.t.c.SpringBootTestContextBootstrapper : Loaded default TestExecutionListener class names from location [META-INF/spring.factories]: [org.springframework.boot.test.autoconfigure.restdocs.RestDocsTestExecutionListener, org.springframework.boot.test.autoconfigure.web.client.MockRestServiceServerResetTestExecutionListener, org.springframework.boot.test.autoconfigure.web.servlet.MockMvcPrintOnlyOnFailureTestExecutionListener, org.springframework.boot.test.autoconfigure.web.servlet.WebDriverTestExecutionListener, org.springframework.boot.test.mock.mockito.MockitoTestExecutionListener, org.springframework.boot.test.mock.mockito.ResetMocksTestExecutionListener, org.springframework.test.context.web.ServletTestExecutionListener, org.springframework.test.context.support.DirtiesContextBeforeModesTestExecutionListener, org.springframework.test.context.support.DependencyInjectionTestExecutionListener, org.springframework.test.context.support.DirtiesContextTestExecutionListener, org.springframework.test.context.transaction.TransactionalTestExecutionListener, org.springframework.test.context.jdbc.SqlScriptsTestExecutionListener]
2021-10-26 14:21:32.006  INFO 10880 --- [    Test worker] .b.t.c.SpringBootTestContextBootstrapper : Using TestExecutionListeners: [org.springframework.test.context.web.ServletTestExecutionListener@6da8d80a, org.springframework.test.context.support.DirtiesContextBeforeModesTestExecutionListener@2a651df2, org.springframework.boot.test.mock.mockito.MockitoTestExecutionListener@242b2e9e, org.springframework.boot.test.autoconfigure.SpringBootDependencyInjectionTestExecutionListener@61aa8d8c, org.springframework.test.context.support.DirtiesContextTestExecutionListener@4ae9613b, org.springframework.test.context.transaction.TransactionalTestExecutionListener@48616f19, org.springframework.test.context.jdbc.SqlScriptsTestExecutionListener@35c3e755, org.springframework.boot.test.autoconfigure.restdocs.RestDocsTestExecutionListener@30da8c, org.springframework.boot.test.autoconfigure.web.client.MockRestServiceServerResetTestExecutionListener@1d19308, org.springframework.boot.test.autoconfigure.web.servlet.MockMvcPrintOnlyOnFailureTestExecutionListener@428b3d8c, org.springframework.boot.test.autoconfigure.web.servlet.WebDriverTestExecutionListener@68d893c7, org.springframework.boot.test.mock.mockito.ResetMocksTestExecutionListener@6e3ac0ea]
]]></system-out>
  <system-err><![CDATA[]]></system-err>
</testsuite>
