<?xml version="1.0" encoding="UTF-8"?>
<testsuite name="edu.tec.ic6821.app.greetings.GreetingControllerTests" tests="1" skipped="0" failures="0" errors="0" timestamp="2021-10-27T22:51:18" hostname="davubdell" time="0.028">
  <properties/>
  <testcase name="whenGreet_thenSendGreeting" classname="edu.tec.ic6821.app.greetings.GreetingControllerTests" time="0.028"/>
  <system-out><![CDATA[2021-10-27 16:51:16.862  INFO 21334 --- [    Test worker] .b.t.a.w.s.WebMvcTestContextBootstrapper : Neither @ContextConfiguration nor @ContextHierarchy found for test class [edu.tec.ic6821.app.greetings.GreetingControllerTests], using SpringBootContextLoader
2021-10-27 16:51:16.864  INFO 21334 --- [    Test worker] o.s.t.c.support.AbstractContextLoader    : Could not detect default resource locations for test class [edu.tec.ic6821.app.greetings.GreetingControllerTests]: no resource found for suffixes {-context.xml, Context.groovy}.
2021-10-27 16:51:16.865  INFO 21334 --- [    Test worker] t.c.s.AnnotationConfigContextLoaderUtils : Could not detect default configuration classes for test class [edu.tec.ic6821.app.greetings.GreetingControllerTests]: GreetingControllerTests does not declare any static, non-private, non-final, nested classes annotated with @Configuration.
2021-10-27 16:51:16.879  INFO 21334 --- [    Test worker] .b.t.c.SpringBootTestContextBootstrapper : Found @SpringBootConfiguration edu.tec.ic6821.app.Application for test class edu.tec.ic6821.app.greetings.GreetingControllerTests
2021-10-27 16:51:16.880  INFO 21334 --- [    Test worker] .b.t.a.w.s.WebMvcTestContextBootstrapper : Loaded default TestExecutionListener class names from location [META-INF/spring.factories]: [org.springframework.boot.test.autoconfigure.restdocs.RestDocsTestExecutionListener, org.springframework.boot.test.autoconfigure.web.client.MockRestServiceServerResetTestExecutionListener, org.springframework.boot.test.autoconfigure.web.servlet.MockMvcPrintOnlyOnFailureTestExecutionListener, org.springframework.boot.test.autoconfigure.web.servlet.WebDriverTestExecutionListener, org.springframework.boot.test.mock.mockito.MockitoTestExecutionListener, org.springframework.boot.test.mock.mockito.ResetMocksTestExecutionListener, org.springframework.test.context.web.ServletTestExecutionListener, org.springframework.test.context.support.DirtiesContextBeforeModesTestExecutionListener, org.springframework.test.context.support.DependencyInjectionTestExecutionListener, org.springframework.test.context.support.DirtiesContextTestExecutionListener, org.springframework.test.context.transaction.TransactionalTestExecutionListener, org.springframework.test.context.jdbc.SqlScriptsTestExecutionListener]
2021-10-27 16:51:16.882  INFO 21334 --- [    Test worker] .b.t.a.w.s.WebMvcTestContextBootstrapper : Using TestExecutionListeners: [org.springframework.test.context.web.ServletTestExecutionListener@68350714, org.springframework.test.context.support.DirtiesContextBeforeModesTestExecutionListener@5caa961, org.springframework.boot.test.mock.mockito.MockitoTestExecutionListener@7210c7a8, org.springframework.boot.test.autoconfigure.SpringBootDependencyInjectionTestExecutionListener@358bec5, org.springframework.test.context.support.DirtiesContextTestExecutionListener@4395041d, org.springframework.test.context.transaction.TransactionalTestExecutionListener@13442caf, org.springframework.test.context.jdbc.SqlScriptsTestExecutionListener@671d84e8, org.springframework.boot.test.autoconfigure.restdocs.RestDocsTestExecutionListener@21f5b058, org.springframework.boot.test.autoconfigure.web.client.MockRestServiceServerResetTestExecutionListener@4aabed97, org.springframework.boot.test.autoconfigure.web.servlet.MockMvcPrintOnlyOnFailureTestExecutionListener@78b88139, org.springframework.boot.test.autoconfigure.web.servlet.WebDriverTestExecutionListener@73096002, org.springframework.boot.test.mock.mockito.ResetMocksTestExecutionListener@7ff2694b]

  .   ____          _            __ _ _
 /\\ / ___'_ __ _ _(_)_ __  __ _ \ \ \ \
( ( )\___ | '_ | '_| | '_ \/ _` | \ \ \ \
 \\/  ___)| |_)| | | | | || (_| |  ) ) ) )
  '  |____| .__|_| |_|_| |_\__, | / / / /
 =========|_|==============|___/=/_/_/_/
 :: Spring Boot ::        (v2.1.2.RELEASE)

2021-10-27 16:51:16.920  INFO 21334 --- [    Test worker] e.t.i.a.g.GreetingControllerTests        : Starting GreetingControllerTests on davubdell with PID 21334 (started by davub in /home/davub/TEC/QA/Proyecto-Notas-QA)
2021-10-27 16:51:16.922  INFO 21334 --- [    Test worker] e.t.i.a.g.GreetingControllerTests        : No active profile set, falling back to default profiles: default
2021-10-27 16:51:17.378  INFO 21334 --- [    Test worker] trationDelegate$BeanPostProcessorChecker : Bean 'org.springframework.security.config.annotation.configuration.ObjectPostProcessorConfiguration' of type [org.springframework.security.config.annotation.configuration.ObjectPostProcessorConfiguration$$EnhancerBySpringCGLIB$$9b63af40] is not eligible for getting processed by all BeanPostProcessors (for example: not eligible for auto-proxying)
2021-10-27 16:51:17.383  INFO 21334 --- [    Test worker] trationDelegate$BeanPostProcessorChecker : Bean 'objectPostProcessor' of type [org.springframework.security.config.annotation.configuration.AutowireBeanFactoryObjectPostProcessor] is not eligible for getting processed by all BeanPostProcessors (for example: not eligible for auto-proxying)
2021-10-27 16:51:17.384  INFO 21334 --- [    Test worker] trationDelegate$BeanPostProcessorChecker : Bean 'org.springframework.security.access.expression.method.DefaultMethodSecurityExpressionHandler@6f6e0ccd' of type [org.springframework.security.access.expression.method.DefaultMethodSecurityExpressionHandler] is not eligible for getting processed by all BeanPostProcessors (for example: not eligible for auto-proxying)
2021-10-27 16:51:17.395  INFO 21334 --- [    Test worker] trationDelegate$BeanPostProcessorChecker : Bean 'org.springframework.security.config.annotation.method.configuration.GlobalMethodSecurityConfiguration' of type [org.springframework.security.config.annotation.method.configuration.GlobalMethodSecurityConfiguration$$EnhancerBySpringCGLIB$$c03851f2] is not eligible for getting processed by all BeanPostProcessors (for example: not eligible for auto-proxying)
2021-10-27 16:51:17.400  INFO 21334 --- [    Test worker] trationDelegate$BeanPostProcessorChecker : Bean 'methodSecurityMetadataSource' of type [org.springframework.security.access.method.DelegatingMethodSecurityMetadataSource] is not eligible for getting processed by all BeanPostProcessors (for example: not eligible for auto-proxying)
2021-10-27 16:51:17.979  INFO 21334 --- [    Test worker] o.s.s.web.DefaultSecurityFilterChain     : Creating filter chain: any request, [org.springframework.security.web.context.request.async.WebAsyncManagerIntegrationFilter@4d4f09e6, org.springframework.security.web.context.SecurityContextPersistenceFilter@55da9068, org.springframework.security.web.header.HeaderWriterFilter@4c0e1680, org.springframework.web.filter.CorsFilter@2488c838, org.springframework.security.web.authentication.logout.LogoutFilter@2a147920, edu.tec.ic6821.app.identity.config.JwtAuthTokenFilter@189a1ad3, org.springframework.security.web.savedrequest.RequestCacheAwareFilter@588db6d6, org.springframework.security.web.servletapi.SecurityContextHolderAwareRequestFilter@648b1151, org.springframework.security.web.authentication.AnonymousAuthenticationFilter@110a28f1, org.springframework.security.web.session.SessionManagementFilter@363f0dc5, org.springframework.security.web.access.ExceptionTranslationFilter@622dfee3, org.springframework.security.web.access.intercept.FilterSecurityInterceptor@243ceada]
2021-10-27 16:51:18.296  INFO 21334 --- [    Test worker] o.s.s.concurrent.ThreadPoolTaskExecutor  : Initializing ExecutorService 'applicationTaskExecutor'
2021-10-27 16:51:18.578  INFO 21334 --- [    Test worker] o.s.b.t.m.w.SpringBootMockServletContext : Initializing Spring TestDispatcherServlet ''
2021-10-27 16:51:18.579  INFO 21334 --- [    Test worker] o.s.t.web.servlet.TestDispatcherServlet  : Initializing Servlet ''
2021-10-27 16:51:18.597  INFO 21334 --- [    Test worker] o.s.t.web.servlet.TestDispatcherServlet  : Completed initialization in 17 ms
2021-10-27 16:51:18.646  INFO 21334 --- [    Test worker] e.t.i.a.g.GreetingControllerTests        : Started GreetingControllerTests in 1.758 seconds (JVM running for 37.63)
]]></system-out>
  <system-err><![CDATA[]]></system-err>
</testsuite>
