<?xml version="1.0" encoding="UTF-8"?>
<testsuite name="edu.tec.ic6821.app.greetings.GreetingControllerTests" tests="1" skipped="0" failures="0" errors="0" timestamp="2021-11-03T04:39:30" hostname="DESKTOP-BBT0BUV" time="0.386">
  <properties/>
  <testcase name="whenGreet_thenSendGreeting" classname="edu.tec.ic6821.app.greetings.GreetingControllerTests" time="0.386"/>
  <system-out><![CDATA[2021-11-02 22:39:27.444  INFO 7932 --- [    Test worker] .b.t.a.w.s.WebMvcTestContextBootstrapper : Neither @ContextConfiguration nor @ContextHierarchy found for test class [edu.tec.ic6821.app.greetings.GreetingControllerTests], using SpringBootContextLoader
2021-11-02 22:39:27.460  INFO 7932 --- [    Test worker] o.s.t.c.support.AbstractContextLoader    : Could not detect default resource locations for test class [edu.tec.ic6821.app.greetings.GreetingControllerTests]: no resource found for suffixes {-context.xml, Context.groovy}.
2021-11-02 22:39:27.460  INFO 7932 --- [    Test worker] t.c.s.AnnotationConfigContextLoaderUtils : Could not detect default configuration classes for test class [edu.tec.ic6821.app.greetings.GreetingControllerTests]: GreetingControllerTests does not declare any static, non-private, non-final, nested classes annotated with @Configuration.
2021-11-02 22:39:27.507  INFO 7932 --- [    Test worker] .b.t.c.SpringBootTestContextBootstrapper : Found @SpringBootConfiguration edu.tec.ic6821.app.Application for test class edu.tec.ic6821.app.greetings.GreetingControllerTests
2021-11-02 22:39:27.507  INFO 7932 --- [    Test worker] .b.t.a.w.s.WebMvcTestContextBootstrapper : Loaded default TestExecutionListener class names from location [META-INF/spring.factories]: [org.springframework.boot.test.autoconfigure.restdocs.RestDocsTestExecutionListener, org.springframework.boot.test.autoconfigure.web.client.MockRestServiceServerResetTestExecutionListener, org.springframework.boot.test.autoconfigure.web.servlet.MockMvcPrintOnlyOnFailureTestExecutionListener, org.springframework.boot.test.autoconfigure.web.servlet.WebDriverTestExecutionListener, org.springframework.boot.test.mock.mockito.MockitoTestExecutionListener, org.springframework.boot.test.mock.mockito.ResetMocksTestExecutionListener, org.springframework.test.context.web.ServletTestExecutionListener, org.springframework.test.context.support.DirtiesContextBeforeModesTestExecutionListener, org.springframework.test.context.support.DependencyInjectionTestExecutionListener, org.springframework.test.context.support.DirtiesContextTestExecutionListener, org.springframework.test.context.transaction.TransactionalTestExecutionListener, org.springframework.test.context.jdbc.SqlScriptsTestExecutionListener]
2021-11-02 22:39:27.507  INFO 7932 --- [    Test worker] .b.t.a.w.s.WebMvcTestContextBootstrapper : Using TestExecutionListeners: [org.springframework.test.context.web.ServletTestExecutionListener@18e2ac09, org.springframework.test.context.support.DirtiesContextBeforeModesTestExecutionListener@3756cdc5, org.springframework.boot.test.mock.mockito.MockitoTestExecutionListener@25d31436, org.springframework.boot.test.autoconfigure.SpringBootDependencyInjectionTestExecutionListener@285ff3bf, org.springframework.test.context.support.DirtiesContextTestExecutionListener@25d08059, org.springframework.test.context.transaction.TransactionalTestExecutionListener@24e949c3, org.springframework.test.context.jdbc.SqlScriptsTestExecutionListener@19a68bcc, org.springframework.boot.test.autoconfigure.restdocs.RestDocsTestExecutionListener@4e33514c, org.springframework.boot.test.autoconfigure.web.client.MockRestServiceServerResetTestExecutionListener@6fc0d29b, org.springframework.boot.test.autoconfigure.web.servlet.MockMvcPrintOnlyOnFailureTestExecutionListener@18939f1, org.springframework.boot.test.autoconfigure.web.servlet.WebDriverTestExecutionListener@2cdc2ae7, org.springframework.boot.test.mock.mockito.ResetMocksTestExecutionListener@7831b701]

  .   ____          _            __ _ _
 /\\ / ___'_ __ _ _(_)_ __  __ _ \ \ \ \
( ( )\___ | '_ | '_| | '_ \/ _` | \ \ \ \
 \\/  ___)| |_)| | | | | || (_| |  ) ) ) )
  '  |____| .__|_| |_|_| |_\__, | / / / /
 =========|_|==============|___/=/_/_/_/
 :: Spring Boot ::        (v2.1.2.RELEASE)

2021-11-02 22:39:27.585  INFO 7932 --- [    Test worker] e.t.i.a.g.GreetingControllerTests        : Starting GreetingControllerTests on DESKTOP-BBT0BUV with PID 7932 (started by Brenda in C:\Users\Brenda\Desktop\Proyecto QA\Proyecto-Notas-QA)
2021-11-02 22:39:27.585  INFO 7932 --- [    Test worker] e.t.i.a.g.GreetingControllerTests        : No active profile set, falling back to default profiles: default
2021-11-02 22:39:28.632  INFO 7932 --- [    Test worker] trationDelegate$BeanPostProcessorChecker : Bean 'org.springframework.security.config.annotation.configuration.ObjectPostProcessorConfiguration' of type [org.springframework.security.config.annotation.configuration.ObjectPostProcessorConfiguration$$EnhancerBySpringCGLIB$$84f555ee] is not eligible for getting processed by all BeanPostProcessors (for example: not eligible for auto-proxying)
2021-11-02 22:39:28.632  INFO 7932 --- [    Test worker] trationDelegate$BeanPostProcessorChecker : Bean 'objectPostProcessor' of type [org.springframework.security.config.annotation.configuration.AutowireBeanFactoryObjectPostProcessor] is not eligible for getting processed by all BeanPostProcessors (for example: not eligible for auto-proxying)
2021-11-02 22:39:28.632  INFO 7932 --- [    Test worker] trationDelegate$BeanPostProcessorChecker : Bean 'org.springframework.security.access.expression.method.DefaultMethodSecurityExpressionHandler@3ce6fac0' of type [org.springframework.security.access.expression.method.DefaultMethodSecurityExpressionHandler] is not eligible for getting processed by all BeanPostProcessors (for example: not eligible for auto-proxying)
2021-11-02 22:39:28.647  INFO 7932 --- [    Test worker] trationDelegate$BeanPostProcessorChecker : Bean 'org.springframework.security.config.annotation.method.configuration.GlobalMethodSecurityConfiguration' of type [org.springframework.security.config.annotation.method.configuration.GlobalMethodSecurityConfiguration$$EnhancerBySpringCGLIB$$a9c9f8a0] is not eligible for getting processed by all BeanPostProcessors (for example: not eligible for auto-proxying)
2021-11-02 22:39:28.663  INFO 7932 --- [    Test worker] trationDelegate$BeanPostProcessorChecker : Bean 'methodSecurityMetadataSource' of type [org.springframework.security.access.method.DelegatingMethodSecurityMetadataSource] is not eligible for getting processed by all BeanPostProcessors (for example: not eligible for auto-proxying)
2021-11-02 22:39:29.460  INFO 7932 --- [    Test worker] o.s.s.web.DefaultSecurityFilterChain     : Creating filter chain: any request, [org.springframework.security.web.context.request.async.WebAsyncManagerIntegrationFilter@58c5fc32, org.springframework.security.web.context.SecurityContextPersistenceFilter@b99d55f, org.springframework.security.web.header.HeaderWriterFilter@6b67e796, org.springframework.web.filter.CorsFilter@76a66c9a, org.springframework.security.web.authentication.logout.LogoutFilter@491d24ea, edu.tec.ic6821.app.identity.config.JwtAuthTokenFilter@39b6f9fa, org.springframework.security.web.savedrequest.RequestCacheAwareFilter@6cd0e715, org.springframework.security.web.servletapi.SecurityContextHolderAwareRequestFilter@385fe64e, org.springframework.security.web.authentication.AnonymousAuthenticationFilter@5776c0d, org.springframework.security.web.session.SessionManagementFilter@58c52ec9, org.springframework.security.web.access.ExceptionTranslationFilter@5ec73d24, org.springframework.security.web.access.intercept.FilterSecurityInterceptor@635ae394]
2021-11-02 22:39:29.929  INFO 7932 --- [    Test worker] o.s.s.concurrent.ThreadPoolTaskExecutor  : Initializing ExecutorService 'applicationTaskExecutor'
2021-11-02 22:39:30.272  INFO 7932 --- [    Test worker] o.s.b.t.m.w.SpringBootMockServletContext : Initializing Spring TestDispatcherServlet ''
2021-11-02 22:39:30.272  INFO 7932 --- [    Test worker] o.s.t.web.servlet.TestDispatcherServlet  : Initializing Servlet ''
2021-11-02 22:39:30.319  INFO 7932 --- [    Test worker] o.s.t.web.servlet.TestDispatcherServlet  : Completed initialization in 47 ms
2021-11-02 22:39:30.382  INFO 7932 --- [    Test worker] e.t.i.a.g.GreetingControllerTests        : Started GreetingControllerTests in 2.859 seconds (JVM running for 27.717)
]]></system-out>
  <system-err><![CDATA[]]></system-err>
</testsuite>
