<?xml version="1.0" encoding="UTF-8"?>
<testsuite name="edu.tec.ic6821.app.notetests.NoteServiceTest" tests="1" skipped="0" failures="0" errors="0" timestamp="2021-10-17T23:21:53" hostname="DESKTOP-BBT0BUV" time="0.01">
  <properties/>
  <testcase name="givenNewNote_whenCreate_thenReturnNewNote" classname="edu.tec.ic6821.app.notetests.NoteServiceTest" time="0.01"/>
  <system-out><![CDATA[2021-10-17 17:21:53.735  INFO 7816 --- [    Test worker] o.s.t.c.s.DefaultTestContextBootstrapper : Neither @ContextConfiguration nor @ContextHierarchy found for test class [edu.tec.ic6821.app.notetests.NoteServiceTest], using DelegatingSmartContextLoader
2021-10-17 17:21:53.735  INFO 7816 --- [    Test worker] o.s.t.c.support.AbstractContextLoader    : Could not detect default resource locations for test class [edu.tec.ic6821.app.notetests.NoteServiceTest]: no resource found for suffixes {-context.xml}.
2021-10-17 17:21:53.751  INFO 7816 --- [    Test worker] c.s.AbstractDelegatingSmartContextLoader : AnnotationConfigContextLoader detected default configuration classes for context configuration [ContextConfigurationAttributes@6afc89be declaringClass = 'edu.tec.ic6821.app.notetests.NoteServiceTest', classes = '{class edu.tec.ic6821.app.notetests.NoteServiceTest$NoteServiceTestsConfiguration}', locations = '{}', inheritLocations = false, initializers = '{}', inheritInitializers = true, name = [null], contextLoaderClass = 'org.springframework.test.context.ContextLoader'].
2021-10-17 17:21:53.751  INFO 7816 --- [    Test worker] o.s.t.c.s.DefaultTestContextBootstrapper : Loaded default TestExecutionListener class names from location [META-INF/spring.factories]: [org.springframework.boot.test.autoconfigure.restdocs.RestDocsTestExecutionListener, org.springframework.boot.test.autoconfigure.web.client.MockRestServiceServerResetTestExecutionListener, org.springframework.boot.test.autoconfigure.web.servlet.MockMvcPrintOnlyOnFailureTestExecutionListener, org.springframework.boot.test.autoconfigure.web.servlet.WebDriverTestExecutionListener, org.springframework.boot.test.mock.mockito.MockitoTestExecutionListener, org.springframework.boot.test.mock.mockito.ResetMocksTestExecutionListener, org.springframework.test.context.web.ServletTestExecutionListener, org.springframework.test.context.support.DirtiesContextBeforeModesTestExecutionListener, org.springframework.test.context.support.DependencyInjectionTestExecutionListener, org.springframework.test.context.support.DirtiesContextTestExecutionListener, org.springframework.test.context.transaction.TransactionalTestExecutionListener, org.springframework.test.context.jdbc.SqlScriptsTestExecutionListener]
2021-10-17 17:21:53.751  INFO 7816 --- [    Test worker] o.s.t.c.s.DefaultTestContextBootstrapper : Using TestExecutionListeners: [org.springframework.test.context.web.ServletTestExecutionListener@2b62a20c, org.springframework.test.context.support.DirtiesContextBeforeModesTestExecutionListener@61d4eee7, org.springframework.boot.test.mock.mockito.MockitoTestExecutionListener@6feb3a1a, org.springframework.test.context.support.DependencyInjectionTestExecutionListener@1a23ddae, org.springframework.test.context.support.DirtiesContextTestExecutionListener@24ef7e24, org.springframework.test.context.transaction.TransactionalTestExecutionListener@620a0f88, org.springframework.test.context.jdbc.SqlScriptsTestExecutionListener@5407d239, org.springframework.boot.test.autoconfigure.restdocs.RestDocsTestExecutionListener@504dbbba, org.springframework.boot.test.autoconfigure.web.client.MockRestServiceServerResetTestExecutionListener@f0ce1c9, org.springframework.boot.test.autoconfigure.web.servlet.MockMvcPrintOnlyOnFailureTestExecutionListener@3d48c9ef, org.springframework.boot.test.autoconfigure.web.servlet.WebDriverTestExecutionListener@57b45265, org.springframework.boot.test.mock.mockito.ResetMocksTestExecutionListener@6a99b342]
]]></system-out>
  <system-err><![CDATA[]]></system-err>
</testsuite>
