<?xml version="1.0" encoding="UTF-8"?>
<testsuite name="edu.tec.ic6821.app.users.UserControllerTests" tests="3" skipped="0" failures="0" errors="0" timestamp="2021-10-26T23:47:10" hostname="DESKTOP-BBT0BUV" time="0.396">
  <properties/>
  <testcase name="givenEmptyUsername_whenSignUp_thenSendBadRequest" classname="edu.tec.ic6821.app.users.UserControllerTests" time="0.126"/>
  <testcase name="givenEmptyPassword_whenSignUp_thenSendBadRequest" classname="edu.tec.ic6821.app.users.UserControllerTests" time="0.01"/>
  <testcase name="givenValidCredentials_whenSignUp_thenSendUser" classname="edu.tec.ic6821.app.users.UserControllerTests" time="0.256"/>
  <system-out><![CDATA[2021-10-26 17:47:08.729  INFO 3192 --- [    Test worker] .b.t.a.w.s.WebMvcTestContextBootstrapper : Neither @ContextConfiguration nor @ContextHierarchy found for test class [edu.tec.ic6821.app.users.UserControllerTests], using SpringBootContextLoader
2021-10-26 17:47:08.729  INFO 3192 --- [    Test worker] o.s.t.c.support.AbstractContextLoader    : Could not detect default resource locations for test class [edu.tec.ic6821.app.users.UserControllerTests]: no resource found for suffixes {-context.xml, Context.groovy}.
2021-10-26 17:47:08.729  INFO 3192 --- [    Test worker] t.c.s.AnnotationConfigContextLoaderUtils : Could not detect default configuration classes for test class [edu.tec.ic6821.app.users.UserControllerTests]: UserControllerTests does not declare any static, non-private, non-final, nested classes annotated with @Configuration.
2021-10-26 17:47:08.745  INFO 3192 --- [    Test worker] .b.t.c.SpringBootTestContextBootstrapper : Found @SpringBootConfiguration edu.tec.ic6821.app.Application for test class edu.tec.ic6821.app.users.UserControllerTests
2021-10-26 17:47:08.745  INFO 3192 --- [    Test worker] .b.t.a.w.s.WebMvcTestContextBootstrapper : Loaded default TestExecutionListener class names from location [META-INF/spring.factories]: [org.springframework.boot.test.autoconfigure.restdocs.RestDocsTestExecutionListener, org.springframework.boot.test.autoconfigure.web.client.MockRestServiceServerResetTestExecutionListener, org.springframework.boot.test.autoconfigure.web.servlet.MockMvcPrintOnlyOnFailureTestExecutionListener, org.springframework.boot.test.autoconfigure.web.servlet.WebDriverTestExecutionListener, org.springframework.boot.test.mock.mockito.MockitoTestExecutionListener, org.springframework.boot.test.mock.mockito.ResetMocksTestExecutionListener, org.springframework.test.context.web.ServletTestExecutionListener, org.springframework.test.context.support.DirtiesContextBeforeModesTestExecutionListener, org.springframework.test.context.support.DependencyInjectionTestExecutionListener, org.springframework.test.context.support.DirtiesContextTestExecutionListener, org.springframework.test.context.transaction.TransactionalTestExecutionListener, org.springframework.test.context.jdbc.SqlScriptsTestExecutionListener]
2021-10-26 17:47:08.745  INFO 3192 --- [    Test worker] .b.t.a.w.s.WebMvcTestContextBootstrapper : Using TestExecutionListeners: [org.springframework.test.context.web.ServletTestExecutionListener@497d3b07, org.springframework.test.context.support.DirtiesContextBeforeModesTestExecutionListener@637173bd, org.springframework.boot.test.mock.mockito.MockitoTestExecutionListener@62105a8d, org.springframework.boot.test.autoconfigure.SpringBootDependencyInjectionTestExecutionListener@633f2b68, org.springframework.test.context.support.DirtiesContextTestExecutionListener@433a910b, org.springframework.test.context.transaction.TransactionalTestExecutionListener@2bbeee4a, org.springframework.test.context.jdbc.SqlScriptsTestExecutionListener@4b1a1d82, org.springframework.boot.test.autoconfigure.restdocs.RestDocsTestExecutionListener@51641be2, org.springframework.boot.test.autoconfigure.web.client.MockRestServiceServerResetTestExecutionListener@46416a0c, org.springframework.boot.test.autoconfigure.web.servlet.MockMvcPrintOnlyOnFailureTestExecutionListener@1a510030, org.springframework.boot.test.autoconfigure.web.servlet.WebDriverTestExecutionListener@13cf8f5, org.springframework.boot.test.mock.mockito.ResetMocksTestExecutionListener@70f6583b]

  .   ____          _            __ _ _
 /\\ / ___'_ __ _ _(_)_ __  __ _ \ \ \ \
( ( )\___ | '_ | '_| | '_ \/ _` | \ \ \ \
 \\/  ___)| |_)| | | | | || (_| |  ) ) ) )
  '  |____| .__|_| |_|_| |_\__, | / / / /
 =========|_|==============|___/=/_/_/_/
 :: Spring Boot ::        (v2.1.2.RELEASE)

2021-10-26 17:47:08.792  INFO 3192 --- [    Test worker] e.t.i.app.users.UserControllerTests      : Starting UserControllerTests on DESKTOP-BBT0BUV with PID 3192 (started by Brenda in C:\Users\Brenda\Desktop\Proyecto QA\Proyecto-Notas-QA)
2021-10-26 17:47:08.792  INFO 3192 --- [    Test worker] e.t.i.app.users.UserControllerTests      : No active profile set, falling back to default profiles: default
2021-10-26 17:47:09.151  INFO 3192 --- [    Test worker] trationDelegate$BeanPostProcessorChecker : Bean 'org.springframework.security.config.annotation.configuration.ObjectPostProcessorConfiguration' of type [org.springframework.security.config.annotation.configuration.ObjectPostProcessorConfiguration$$EnhancerBySpringCGLIB$$cb983b99] is not eligible for getting processed by all BeanPostProcessors (for example: not eligible for auto-proxying)
2021-10-26 17:47:09.151  INFO 3192 --- [    Test worker] trationDelegate$BeanPostProcessorChecker : Bean 'objectPostProcessor' of type [org.springframework.security.config.annotation.configuration.AutowireBeanFactoryObjectPostProcessor] is not eligible for getting processed by all BeanPostProcessors (for example: not eligible for auto-proxying)
2021-10-26 17:47:09.151  INFO 3192 --- [    Test worker] trationDelegate$BeanPostProcessorChecker : Bean 'org.springframework.security.access.expression.method.DefaultMethodSecurityExpressionHandler@701a0292' of type [org.springframework.security.access.expression.method.DefaultMethodSecurityExpressionHandler] is not eligible for getting processed by all BeanPostProcessors (for example: not eligible for auto-proxying)
2021-10-26 17:47:09.167  INFO 3192 --- [    Test worker] trationDelegate$BeanPostProcessorChecker : Bean 'org.springframework.security.config.annotation.method.configuration.GlobalMethodSecurityConfiguration' of type [org.springframework.security.config.annotation.method.configuration.GlobalMethodSecurityConfiguration$$EnhancerBySpringCGLIB$$f06cde4b] is not eligible for getting processed by all BeanPostProcessors (for example: not eligible for auto-proxying)
2021-10-26 17:47:09.167  INFO 3192 --- [    Test worker] trationDelegate$BeanPostProcessorChecker : Bean 'methodSecurityMetadataSource' of type [org.springframework.security.access.method.DelegatingMethodSecurityMetadataSource] is not eligible for getting processed by all BeanPostProcessors (for example: not eligible for auto-proxying)
2021-10-26 17:47:09.651  INFO 3192 --- [    Test worker] o.s.s.web.DefaultSecurityFilterChain     : Creating filter chain: any request, [org.springframework.security.web.context.request.async.WebAsyncManagerIntegrationFilter@2f1357eb, org.springframework.security.web.context.SecurityContextPersistenceFilter@736ac6c4, org.springframework.security.web.header.HeaderWriterFilter@7018c301, org.springframework.web.filter.CorsFilter@c07bfc4, org.springframework.security.web.authentication.logout.LogoutFilter@8a3072b, edu.tec.ic6821.app.identity.config.JwtAuthTokenFilter@6adaf3b3, org.springframework.security.web.savedrequest.RequestCacheAwareFilter@245cce53, org.springframework.security.web.servletapi.SecurityContextHolderAwareRequestFilter@12ea0112, org.springframework.security.web.authentication.AnonymousAuthenticationFilter@d36d4f3, org.springframework.security.web.session.SessionManagementFilter@48aa5f23, org.springframework.security.web.access.ExceptionTranslationFilter@3b1d8f9d, org.springframework.security.web.access.intercept.FilterSecurityInterceptor@60668e84]
2021-10-26 17:47:09.917  INFO 3192 --- [    Test worker] o.s.s.concurrent.ThreadPoolTaskExecutor  : Initializing ExecutorService 'applicationTaskExecutor'
2021-10-26 17:47:10.167  INFO 3192 --- [    Test worker] o.s.b.t.m.w.SpringBootMockServletContext : Initializing Spring TestDispatcherServlet ''
2021-10-26 17:47:10.167  INFO 3192 --- [    Test worker] o.s.t.web.servlet.TestDispatcherServlet  : Initializing Servlet ''
2021-10-26 17:47:10.182  INFO 3192 --- [    Test worker] o.s.t.web.servlet.TestDispatcherServlet  : Completed initialization in 15 ms
2021-10-26 17:47:10.229  INFO 3192 --- [    Test worker] e.t.i.app.users.UserControllerTests      : Started UserControllerTests in 1.484 seconds (JVM running for 23.122)
2021-10-26 17:47:10.354  WARN 3192 --- [    Test worker] .w.s.m.s.DefaultHandlerExceptionResolver : Resolved [org.springframework.web.bind.MethodArgumentNotValidException: Validation failed for argument [0] in public org.springframework.http.ResponseEntity<?> edu.tec.ic6821.app.identity.controller.UserController.signup(edu.tec.ic6821.app.identity.dto.CredentialsDto): [Field error in object 'credentialsDto' on field 'username': rejected value [null]; codes [NotBlank.credentialsDto.username,NotBlank.username,NotBlank.java.lang.String,NotBlank]; arguments [org.springframework.context.support.DefaultMessageSourceResolvable: codes [credentialsDto.username,username]; arguments []; default message [username]]; default message [must not be blank]] ]
2021-10-26 17:47:10.354  WARN 3192 --- [    Test worker] .w.s.m.s.DefaultHandlerExceptionResolver : Resolved [org.springframework.web.bind.MethodArgumentNotValidException: Validation failed for argument [0] in public org.springframework.http.ResponseEntity<?> edu.tec.ic6821.app.identity.controller.UserController.signup(edu.tec.ic6821.app.identity.dto.CredentialsDto): [Field error in object 'credentialsDto' on field 'password': rejected value [null]; codes [NotBlank.credentialsDto.password,NotBlank.password,NotBlank.java.lang.String,NotBlank]; arguments [org.springframework.context.support.DefaultMessageSourceResolvable: codes [credentialsDto.password,password]; arguments []; default message [password]]; default message [must not be blank]] ]
]]></system-out>
  <system-err><![CDATA[]]></system-err>
</testsuite>
