<?xml version="1.0" encoding="UTF-8"?>
<testsuite name="edu.tec.ic6821.app.common.EmailServiceTests" tests="1" skipped="0" failures="0" errors="0" timestamp="2021-10-26T20:21:22" hostname="DESKTOP-BBT0BUV" time="1.204">
  <properties/>
  <testcase name="shouldSendSampleMail" classname="edu.tec.ic6821.app.common.EmailServiceTests" time="1.204"/>
  <system-out><![CDATA[2021-10-26 14:21:18.714  INFO 10880 --- [    Test worker] .b.t.c.SpringBootTestContextBootstrapper : Neither @ContextConfiguration nor @ContextHierarchy found for test class [edu.tec.ic6821.app.common.EmailServiceTests], using SpringBootContextLoader
2021-10-26 14:21:18.729  INFO 10880 --- [    Test worker] o.s.t.c.support.AbstractContextLoader    : Could not detect default resource locations for test class [edu.tec.ic6821.app.common.EmailServiceTests]: no resource found for suffixes {-context.xml, Context.groovy}.
2021-10-26 14:21:18.729  INFO 10880 --- [    Test worker] t.c.s.AnnotationConfigContextLoaderUtils : Could not detect default configuration classes for test class [edu.tec.ic6821.app.common.EmailServiceTests]: EmailServiceTests does not declare any static, non-private, non-final, nested classes annotated with @Configuration.
2021-10-26 14:21:18.760  INFO 10880 --- [    Test worker] .b.t.c.SpringBootTestContextBootstrapper : Found @SpringBootConfiguration edu.tec.ic6821.app.Application for test class edu.tec.ic6821.app.common.EmailServiceTests
2021-10-26 14:21:18.760  INFO 10880 --- [    Test worker] .b.t.c.SpringBootTestContextBootstrapper : Loaded default TestExecutionListener class names from location [META-INF/spring.factories]: [org.springframework.boot.test.autoconfigure.restdocs.RestDocsTestExecutionListener, org.springframework.boot.test.autoconfigure.web.client.MockRestServiceServerResetTestExecutionListener, org.springframework.boot.test.autoconfigure.web.servlet.MockMvcPrintOnlyOnFailureTestExecutionListener, org.springframework.boot.test.autoconfigure.web.servlet.WebDriverTestExecutionListener, org.springframework.boot.test.mock.mockito.MockitoTestExecutionListener, org.springframework.boot.test.mock.mockito.ResetMocksTestExecutionListener, org.springframework.test.context.web.ServletTestExecutionListener, org.springframework.test.context.support.DirtiesContextBeforeModesTestExecutionListener, org.springframework.test.context.support.DependencyInjectionTestExecutionListener, org.springframework.test.context.support.DirtiesContextTestExecutionListener, org.springframework.test.context.transaction.TransactionalTestExecutionListener, org.springframework.test.context.jdbc.SqlScriptsTestExecutionListener]
2021-10-26 14:21:18.760  INFO 10880 --- [    Test worker] .b.t.c.SpringBootTestContextBootstrapper : Using TestExecutionListeners: [org.springframework.test.context.web.ServletTestExecutionListener@72188058, org.springframework.test.context.support.DirtiesContextBeforeModesTestExecutionListener@334c7006, org.springframework.boot.test.mock.mockito.MockitoTestExecutionListener@52eff8cd, org.springframework.boot.test.autoconfigure.SpringBootDependencyInjectionTestExecutionListener@74543ff5, org.springframework.test.context.support.DirtiesContextTestExecutionListener@42f86b67, org.springframework.test.context.transaction.TransactionalTestExecutionListener@12e4ff7e, org.springframework.test.context.jdbc.SqlScriptsTestExecutionListener@3f60447f, org.springframework.boot.test.autoconfigure.restdocs.RestDocsTestExecutionListener@6a1e6ff1, org.springframework.boot.test.autoconfigure.web.client.MockRestServiceServerResetTestExecutionListener@6bbc9286, org.springframework.boot.test.autoconfigure.web.servlet.MockMvcPrintOnlyOnFailureTestExecutionListener@5e968f80, org.springframework.boot.test.autoconfigure.web.servlet.WebDriverTestExecutionListener@63687b91, org.springframework.boot.test.mock.mockito.ResetMocksTestExecutionListener@7a90e1ea]

  .   ____          _            __ _ _
 /\\ / ___'_ __ _ _(_)_ __  __ _ \ \ \ \
( ( )\___ | '_ | '_| | '_ \/ _` | \ \ \ \
 \\/  ___)| |_)| | | | | || (_| |  ) ) ) )
  '  |____| .__|_| |_|_| |_\__, | / / / /
 =========|_|==============|___/=/_/_/_/
 :: Spring Boot ::        (v2.1.2.RELEASE)

2021-10-26 14:21:18.870  INFO 10880 --- [    Test worker] e.t.ic6821.app.common.EmailServiceTests  : Starting EmailServiceTests on DESKTOP-BBT0BUV with PID 10880 (started by Brenda in C:\Users\Brenda\Desktop\Proyecto QA\Proyecto-Notas-QA)
2021-10-26 14:21:18.870  INFO 10880 --- [    Test worker] e.t.ic6821.app.common.EmailServiceTests  : No active profile set, falling back to default profiles: default
2021-10-26 14:21:19.620  INFO 10880 --- [    Test worker] .s.d.r.c.RepositoryConfigurationDelegate : Bootstrapping Spring Data repositories in DEFAULT mode.
2021-10-26 14:21:19.651  INFO 10880 --- [    Test worker] .s.d.r.c.RepositoryConfigurationDelegate : Finished Spring Data repository scanning in 31ms. Found 0 repository interfaces.
2021-10-26 14:21:19.870  INFO 10880 --- [    Test worker] trationDelegate$BeanPostProcessorChecker : Bean 'org.springframework.transaction.annotation.ProxyTransactionManagementConfiguration' of type [org.springframework.transaction.annotation.ProxyTransactionManagementConfiguration$$EnhancerBySpringCGLIB$$917ab169] is not eligible for getting processed by all BeanPostProcessors (for example: not eligible for auto-proxying)
2021-10-26 14:21:19.916  INFO 10880 --- [    Test worker] trationDelegate$BeanPostProcessorChecker : Bean 'org.springframework.security.config.annotation.configuration.ObjectPostProcessorConfiguration' of type [org.springframework.security.config.annotation.configuration.ObjectPostProcessorConfiguration$$EnhancerBySpringCGLIB$$2a2879a3] is not eligible for getting processed by all BeanPostProcessors (for example: not eligible for auto-proxying)
2021-10-26 14:21:19.932  INFO 10880 --- [    Test worker] trationDelegate$BeanPostProcessorChecker : Bean 'objectPostProcessor' of type [org.springframework.security.config.annotation.configuration.AutowireBeanFactoryObjectPostProcessor] is not eligible for getting processed by all BeanPostProcessors (for example: not eligible for auto-proxying)
2021-10-26 14:21:19.932  INFO 10880 --- [    Test worker] trationDelegate$BeanPostProcessorChecker : Bean 'org.springframework.security.access.expression.method.DefaultMethodSecurityExpressionHandler@581f2750' of type [org.springframework.security.access.expression.method.DefaultMethodSecurityExpressionHandler] is not eligible for getting processed by all BeanPostProcessors (for example: not eligible for auto-proxying)
2021-10-26 14:21:19.948  INFO 10880 --- [    Test worker] trationDelegate$BeanPostProcessorChecker : Bean 'org.springframework.security.config.annotation.method.configuration.GlobalMethodSecurityConfiguration' of type [org.springframework.security.config.annotation.method.configuration.GlobalMethodSecurityConfiguration$$EnhancerBySpringCGLIB$$4efd1c55] is not eligible for getting processed by all BeanPostProcessors (for example: not eligible for auto-proxying)
2021-10-26 14:21:19.963  INFO 10880 --- [    Test worker] trationDelegate$BeanPostProcessorChecker : Bean 'methodSecurityMetadataSource' of type [org.springframework.security.access.method.DelegatingMethodSecurityMetadataSource] is not eligible for getting processed by all BeanPostProcessors (for example: not eligible for auto-proxying)
2021-10-26 14:21:20.120  INFO 10880 --- [    Test worker] com.zaxxer.hikari.HikariDataSource       : HikariPool-2 - Starting...
2021-10-26 14:21:20.120  WARN 10880 --- [    Test worker] com.zaxxer.hikari.util.DriverDataSource  : Registered driver with driverClassName=org.hsqldb.jdbcDriver was not found, trying direct instantiation.
2021-10-26 14:21:20.120  INFO 10880 --- [    Test worker] com.zaxxer.hikari.pool.PoolBase          : HikariPool-2 - Driver does not support get/set network timeout for connections. (caracterÃ­stica no soportada)
2021-10-26 14:21:20.135  INFO 10880 --- [    Test worker] com.zaxxer.hikari.HikariDataSource       : HikariPool-2 - Start completed.
2021-10-26 14:21:20.135  INFO 10880 --- [    Test worker] o.f.c.internal.database.DatabaseFactory  : Database: jdbc:hsqldb:mem:testdb (HSQL Database Engine 2.4)
2021-10-26 14:21:20.166  INFO 10880 --- [    Test worker] o.f.core.internal.command.DbValidate     : Successfully validated 2 migrations (execution time 00:00.013s)
2021-10-26 14:21:20.166  INFO 10880 --- [    Test worker] o.f.core.internal.command.DbMigrate      : Current version of schema "PUBLIC": 0002
2021-10-26 14:21:20.182  INFO 10880 --- [    Test worker] o.f.core.internal.command.DbMigrate      : Schema "PUBLIC" is up to date. No migration necessary.
2021-10-26 14:21:20.354  INFO 10880 --- [    Test worker] o.hibernate.jpa.internal.util.LogHelper  : HHH000204: Processing PersistenceUnitInfo [
	name: default
	...]
2021-10-26 14:21:20.416  INFO 10880 --- [    Test worker] org.hibernate.dialect.Dialect            : HHH000400: Using dialect: org.hibernate.dialect.HSQLDialect
2021-10-26 14:21:20.448  INFO 10880 --- [    Test worker] j.LocalContainerEntityManagerFactoryBean : Initialized JPA EntityManagerFactory for persistence unit 'default'
2021-10-26 14:21:21.182  WARN 10880 --- [    Test worker] aWebConfiguration$JpaWebMvcConfiguration : spring.jpa.open-in-view is enabled by default. Therefore, database queries may be performed during view rendering. Explicitly configure spring.jpa.open-in-view to disable this warning
2021-10-26 14:21:21.369  INFO 10880 --- [    Test worker] o.s.s.web.DefaultSecurityFilterChain     : Creating filter chain: any request, [org.springframework.security.web.context.request.async.WebAsyncManagerIntegrationFilter@a144fdc, org.springframework.security.web.context.SecurityContextPersistenceFilter@298c1a9, org.springframework.security.web.header.HeaderWriterFilter@4b58d5fa, org.springframework.web.filter.CorsFilter@14e3acc0, org.springframework.security.web.authentication.logout.LogoutFilter@4a5b60c9, edu.tec.ic6821.app.identity.config.JwtAuthTokenFilter@1e354b7, org.springframework.security.web.savedrequest.RequestCacheAwareFilter@12033cfd, org.springframework.security.web.servletapi.SecurityContextHolderAwareRequestFilter@1f79cc42, org.springframework.security.web.authentication.AnonymousAuthenticationFilter@42351d5, org.springframework.security.web.session.SessionManagementFilter@64b6282c, org.springframework.security.web.access.ExceptionTranslationFilter@5778fe71, org.springframework.security.web.access.intercept.FilterSecurityInterceptor@5be401d8]
2021-10-26 14:21:21.979  INFO 10880 --- [    Test worker] o.s.s.concurrent.ThreadPoolTaskExecutor  : Initializing ExecutorService 'applicationTaskExecutor'
2021-10-26 14:21:22.619  INFO 10880 --- [    Test worker] e.t.ic6821.app.common.EmailServiceTests  : Started EmailServiceTests in 3.859 seconds (JVM running for 19.538)
2021-10-26 14:21:23.807  INFO 10880 --- [127.0.0.1:50915] com.icegreen.greenmail.smtp.SmtpManager  : Created user login someone@somemail.com for address someone@somemail.com with password someone@somemail.com because it didn't exist before.
receivedMessages[0] = <!DOCTYPE html>
<html lang="en" xmlns="http://www.w3.org/1999/xhtml">
<head></head>
<body>
<h1>!Hola <span>Fulanito</span>!</h1>
</body>
</html>

]]></system-out>
  <system-err><![CDATA[]]></system-err>
</testsuite>
