<?xml version="1.0" encoding="UTF-8"?>
<testsuite name="edu.tec.ic6821.app.notetests.NoteServiceTest" tests="1" skipped="0" failures="0" errors="0" timestamp="2021-10-21T23:36:29" hostname="davubdell" time="0.005">
  <properties/>
  <testcase name="givenNewNote_whenCreate_thenReturnNewNote" classname="edu.tec.ic6821.app.notetests.NoteServiceTest" time="0.005"/>
  <system-out><![CDATA[2021-10-21 17:36:29.348  INFO 12468 --- [    Test worker] o.s.t.c.s.DefaultTestContextBootstrapper : Neither @ContextConfiguration nor @ContextHierarchy found for test class [edu.tec.ic6821.app.notetests.NoteServiceTest], using DelegatingSmartContextLoader
2021-10-21 17:36:29.349  INFO 12468 --- [    Test worker] o.s.t.c.support.AbstractContextLoader    : Could not detect default resource locations for test class [edu.tec.ic6821.app.notetests.NoteServiceTest]: no resource found for suffixes {-context.xml}.
2021-10-21 17:36:29.350  INFO 12468 --- [    Test worker] c.s.AbstractDelegatingSmartContextLoader : AnnotationConfigContextLoader detected default configuration classes for context configuration [ContextConfigurationAttributes@2479486e declaringClass = 'edu.tec.ic6821.app.notetests.NoteServiceTest', classes = '{class edu.tec.ic6821.app.notetests.NoteServiceTest$NoteServiceTestsConfiguration}', locations = '{}', inheritLocations = false, initializers = '{}', inheritInitializers = true, name = [null], contextLoaderClass = 'org.springframework.test.context.ContextLoader'].
2021-10-21 17:36:29.352  INFO 12468 --- [    Test worker] o.s.t.c.s.DefaultTestContextBootstrapper : Loaded default TestExecutionListener class names from location [META-INF/spring.factories]: [org.springframework.boot.test.autoconfigure.restdocs.RestDocsTestExecutionListener, org.springframework.boot.test.autoconfigure.web.client.MockRestServiceServerResetTestExecutionListener, org.springframework.boot.test.autoconfigure.web.servlet.MockMvcPrintOnlyOnFailureTestExecutionListener, org.springframework.boot.test.autoconfigure.web.servlet.WebDriverTestExecutionListener, org.springframework.boot.test.mock.mockito.MockitoTestExecutionListener, org.springframework.boot.test.mock.mockito.ResetMocksTestExecutionListener, org.springframework.test.context.web.ServletTestExecutionListener, org.springframework.test.context.support.DirtiesContextBeforeModesTestExecutionListener, org.springframework.test.context.support.DependencyInjectionTestExecutionListener, org.springframework.test.context.support.DirtiesContextTestExecutionListener, org.springframework.test.context.transaction.TransactionalTestExecutionListener, org.springframework.test.context.jdbc.SqlScriptsTestExecutionListener]
2021-10-21 17:36:29.353  INFO 12468 --- [    Test worker] o.s.t.c.s.DefaultTestContextBootstrapper : Using TestExecutionListeners: [org.springframework.test.context.web.ServletTestExecutionListener@1b4a43a8, org.springframework.test.context.support.DirtiesContextBeforeModesTestExecutionListener@2f3b653a, org.springframework.boot.test.mock.mockito.MockitoTestExecutionListener@4839962d, org.springframework.test.context.support.DependencyInjectionTestExecutionListener@26ed8d7c, org.springframework.test.context.support.DirtiesContextTestExecutionListener@6ff3dd0a, org.springframework.test.context.transaction.TransactionalTestExecutionListener@1b15777b, org.springframework.test.context.jdbc.SqlScriptsTestExecutionListener@1f9912ca, org.springframework.boot.test.autoconfigure.restdocs.RestDocsTestExecutionListener@5555ea28, org.springframework.boot.test.autoconfigure.web.client.MockRestServiceServerResetTestExecutionListener@24bf6605, org.springframework.boot.test.autoconfigure.web.servlet.MockMvcPrintOnlyOnFailureTestExecutionListener@14216346, org.springframework.boot.test.autoconfigure.web.servlet.WebDriverTestExecutionListener@43792c4a, org.springframework.boot.test.mock.mockito.ResetMocksTestExecutionListener@39078aa7]
]]></system-out>
  <system-err><![CDATA[]]></system-err>
</testsuite>
