<?xml version="1.0" encoding="UTF-8"?>
<testsuite name="edu.tec.ic6821.app.ApplicationTests" tests="1" skipped="0" failures="0" errors="0" timestamp="2021-10-26T23:46:59" hostname="DESKTOP-BBT0BUV" time="0.616">
  <properties/>
  <testcase name="contextLoads" classname="edu.tec.ic6821.app.ApplicationTests" time="0.616"/>
  <system-out><![CDATA[17:46:48.731 [Test worker] DEBUG org.springframework.test.context.junit4.SpringJUnit4ClassRunner - SpringJUnit4ClassRunner constructor called with [class edu.tec.ic6821.app.ApplicationTests]
17:46:48.762 [Test worker] DEBUG org.springframework.test.context.BootstrapUtils - Instantiating CacheAwareContextLoaderDelegate from class [org.springframework.test.context.cache.DefaultCacheAwareContextLoaderDelegate]
17:46:48.778 [Test worker] DEBUG org.springframework.test.context.BootstrapUtils - Instantiating BootstrapContext using constructor [public org.springframework.test.context.support.DefaultBootstrapContext(java.lang.Class,org.springframework.test.context.CacheAwareContextLoaderDelegate)]
17:46:48.809 [Test worker] DEBUG org.springframework.test.context.BootstrapUtils - Instantiating TestContextBootstrapper for test class [edu.tec.ic6821.app.ApplicationTests] from class [org.springframework.boot.test.context.SpringBootTestContextBootstrapper]
17:46:48.840 [Test worker] INFO org.springframework.boot.test.context.SpringBootTestContextBootstrapper - Neither @ContextConfiguration nor @ContextHierarchy found for test class [edu.tec.ic6821.app.ApplicationTests], using SpringBootContextLoader
17:46:48.840 [Test worker] DEBUG org.springframework.test.context.support.AbstractContextLoader - Did not detect default resource location for test class [edu.tec.ic6821.app.ApplicationTests]: class path resource [edu/tec/ic6821/app/ApplicationTests-context.xml] does not exist
17:46:48.840 [Test worker] DEBUG org.springframework.test.context.support.AbstractContextLoader - Did not detect default resource location for test class [edu.tec.ic6821.app.ApplicationTests]: class path resource [edu/tec/ic6821/app/ApplicationTestsContext.groovy] does not exist
17:46:48.840 [Test worker] INFO org.springframework.test.context.support.AbstractContextLoader - Could not detect default resource locations for test class [edu.tec.ic6821.app.ApplicationTests]: no resource found for suffixes {-context.xml, Context.groovy}.
17:46:48.856 [Test worker] INFO org.springframework.test.context.support.AnnotationConfigContextLoaderUtils - Could not detect default configuration classes for test class [edu.tec.ic6821.app.ApplicationTests]: ApplicationTests does not declare any static, non-private, non-final, nested classes annotated with @Configuration.
17:46:48.949 [Test worker] DEBUG org.springframework.test.context.support.ActiveProfilesUtils - Could not find an 'annotation declaring class' for annotation type [org.springframework.test.context.ActiveProfiles] and class [edu.tec.ic6821.app.ApplicationTests]
17:46:49.090 [Test worker] DEBUG org.springframework.context.annotation.ClassPathScanningCandidateComponentProvider - Identified candidate component class: file [C:\Users\Brenda\Desktop\Proyecto QA\Proyecto-Notas-QA\build\classes\java\main\edu\tec\ic6821\app\Application.class]
17:46:49.090 [Test worker] INFO org.springframework.boot.test.context.SpringBootTestContextBootstrapper - Found @SpringBootConfiguration edu.tec.ic6821.app.Application for test class edu.tec.ic6821.app.ApplicationTests
17:46:49.309 [Test worker] DEBUG org.springframework.boot.test.context.SpringBootTestContextBootstrapper - @TestExecutionListeners is not present for class [edu.tec.ic6821.app.ApplicationTests]: using defaults.
17:46:49.324 [Test worker] INFO org.springframework.boot.test.context.SpringBootTestContextBootstrapper - Loaded default TestExecutionListener class names from location [META-INF/spring.factories]: [org.springframework.boot.test.autoconfigure.restdocs.RestDocsTestExecutionListener, org.springframework.boot.test.autoconfigure.web.client.MockRestServiceServerResetTestExecutionListener, org.springframework.boot.test.autoconfigure.web.servlet.MockMvcPrintOnlyOnFailureTestExecutionListener, org.springframework.boot.test.autoconfigure.web.servlet.WebDriverTestExecutionListener, org.springframework.boot.test.mock.mockito.MockitoTestExecutionListener, org.springframework.boot.test.mock.mockito.ResetMocksTestExecutionListener, org.springframework.test.context.web.ServletTestExecutionListener, org.springframework.test.context.support.DirtiesContextBeforeModesTestExecutionListener, org.springframework.test.context.support.DependencyInjectionTestExecutionListener, org.springframework.test.context.support.DirtiesContextTestExecutionListener, org.springframework.test.context.transaction.TransactionalTestExecutionListener, org.springframework.test.context.jdbc.SqlScriptsTestExecutionListener]
17:46:49.356 [Test worker] INFO org.springframework.boot.test.context.SpringBootTestContextBootstrapper - Using TestExecutionListeners: [org.springframework.test.context.web.ServletTestExecutionListener@2c424703, org.springframework.test.context.support.DirtiesContextBeforeModesTestExecutionListener@54a668e1, org.springframework.boot.test.mock.mockito.MockitoTestExecutionListener@19da0c43, org.springframework.boot.test.autoconfigure.SpringBootDependencyInjectionTestExecutionListener@56878a7d, org.springframework.test.context.support.DirtiesContextTestExecutionListener@68c3a5f1, org.springframework.test.context.transaction.TransactionalTestExecutionListener@f452968, org.springframework.test.context.jdbc.SqlScriptsTestExecutionListener@463484d7, org.springframework.boot.test.autoconfigure.restdocs.RestDocsTestExecutionListener@2c8a2a0e, org.springframework.boot.test.autoconfigure.web.client.MockRestServiceServerResetTestExecutionListener@5913fe43, org.springframework.boot.test.autoconfigure.web.servlet.MockMvcPrintOnlyOnFailureTestExecutionListener@7f3b8260, org.springframework.boot.test.autoconfigure.web.servlet.WebDriverTestExecutionListener@1d4bb36c, org.springframework.boot.test.mock.mockito.ResetMocksTestExecutionListener@606c2091]
17:46:49.356 [Test worker] DEBUG org.springframework.test.annotation.ProfileValueUtils - Retrieved @ProfileValueSourceConfiguration [null] for test class [edu.tec.ic6821.app.ApplicationTests]
17:46:49.356 [Test worker] DEBUG org.springframework.test.annotation.ProfileValueUtils - Retrieved ProfileValueSource type [class org.springframework.test.annotation.SystemProfileValueSource] for class [edu.tec.ic6821.app.ApplicationTests]
17:46:49.356 [Test worker] DEBUG org.springframework.test.annotation.ProfileValueUtils - Retrieved @ProfileValueSourceConfiguration [null] for test class [edu.tec.ic6821.app.ApplicationTests]
17:46:49.356 [Test worker] DEBUG org.springframework.test.annotation.ProfileValueUtils - Retrieved ProfileValueSource type [class org.springframework.test.annotation.SystemProfileValueSource] for class [edu.tec.ic6821.app.ApplicationTests]
17:46:49.371 [Test worker] DEBUG org.springframework.test.context.support.AbstractDirtiesContextTestExecutionListener - Before test class: context [DefaultTestContext@456b8820 testClass = ApplicationTests, testInstance = [null], testMethod = [null], testException = [null], mergedContextConfiguration = [WebMergedContextConfiguration@7e94f8ba testClass = ApplicationTests, locations = '{}', classes = '{class edu.tec.ic6821.app.Application}', contextInitializerClasses = '[]', activeProfiles = '{}', propertySourceLocations = '{}', propertySourceProperties = '{org.springframework.boot.test.context.SpringBootTestContextBootstrapper=true}', contextCustomizers = set[org.springframework.boot.test.autoconfigure.properties.PropertyMappingContextCustomizer@0, org.springframework.boot.test.autoconfigure.web.servlet.WebDriverContextCustomizerFactory$Customizer@64592c30, org.springframework.boot.test.context.filter.ExcludeFilterContextCustomizer@6ad19a8d, org.springframework.boot.test.json.DuplicateJsonObjectContextCustomizerFactory$DuplicateJsonObjectContextCustomizer@5c429699, org.springframework.boot.test.mock.mockito.MockitoContextCustomizer@0, org.springframework.boot.test.web.client.TestRestTemplateContextCustomizer@4c2c1d9], resourceBasePath = 'src/main/webapp', contextLoader = 'org.springframework.boot.test.context.SpringBootContextLoader', parent = [null]], attributes = map['org.springframework.test.context.web.ServletTestExecutionListener.activateListener' -> true]], class annotated with @DirtiesContext [false] with mode [null].
17:46:49.371 [Test worker] DEBUG org.springframework.test.annotation.ProfileValueUtils - Retrieved @ProfileValueSourceConfiguration [null] for test class [edu.tec.ic6821.app.ApplicationTests]
17:46:49.371 [Test worker] DEBUG org.springframework.test.annotation.ProfileValueUtils - Retrieved ProfileValueSource type [class org.springframework.test.annotation.SystemProfileValueSource] for class [edu.tec.ic6821.app.ApplicationTests]
17:46:49.418 [Test worker] DEBUG org.springframework.test.context.support.TestPropertySourceUtils - Adding inlined properties to environment: {spring.jmx.enabled=false, org.springframework.boot.test.context.SpringBootTestContextBootstrapper=true, server.port=-1}

  .   ____          _            __ _ _
 /\\ / ___'_ __ _ _(_)_ __  __ _ \ \ \ \
( ( )\___ | '_ | '_| | '_ \/ _` | \ \ \ \
 \\/  ___)| |_)| | | | | || (_| |  ) ) ) )
  '  |____| .__|_| |_|_| |_\__, | / / / /
 =========|_|==============|___/=/_/_/_/
 :: Spring Boot ::        (v2.1.2.RELEASE)

2021-10-26 17:46:50.137  INFO 3192 --- [    Test worker] edu.tec.ic6821.app.ApplicationTests      : Starting ApplicationTests on DESKTOP-BBT0BUV with PID 3192 (started by Brenda in C:\Users\Brenda\Desktop\Proyecto QA\Proyecto-Notas-QA)
2021-10-26 17:46:50.137  INFO 3192 --- [    Test worker] edu.tec.ic6821.app.ApplicationTests      : No active profile set, falling back to default profiles: default
2021-10-26 17:46:52.199  INFO 3192 --- [    Test worker] .s.d.r.c.RepositoryConfigurationDelegate : Bootstrapping Spring Data repositories in DEFAULT mode.
2021-10-26 17:46:52.277  INFO 3192 --- [    Test worker] .s.d.r.c.RepositoryConfigurationDelegate : Finished Spring Data repository scanning in 62ms. Found 0 repository interfaces.
2021-10-26 17:46:53.199  INFO 3192 --- [    Test worker] trationDelegate$BeanPostProcessorChecker : Bean 'org.springframework.transaction.annotation.ProxyTransactionManagementConfiguration' of type [org.springframework.transaction.annotation.ProxyTransactionManagementConfiguration$$EnhancerBySpringCGLIB$$32ea735f] is not eligible for getting processed by all BeanPostProcessors (for example: not eligible for auto-proxying)
2021-10-26 17:46:53.324  INFO 3192 --- [    Test worker] trationDelegate$BeanPostProcessorChecker : Bean 'org.springframework.security.config.annotation.configuration.ObjectPostProcessorConfiguration' of type [org.springframework.security.config.annotation.configuration.ObjectPostProcessorConfiguration$$EnhancerBySpringCGLIB$$cb983b99] is not eligible for getting processed by all BeanPostProcessors (for example: not eligible for auto-proxying)
2021-10-26 17:46:53.340  INFO 3192 --- [    Test worker] trationDelegate$BeanPostProcessorChecker : Bean 'objectPostProcessor' of type [org.springframework.security.config.annotation.configuration.AutowireBeanFactoryObjectPostProcessor] is not eligible for getting processed by all BeanPostProcessors (for example: not eligible for auto-proxying)
2021-10-26 17:46:53.355  INFO 3192 --- [    Test worker] trationDelegate$BeanPostProcessorChecker : Bean 'org.springframework.security.access.expression.method.DefaultMethodSecurityExpressionHandler@77c39e3d' of type [org.springframework.security.access.expression.method.DefaultMethodSecurityExpressionHandler] is not eligible for getting processed by all BeanPostProcessors (for example: not eligible for auto-proxying)
2021-10-26 17:46:53.371  INFO 3192 --- [    Test worker] trationDelegate$BeanPostProcessorChecker : Bean 'org.springframework.security.config.annotation.method.configuration.GlobalMethodSecurityConfiguration' of type [org.springframework.security.config.annotation.method.configuration.GlobalMethodSecurityConfiguration$$EnhancerBySpringCGLIB$$f06cde4b] is not eligible for getting processed by all BeanPostProcessors (for example: not eligible for auto-proxying)
2021-10-26 17:46:53.387  INFO 3192 --- [    Test worker] trationDelegate$BeanPostProcessorChecker : Bean 'methodSecurityMetadataSource' of type [org.springframework.security.access.method.DelegatingMethodSecurityMetadataSource] is not eligible for getting processed by all BeanPostProcessors (for example: not eligible for auto-proxying)
2021-10-26 17:46:53.965  INFO 3192 --- [    Test worker] o.f.c.internal.license.VersionPrinter    : Flyway Community Edition 5.2.4 by Boxfuse
2021-10-26 17:46:53.996  INFO 3192 --- [    Test worker] com.zaxxer.hikari.HikariDataSource       : HikariPool-1 - Starting...
2021-10-26 17:46:53.996  WARN 3192 --- [    Test worker] com.zaxxer.hikari.util.DriverDataSource  : Registered driver with driverClassName=org.hsqldb.jdbcDriver was not found, trying direct instantiation.
2021-10-26 17:46:54.449  INFO 3192 --- [    Test worker] com.zaxxer.hikari.pool.PoolBase          : HikariPool-1 - Driver does not support get/set network timeout for connections. (característica no soportada)
2021-10-26 17:46:54.465  INFO 3192 --- [    Test worker] com.zaxxer.hikari.HikariDataSource       : HikariPool-1 - Start completed.
2021-10-26 17:46:54.480  INFO 3192 --- [    Test worker] o.f.c.internal.database.DatabaseFactory  : Database: jdbc:hsqldb:mem:testdb (HSQL Database Engine 2.4)
2021-10-26 17:46:54.590  INFO 3192 --- [    Test worker] o.f.core.internal.command.DbValidate     : Successfully validated 2 migrations (execution time 00:00.035s)
2021-10-26 17:46:54.605  INFO 3192 --- [    Test worker] o.f.c.i.s.JdbcTableSchemaHistory         : Creating Schema History table: "PUBLIC"."flyway_schema_history"
2021-10-26 17:46:54.637  INFO 3192 --- [    Test worker] o.f.core.internal.command.DbMigrate      : Current version of schema "PUBLIC": << Empty Schema >>
2021-10-26 17:46:54.637  INFO 3192 --- [    Test worker] o.f.core.internal.command.DbMigrate      : Migrating schema "PUBLIC" to version 0001 - Init
2021-10-26 17:46:54.652  INFO 3192 --- [    Test worker] o.f.core.internal.command.DbMigrate      : Migrating schema "PUBLIC" to version 0002 - init
2021-10-26 17:46:54.668  INFO 3192 --- [    Test worker] o.f.core.internal.command.DbMigrate      : Successfully applied 2 migrations to schema "PUBLIC" (execution time 00:00.061s)
2021-10-26 17:46:55.090  INFO 3192 --- [    Test worker] o.hibernate.jpa.internal.util.LogHelper  : HHH000204: Processing PersistenceUnitInfo [
	name: default
	...]
2021-10-26 17:46:55.277  INFO 3192 --- [    Test worker] org.hibernate.Version                    : HHH000412: Hibernate Core {5.3.7.Final}
2021-10-26 17:46:55.277  INFO 3192 --- [    Test worker] org.hibernate.cfg.Environment            : HHH000206: hibernate.properties not found
2021-10-26 17:46:55.652  INFO 3192 --- [    Test worker] o.hibernate.annotations.common.Version   : HCANN000001: Hibernate Commons Annotations {5.0.4.Final}
2021-10-26 17:46:56.011  INFO 3192 --- [    Test worker] org.hibernate.dialect.Dialect            : HHH000400: Using dialect: org.hibernate.dialect.HSQLDialect
2021-10-26 17:46:56.465  INFO 3192 --- [    Test worker] j.LocalContainerEntityManagerFactoryBean : Initialized JPA EntityManagerFactory for persistence unit 'default'
2021-10-26 17:46:57.683  WARN 3192 --- [    Test worker] aWebConfiguration$JpaWebMvcConfiguration : spring.jpa.open-in-view is enabled by default. Therefore, database queries may be performed during view rendering. Explicitly configure spring.jpa.open-in-view to disable this warning
2021-10-26 17:46:57.996  INFO 3192 --- [    Test worker] o.s.s.web.DefaultSecurityFilterChain     : Creating filter chain: any request, [org.springframework.security.web.context.request.async.WebAsyncManagerIntegrationFilter@3e289496, org.springframework.security.web.context.SecurityContextPersistenceFilter@5fd45db6, org.springframework.security.web.header.HeaderWriterFilter@7c1937c8, org.springframework.web.filter.CorsFilter@442903f1, org.springframework.security.web.authentication.logout.LogoutFilter@10bf8e60, edu.tec.ic6821.app.identity.config.JwtAuthTokenFilter@3a0aa884, org.springframework.security.web.savedrequest.RequestCacheAwareFilter@79d05f69, org.springframework.security.web.servletapi.SecurityContextHolderAwareRequestFilter@6efb2e94, org.springframework.security.web.authentication.AnonymousAuthenticationFilter@5b656fc8, org.springframework.security.web.session.SessionManagementFilter@636cf71b, org.springframework.security.web.access.ExceptionTranslationFilter@558a3b7a, org.springframework.security.web.access.intercept.FilterSecurityInterceptor@2195abac]
2021-10-26 17:46:58.980  INFO 3192 --- [    Test worker] o.s.s.concurrent.ThreadPoolTaskExecutor  : Initializing ExecutorService 'applicationTaskExecutor'
2021-10-26 17:46:59.683  INFO 3192 --- [    Test worker] edu.tec.ic6821.app.ApplicationTests      : Started ApplicationTests in 10.249 seconds (JVM running for 12.577)
]]></system-out>
  <system-err><![CDATA[]]></system-err>
</testsuite>
