<?xml version="1.0" encoding="UTF-8"?>
<testsuite name="edu.tec.ic6821.app.users.UserControllerTests" tests="3" skipped="0" failures="0" errors="0" timestamp="2021-10-17T23:21:56" hostname="DESKTOP-BBT0BUV" time="0.783">
  <properties/>
  <testcase name="givenEmptyUsername_whenSignUp_thenSendBadRequest" classname="edu.tec.ic6821.app.users.UserControllerTests" time="0.325"/>
  <testcase name="givenEmptyPassword_whenSignUp_thenSendBadRequest" classname="edu.tec.ic6821.app.users.UserControllerTests" time="0.029"/>
  <testcase name="givenValidCredentials_whenSignUp_thenSendUser" classname="edu.tec.ic6821.app.users.UserControllerTests" time="0.412"/>
  <system-out><![CDATA[2021-10-17 17:21:53.860  INFO 7816 --- [    Test worker] .b.t.a.w.s.WebMvcTestContextBootstrapper : Neither @ContextConfiguration nor @ContextHierarchy found for test class [edu.tec.ic6821.app.users.UserControllerTests], using SpringBootContextLoader
2021-10-17 17:21:53.860  INFO 7816 --- [    Test worker] o.s.t.c.support.AbstractContextLoader    : Could not detect default resource locations for test class [edu.tec.ic6821.app.users.UserControllerTests]: no resource found for suffixes {-context.xml, Context.groovy}.
2021-10-17 17:21:53.860  INFO 7816 --- [    Test worker] t.c.s.AnnotationConfigContextLoaderUtils : Could not detect default configuration classes for test class [edu.tec.ic6821.app.users.UserControllerTests]: UserControllerTests does not declare any static, non-private, non-final, nested classes annotated with @Configuration.
2021-10-17 17:21:53.876  INFO 7816 --- [    Test worker] .b.t.c.SpringBootTestContextBootstrapper : Found @SpringBootConfiguration edu.tec.ic6821.app.Application for test class edu.tec.ic6821.app.users.UserControllerTests
2021-10-17 17:21:53.891  INFO 7816 --- [    Test worker] .b.t.a.w.s.WebMvcTestContextBootstrapper : Loaded default TestExecutionListener class names from location [META-INF/spring.factories]: [org.springframework.boot.test.autoconfigure.restdocs.RestDocsTestExecutionListener, org.springframework.boot.test.autoconfigure.web.client.MockRestServiceServerResetTestExecutionListener, org.springframework.boot.test.autoconfigure.web.servlet.MockMvcPrintOnlyOnFailureTestExecutionListener, org.springframework.boot.test.autoconfigure.web.servlet.WebDriverTestExecutionListener, org.springframework.boot.test.mock.mockito.MockitoTestExecutionListener, org.springframework.boot.test.mock.mockito.ResetMocksTestExecutionListener, org.springframework.test.context.web.ServletTestExecutionListener, org.springframework.test.context.support.DirtiesContextBeforeModesTestExecutionListener, org.springframework.test.context.support.DependencyInjectionTestExecutionListener, org.springframework.test.context.support.DirtiesContextTestExecutionListener, org.springframework.test.context.transaction.TransactionalTestExecutionListener, org.springframework.test.context.jdbc.SqlScriptsTestExecutionListener]
2021-10-17 17:21:53.891  INFO 7816 --- [    Test worker] .b.t.a.w.s.WebMvcTestContextBootstrapper : Using TestExecutionListeners: [org.springframework.test.context.web.ServletTestExecutionListener@4c4d8d95, org.springframework.test.context.support.DirtiesContextBeforeModesTestExecutionListener@7b5eb0b4, org.springframework.boot.test.mock.mockito.MockitoTestExecutionListener@3bbcf8fa, org.springframework.boot.test.autoconfigure.SpringBootDependencyInjectionTestExecutionListener@b4d18de, org.springframework.test.context.support.DirtiesContextTestExecutionListener@2bcc0d07, org.springframework.test.context.transaction.TransactionalTestExecutionListener@2519c3da, org.springframework.test.context.jdbc.SqlScriptsTestExecutionListener@793e94ab, org.springframework.boot.test.autoconfigure.restdocs.RestDocsTestExecutionListener@1a56f8ba, org.springframework.boot.test.autoconfigure.web.client.MockRestServiceServerResetTestExecutionListener@51b97ac2, org.springframework.boot.test.autoconfigure.web.servlet.MockMvcPrintOnlyOnFailureTestExecutionListener@3a55743c, org.springframework.boot.test.autoconfigure.web.servlet.WebDriverTestExecutionListener@37432411, org.springframework.boot.test.mock.mockito.ResetMocksTestExecutionListener@1afd896b]

  .   ____          _            __ _ _
 /\\ / ___'_ __ _ _(_)_ __  __ _ \ \ \ \
( ( )\___ | '_ | '_| | '_ \/ _` | \ \ \ \
 \\/  ___)| |_)| | | | | || (_| |  ) ) ) )
  '  |____| .__|_| |_|_| |_\__, | / / / /
 =========|_|==============|___/=/_/_/_/
 :: Spring Boot ::        (v2.1.2.RELEASE)

2021-10-17 17:21:53.969  INFO 7816 --- [    Test worker] e.t.i.app.users.UserControllerTests      : Starting UserControllerTests on DESKTOP-BBT0BUV with PID 7816 (started by Brenda in C:\Users\Brenda\Desktop\Proyecto QA\Proyecto-Notas-QA)
2021-10-17 17:21:53.969  INFO 7816 --- [    Test worker] e.t.i.app.users.UserControllerTests      : No active profile set, falling back to default profiles: default
2021-10-17 17:21:54.641  INFO 7816 --- [    Test worker] trationDelegate$BeanPostProcessorChecker : Bean 'org.springframework.security.config.annotation.configuration.ObjectPostProcessorConfiguration' of type [org.springframework.security.config.annotation.configuration.ObjectPostProcessorConfiguration$$EnhancerBySpringCGLIB$$cc12699] is not eligible for getting processed by all BeanPostProcessors (for example: not eligible for auto-proxying)
2021-10-17 17:21:54.641  INFO 7816 --- [    Test worker] trationDelegate$BeanPostProcessorChecker : Bean 'objectPostProcessor' of type [org.springframework.security.config.annotation.configuration.AutowireBeanFactoryObjectPostProcessor] is not eligible for getting processed by all BeanPostProcessors (for example: not eligible for auto-proxying)
2021-10-17 17:21:54.657  INFO 7816 --- [    Test worker] trationDelegate$BeanPostProcessorChecker : Bean 'org.springframework.security.access.expression.method.DefaultMethodSecurityExpressionHandler@47d523e8' of type [org.springframework.security.access.expression.method.DefaultMethodSecurityExpressionHandler] is not eligible for getting processed by all BeanPostProcessors (for example: not eligible for auto-proxying)
2021-10-17 17:21:54.673  INFO 7816 --- [    Test worker] trationDelegate$BeanPostProcessorChecker : Bean 'org.springframework.security.config.annotation.method.configuration.GlobalMethodSecurityConfiguration' of type [org.springframework.security.config.annotation.method.configuration.GlobalMethodSecurityConfiguration$$EnhancerBySpringCGLIB$$3195c94b] is not eligible for getting processed by all BeanPostProcessors (for example: not eligible for auto-proxying)
2021-10-17 17:21:54.688  INFO 7816 --- [    Test worker] trationDelegate$BeanPostProcessorChecker : Bean 'methodSecurityMetadataSource' of type [org.springframework.security.access.method.DelegatingMethodSecurityMetadataSource] is not eligible for getting processed by all BeanPostProcessors (for example: not eligible for auto-proxying)
2021-10-17 17:21:55.829  INFO 7816 --- [    Test worker] o.s.s.web.DefaultSecurityFilterChain     : Creating filter chain: any request, [org.springframework.security.web.context.request.async.WebAsyncManagerIntegrationFilter@6bb754ca, org.springframework.security.web.context.SecurityContextPersistenceFilter@53752804, org.springframework.security.web.header.HeaderWriterFilter@31dfe68a, org.springframework.web.filter.CorsFilter@6b363946, org.springframework.security.web.authentication.logout.LogoutFilter@69646264, edu.tec.ic6821.app.identity.config.JwtAuthTokenFilter@7c997f39, org.springframework.security.web.savedrequest.RequestCacheAwareFilter@687fbf62, org.springframework.security.web.servletapi.SecurityContextHolderAwareRequestFilter@265aef51, org.springframework.security.web.authentication.AnonymousAuthenticationFilter@b0d440b, org.springframework.security.web.session.SessionManagementFilter@6135d896, org.springframework.security.web.access.ExceptionTranslationFilter@1f548ca4, org.springframework.security.web.access.intercept.FilterSecurityInterceptor@a096ac1]
2021-10-17 17:21:56.297  INFO 7816 --- [    Test worker] o.s.s.concurrent.ThreadPoolTaskExecutor  : Initializing ExecutorService 'applicationTaskExecutor'
2021-10-17 17:21:56.672  INFO 7816 --- [    Test worker] o.s.b.t.m.w.SpringBootMockServletContext : Initializing Spring TestDispatcherServlet ''
2021-10-17 17:21:56.688  INFO 7816 --- [    Test worker] o.s.t.web.servlet.TestDispatcherServlet  : Initializing Servlet ''
2021-10-17 17:21:56.704  INFO 7816 --- [    Test worker] o.s.t.web.servlet.TestDispatcherServlet  : Completed initialization in 16 ms
2021-10-17 17:21:56.766  INFO 7816 --- [    Test worker] e.t.i.app.users.UserControllerTests      : Started UserControllerTests in 2.875 seconds (JVM running for 40.625)
2021-10-17 17:21:57.079  WARN 7816 --- [    Test worker] .w.s.m.s.DefaultHandlerExceptionResolver : Resolved [org.springframework.web.bind.MethodArgumentNotValidException: Validation failed for argument [0] in public org.springframework.http.ResponseEntity<?> edu.tec.ic6821.app.identity.controller.UserController.signup(edu.tec.ic6821.app.identity.dto.CredentialsDto): [Field error in object 'credentialsDto' on field 'username': rejected value [null]; codes [NotBlank.credentialsDto.username,NotBlank.username,NotBlank.java.lang.String,NotBlank]; arguments [org.springframework.context.support.DefaultMessageSourceResolvable: codes [credentialsDto.username,username]; arguments []; default message [username]]; default message [must not be blank]] ]
2021-10-17 17:21:57.110  WARN 7816 --- [    Test worker] .w.s.m.s.DefaultHandlerExceptionResolver : Resolved [org.springframework.web.bind.MethodArgumentNotValidException: Validation failed for argument [0] in public org.springframework.http.ResponseEntity<?> edu.tec.ic6821.app.identity.controller.UserController.signup(edu.tec.ic6821.app.identity.dto.CredentialsDto): [Field error in object 'credentialsDto' on field 'password': rejected value [null]; codes [NotBlank.credentialsDto.password,NotBlank.password,NotBlank.java.lang.String,NotBlank]; arguments [org.springframework.context.support.DefaultMessageSourceResolvable: codes [credentialsDto.password,password]; arguments []; default message [password]]; default message [must not be blank]] ]
]]></system-out>
  <system-err><![CDATA[]]></system-err>
</testsuite>
