<?xml version="1.0" encoding="UTF-8"?>
<testsuite name="edu.tec.ic6821.app.greetings.GreetingControllerTests" tests="1" skipped="0" failures="0" errors="0" timestamp="2021-10-25T01:25:53" hostname="DESKTOP-BBT0BUV" time="0.357">
  <properties/>
  <testcase name="whenGreet_thenSendGreeting" classname="edu.tec.ic6821.app.greetings.GreetingControllerTests" time="0.357"/>
  <system-out><![CDATA[2021-10-24 19:25:51.217  INFO 6508 --- [    Test worker] .b.t.a.w.s.WebMvcTestContextBootstrapper : Neither @ContextConfiguration nor @ContextHierarchy found for test class [edu.tec.ic6821.app.greetings.GreetingControllerTests], using SpringBootContextLoader
2021-10-24 19:25:51.217  INFO 6508 --- [    Test worker] o.s.t.c.support.AbstractContextLoader    : Could not detect default resource locations for test class [edu.tec.ic6821.app.greetings.GreetingControllerTests]: no resource found for suffixes {-context.xml, Context.groovy}.
2021-10-24 19:25:51.217  INFO 6508 --- [    Test worker] t.c.s.AnnotationConfigContextLoaderUtils : Could not detect default configuration classes for test class [edu.tec.ic6821.app.greetings.GreetingControllerTests]: GreetingControllerTests does not declare any static, non-private, non-final, nested classes annotated with @Configuration.
2021-10-24 19:25:51.264  INFO 6508 --- [    Test worker] .b.t.c.SpringBootTestContextBootstrapper : Found @SpringBootConfiguration edu.tec.ic6821.app.Application for test class edu.tec.ic6821.app.greetings.GreetingControllerTests
2021-10-24 19:25:51.264  INFO 6508 --- [    Test worker] .b.t.a.w.s.WebMvcTestContextBootstrapper : Loaded default TestExecutionListener class names from location [META-INF/spring.factories]: [org.springframework.boot.test.autoconfigure.restdocs.RestDocsTestExecutionListener, org.springframework.boot.test.autoconfigure.web.client.MockRestServiceServerResetTestExecutionListener, org.springframework.boot.test.autoconfigure.web.servlet.MockMvcPrintOnlyOnFailureTestExecutionListener, org.springframework.boot.test.autoconfigure.web.servlet.WebDriverTestExecutionListener, org.springframework.boot.test.mock.mockito.MockitoTestExecutionListener, org.springframework.boot.test.mock.mockito.ResetMocksTestExecutionListener, org.springframework.test.context.web.ServletTestExecutionListener, org.springframework.test.context.support.DirtiesContextBeforeModesTestExecutionListener, org.springframework.test.context.support.DependencyInjectionTestExecutionListener, org.springframework.test.context.support.DirtiesContextTestExecutionListener, org.springframework.test.context.transaction.TransactionalTestExecutionListener, org.springframework.test.context.jdbc.SqlScriptsTestExecutionListener]
2021-10-24 19:25:51.264  INFO 6508 --- [    Test worker] .b.t.a.w.s.WebMvcTestContextBootstrapper : Using TestExecutionListeners: [org.springframework.test.context.web.ServletTestExecutionListener@71415022, org.springframework.test.context.support.DirtiesContextBeforeModesTestExecutionListener@4918fffe, org.springframework.boot.test.mock.mockito.MockitoTestExecutionListener@f1aec46, org.springframework.boot.test.autoconfigure.SpringBootDependencyInjectionTestExecutionListener@7d5fbb5f, org.springframework.test.context.support.DirtiesContextTestExecutionListener@6e42496, org.springframework.test.context.transaction.TransactionalTestExecutionListener@80ddcbb, org.springframework.test.context.jdbc.SqlScriptsTestExecutionListener@502d6920, org.springframework.boot.test.autoconfigure.restdocs.RestDocsTestExecutionListener@50a8b539, org.springframework.boot.test.autoconfigure.web.client.MockRestServiceServerResetTestExecutionListener@77cffb2e, org.springframework.boot.test.autoconfigure.web.servlet.MockMvcPrintOnlyOnFailureTestExecutionListener@11c11968, org.springframework.boot.test.autoconfigure.web.servlet.WebDriverTestExecutionListener@2a1e0619, org.springframework.boot.test.mock.mockito.ResetMocksTestExecutionListener@3f8a7f1e]

  .   ____          _            __ _ _
 /\\ / ___'_ __ _ _(_)_ __  __ _ \ \ \ \
( ( )\___ | '_ | '_| | '_ \/ _` | \ \ \ \
 \\/  ___)| |_)| | | | | || (_| |  ) ) ) )
  '  |____| .__|_| |_|_| |_\__, | / / / /
 =========|_|==============|___/=/_/_/_/
 :: Spring Boot ::        (v2.1.2.RELEASE)

2021-10-24 19:25:51.327  INFO 6508 --- [    Test worker] e.t.i.a.g.GreetingControllerTests        : Starting GreetingControllerTests on DESKTOP-BBT0BUV with PID 6508 (started by Brenda in C:\Users\Brenda\Desktop\Proyecto QA\Proyecto-Notas-QA)
2021-10-24 19:25:51.342  INFO 6508 --- [    Test worker] e.t.i.a.g.GreetingControllerTests        : No active profile set, falling back to default profiles: default
2021-10-24 19:25:52.248  INFO 6508 --- [    Test worker] trationDelegate$BeanPostProcessorChecker : Bean 'org.springframework.security.config.annotation.configuration.ObjectPostProcessorConfiguration' of type [org.springframework.security.config.annotation.configuration.ObjectPostProcessorConfiguration$$EnhancerBySpringCGLIB$$750efe7b] is not eligible for getting processed by all BeanPostProcessors (for example: not eligible for auto-proxying)
2021-10-24 19:25:52.264  INFO 6508 --- [    Test worker] trationDelegate$BeanPostProcessorChecker : Bean 'objectPostProcessor' of type [org.springframework.security.config.annotation.configuration.AutowireBeanFactoryObjectPostProcessor] is not eligible for getting processed by all BeanPostProcessors (for example: not eligible for auto-proxying)
2021-10-24 19:25:52.264  INFO 6508 --- [    Test worker] trationDelegate$BeanPostProcessorChecker : Bean 'org.springframework.security.access.expression.method.DefaultMethodSecurityExpressionHandler@4bc4150' of type [org.springframework.security.access.expression.method.DefaultMethodSecurityExpressionHandler] is not eligible for getting processed by all BeanPostProcessors (for example: not eligible for auto-proxying)
2021-10-24 19:25:52.264  INFO 6508 --- [    Test worker] trationDelegate$BeanPostProcessorChecker : Bean 'org.springframework.security.config.annotation.method.configuration.GlobalMethodSecurityConfiguration' of type [org.springframework.security.config.annotation.method.configuration.GlobalMethodSecurityConfiguration$$EnhancerBySpringCGLIB$$99e3a12d] is not eligible for getting processed by all BeanPostProcessors (for example: not eligible for auto-proxying)
2021-10-24 19:25:52.280  INFO 6508 --- [    Test worker] trationDelegate$BeanPostProcessorChecker : Bean 'methodSecurityMetadataSource' of type [org.springframework.security.access.method.DelegatingMethodSecurityMetadataSource] is not eligible for getting processed by all BeanPostProcessors (for example: not eligible for auto-proxying)
2021-10-24 19:25:52.951  INFO 6508 --- [    Test worker] o.s.s.web.DefaultSecurityFilterChain     : Creating filter chain: any request, [org.springframework.security.web.context.request.async.WebAsyncManagerIntegrationFilter@58f3ca2a, org.springframework.security.web.context.SecurityContextPersistenceFilter@1c1e8a57, org.springframework.security.web.header.HeaderWriterFilter@65b7754d, org.springframework.web.filter.CorsFilter@1f0031ae, org.springframework.security.web.authentication.logout.LogoutFilter@142fe4ae, edu.tec.ic6821.app.identity.config.JwtAuthTokenFilter@7223a81d, org.springframework.security.web.savedrequest.RequestCacheAwareFilter@5dd02827, org.springframework.security.web.servletapi.SecurityContextHolderAwareRequestFilter@31323cd, org.springframework.security.web.authentication.AnonymousAuthenticationFilter@5799ab8b, org.springframework.security.web.session.SessionManagementFilter@5308947d, org.springframework.security.web.access.ExceptionTranslationFilter@2fbdd64d, org.springframework.security.web.access.intercept.FilterSecurityInterceptor@371e6cf0]
2021-10-24 19:25:53.326  INFO 6508 --- [    Test worker] o.s.s.concurrent.ThreadPoolTaskExecutor  : Initializing ExecutorService 'applicationTaskExecutor'
2021-10-24 19:25:53.717  INFO 6508 --- [    Test worker] o.s.b.t.m.w.SpringBootMockServletContext : Initializing Spring TestDispatcherServlet ''
2021-10-24 19:25:53.717  INFO 6508 --- [    Test worker] o.s.t.web.servlet.TestDispatcherServlet  : Initializing Servlet ''
2021-10-24 19:25:53.733  INFO 6508 --- [    Test worker] o.s.t.web.servlet.TestDispatcherServlet  : Completed initialization in 16 ms
2021-10-24 19:25:53.795  INFO 6508 --- [    Test worker] e.t.i.a.g.GreetingControllerTests        : Started GreetingControllerTests in 2.531 seconds (JVM running for 21.395)
]]></system-out>
  <system-err><![CDATA[]]></system-err>
</testsuite>
