<?xml version="1.0" encoding="UTF-8"?>
<testsuite name="edu.tec.ic6821.app.greetings.GreetingControllerTests" tests="1" skipped="0" failures="0" errors="0" timestamp="2021-10-26T23:47:06" hostname="DESKTOP-BBT0BUV" time="0.286">
  <properties/>
  <testcase name="whenGreet_thenSendGreeting" classname="edu.tec.ic6821.app.greetings.GreetingControllerTests" time="0.286"/>
  <system-out><![CDATA[2021-10-26 17:47:04.339  INFO 3192 --- [    Test worker] .b.t.a.w.s.WebMvcTestContextBootstrapper : Neither @ContextConfiguration nor @ContextHierarchy found for test class [edu.tec.ic6821.app.greetings.GreetingControllerTests], using SpringBootContextLoader
2021-10-26 17:47:04.339  INFO 3192 --- [    Test worker] o.s.t.c.support.AbstractContextLoader    : Could not detect default resource locations for test class [edu.tec.ic6821.app.greetings.GreetingControllerTests]: no resource found for suffixes {-context.xml, Context.groovy}.
2021-10-26 17:47:04.339  INFO 3192 --- [    Test worker] t.c.s.AnnotationConfigContextLoaderUtils : Could not detect default configuration classes for test class [edu.tec.ic6821.app.greetings.GreetingControllerTests]: GreetingControllerTests does not declare any static, non-private, non-final, nested classes annotated with @Configuration.
2021-10-26 17:47:04.386  INFO 3192 --- [    Test worker] .b.t.c.SpringBootTestContextBootstrapper : Found @SpringBootConfiguration edu.tec.ic6821.app.Application for test class edu.tec.ic6821.app.greetings.GreetingControllerTests
2021-10-26 17:47:04.386  INFO 3192 --- [    Test worker] .b.t.a.w.s.WebMvcTestContextBootstrapper : Loaded default TestExecutionListener class names from location [META-INF/spring.factories]: [org.springframework.boot.test.autoconfigure.restdocs.RestDocsTestExecutionListener, org.springframework.boot.test.autoconfigure.web.client.MockRestServiceServerResetTestExecutionListener, org.springframework.boot.test.autoconfigure.web.servlet.MockMvcPrintOnlyOnFailureTestExecutionListener, org.springframework.boot.test.autoconfigure.web.servlet.WebDriverTestExecutionListener, org.springframework.boot.test.mock.mockito.MockitoTestExecutionListener, org.springframework.boot.test.mock.mockito.ResetMocksTestExecutionListener, org.springframework.test.context.web.ServletTestExecutionListener, org.springframework.test.context.support.DirtiesContextBeforeModesTestExecutionListener, org.springframework.test.context.support.DependencyInjectionTestExecutionListener, org.springframework.test.context.support.DirtiesContextTestExecutionListener, org.springframework.test.context.transaction.TransactionalTestExecutionListener, org.springframework.test.context.jdbc.SqlScriptsTestExecutionListener]
2021-10-26 17:47:04.386  INFO 3192 --- [    Test worker] .b.t.a.w.s.WebMvcTestContextBootstrapper : Using TestExecutionListeners: [org.springframework.test.context.web.ServletTestExecutionListener@44b77369, org.springframework.test.context.support.DirtiesContextBeforeModesTestExecutionListener@413a7b04, org.springframework.boot.test.mock.mockito.MockitoTestExecutionListener@36c21b89, org.springframework.boot.test.autoconfigure.SpringBootDependencyInjectionTestExecutionListener@6ee8a0de, org.springframework.test.context.support.DirtiesContextTestExecutionListener@113baa51, org.springframework.test.context.transaction.TransactionalTestExecutionListener@34b1129, org.springframework.test.context.jdbc.SqlScriptsTestExecutionListener@25f34c9a, org.springframework.boot.test.autoconfigure.restdocs.RestDocsTestExecutionListener@eb6f6aa, org.springframework.boot.test.autoconfigure.web.client.MockRestServiceServerResetTestExecutionListener@4213ac0f, org.springframework.boot.test.autoconfigure.web.servlet.MockMvcPrintOnlyOnFailureTestExecutionListener@190a3f3d, org.springframework.boot.test.autoconfigure.web.servlet.WebDriverTestExecutionListener@2622271a, org.springframework.boot.test.mock.mockito.ResetMocksTestExecutionListener@1f1886d2]

  .   ____          _            __ _ _
 /\\ / ___'_ __ _ _(_)_ __  __ _ \ \ \ \
( ( )\___ | '_ | '_| | '_ \/ _` | \ \ \ \
 \\/  ___)| |_)| | | | | || (_| |  ) ) ) )
  '  |____| .__|_| |_|_| |_\__, | / / / /
 =========|_|==============|___/=/_/_/_/
 :: Spring Boot ::        (v2.1.2.RELEASE)

2021-10-26 17:47:04.433  INFO 3192 --- [    Test worker] e.t.i.a.g.GreetingControllerTests        : Starting GreetingControllerTests on DESKTOP-BBT0BUV with PID 3192 (started by Brenda in C:\Users\Brenda\Desktop\Proyecto QA\Proyecto-Notas-QA)
2021-10-26 17:47:04.448  INFO 3192 --- [    Test worker] e.t.i.a.g.GreetingControllerTests        : No active profile set, falling back to default profiles: default
2021-10-26 17:47:05.167  INFO 3192 --- [    Test worker] trationDelegate$BeanPostProcessorChecker : Bean 'org.springframework.security.config.annotation.configuration.ObjectPostProcessorConfiguration' of type [org.springframework.security.config.annotation.configuration.ObjectPostProcessorConfiguration$$EnhancerBySpringCGLIB$$cb983b99] is not eligible for getting processed by all BeanPostProcessors (for example: not eligible for auto-proxying)
2021-10-26 17:47:05.167  INFO 3192 --- [    Test worker] trationDelegate$BeanPostProcessorChecker : Bean 'objectPostProcessor' of type [org.springframework.security.config.annotation.configuration.AutowireBeanFactoryObjectPostProcessor] is not eligible for getting processed by all BeanPostProcessors (for example: not eligible for auto-proxying)
2021-10-26 17:47:05.167  INFO 3192 --- [    Test worker] trationDelegate$BeanPostProcessorChecker : Bean 'org.springframework.security.access.expression.method.DefaultMethodSecurityExpressionHandler@abdaf6d' of type [org.springframework.security.access.expression.method.DefaultMethodSecurityExpressionHandler] is not eligible for getting processed by all BeanPostProcessors (for example: not eligible for auto-proxying)
2021-10-26 17:47:05.183  INFO 3192 --- [    Test worker] trationDelegate$BeanPostProcessorChecker : Bean 'org.springframework.security.config.annotation.method.configuration.GlobalMethodSecurityConfiguration' of type [org.springframework.security.config.annotation.method.configuration.GlobalMethodSecurityConfiguration$$EnhancerBySpringCGLIB$$f06cde4b] is not eligible for getting processed by all BeanPostProcessors (for example: not eligible for auto-proxying)
2021-10-26 17:47:05.183  INFO 3192 --- [    Test worker] trationDelegate$BeanPostProcessorChecker : Bean 'methodSecurityMetadataSource' of type [org.springframework.security.access.method.DelegatingMethodSecurityMetadataSource] is not eligible for getting processed by all BeanPostProcessors (for example: not eligible for auto-proxying)
2021-10-26 17:47:05.667  INFO 3192 --- [    Test worker] o.s.s.web.DefaultSecurityFilterChain     : Creating filter chain: any request, [org.springframework.security.web.context.request.async.WebAsyncManagerIntegrationFilter@264b3846, org.springframework.security.web.context.SecurityContextPersistenceFilter@41554cdf, org.springframework.security.web.header.HeaderWriterFilter@5583b7e6, org.springframework.web.filter.CorsFilter@2b66283, org.springframework.security.web.authentication.logout.LogoutFilter@2f79110f, edu.tec.ic6821.app.identity.config.JwtAuthTokenFilter@32d4e307, org.springframework.security.web.savedrequest.RequestCacheAwareFilter@7424286f, org.springframework.security.web.servletapi.SecurityContextHolderAwareRequestFilter@3cd08d8a, org.springframework.security.web.authentication.AnonymousAuthenticationFilter@6f38699a, org.springframework.security.web.session.SessionManagementFilter@29b751be, org.springframework.security.web.access.ExceptionTranslationFilter@3c0128a2, org.springframework.security.web.access.intercept.FilterSecurityInterceptor@6a0ff01b]
2021-10-26 17:47:06.026  INFO 3192 --- [    Test worker] o.s.s.concurrent.ThreadPoolTaskExecutor  : Initializing ExecutorService 'applicationTaskExecutor'
2021-10-26 17:47:06.355  INFO 3192 --- [    Test worker] o.s.b.t.m.w.SpringBootMockServletContext : Initializing Spring TestDispatcherServlet ''
2021-10-26 17:47:06.355  INFO 3192 --- [    Test worker] o.s.t.web.servlet.TestDispatcherServlet  : Initializing Servlet ''
2021-10-26 17:47:06.370  INFO 3192 --- [    Test worker] o.s.t.web.servlet.TestDispatcherServlet  : Completed initialization in 15 ms
2021-10-26 17:47:06.417  INFO 3192 --- [    Test worker] e.t.i.a.g.GreetingControllerTests        : Started GreetingControllerTests in 2.031 seconds (JVM running for 19.322)
]]></system-out>
  <system-err><![CDATA[]]></system-err>
</testsuite>
