<?xml version="1.0" encoding="UTF-8"?>
<testsuite name="edu.tec.ic6821.app.greetings.GreetingControllerTests" tests="1" skipped="0" failures="0" errors="0" timestamp="2021-10-21T23:36:35" hostname="davubdell" time="0.018">
  <properties/>
  <testcase name="whenGreet_thenSendGreeting" classname="edu.tec.ic6821.app.greetings.GreetingControllerTests" time="0.018"/>
  <system-out><![CDATA[2021-10-21 17:36:33.514  INFO 12468 --- [    Test worker] .b.t.a.w.s.WebMvcTestContextBootstrapper : Neither @ContextConfiguration nor @ContextHierarchy found for test class [edu.tec.ic6821.app.greetings.GreetingControllerTests], using SpringBootContextLoader
2021-10-21 17:36:33.516  INFO 12468 --- [    Test worker] o.s.t.c.support.AbstractContextLoader    : Could not detect default resource locations for test class [edu.tec.ic6821.app.greetings.GreetingControllerTests]: no resource found for suffixes {-context.xml, Context.groovy}.
2021-10-21 17:36:33.516  INFO 12468 --- [    Test worker] t.c.s.AnnotationConfigContextLoaderUtils : Could not detect default configuration classes for test class [edu.tec.ic6821.app.greetings.GreetingControllerTests]: GreetingControllerTests does not declare any static, non-private, non-final, nested classes annotated with @Configuration.
2021-10-21 17:36:33.532  INFO 12468 --- [    Test worker] .b.t.c.SpringBootTestContextBootstrapper : Found @SpringBootConfiguration edu.tec.ic6821.app.Application for test class edu.tec.ic6821.app.greetings.GreetingControllerTests
2021-10-21 17:36:33.534  INFO 12468 --- [    Test worker] .b.t.a.w.s.WebMvcTestContextBootstrapper : Loaded default TestExecutionListener class names from location [META-INF/spring.factories]: [org.springframework.boot.test.autoconfigure.restdocs.RestDocsTestExecutionListener, org.springframework.boot.test.autoconfigure.web.client.MockRestServiceServerResetTestExecutionListener, org.springframework.boot.test.autoconfigure.web.servlet.MockMvcPrintOnlyOnFailureTestExecutionListener, org.springframework.boot.test.autoconfigure.web.servlet.WebDriverTestExecutionListener, org.springframework.boot.test.mock.mockito.MockitoTestExecutionListener, org.springframework.boot.test.mock.mockito.ResetMocksTestExecutionListener, org.springframework.test.context.web.ServletTestExecutionListener, org.springframework.test.context.support.DirtiesContextBeforeModesTestExecutionListener, org.springframework.test.context.support.DependencyInjectionTestExecutionListener, org.springframework.test.context.support.DirtiesContextTestExecutionListener, org.springframework.test.context.transaction.TransactionalTestExecutionListener, org.springframework.test.context.jdbc.SqlScriptsTestExecutionListener]
2021-10-21 17:36:33.535  INFO 12468 --- [    Test worker] .b.t.a.w.s.WebMvcTestContextBootstrapper : Using TestExecutionListeners: [org.springframework.test.context.web.ServletTestExecutionListener@48245a33, org.springframework.test.context.support.DirtiesContextBeforeModesTestExecutionListener@46322552, org.springframework.boot.test.mock.mockito.MockitoTestExecutionListener@5ab1ad65, org.springframework.boot.test.autoconfigure.SpringBootDependencyInjectionTestExecutionListener@1967f26f, org.springframework.test.context.support.DirtiesContextTestExecutionListener@7378d6b2, org.springframework.test.context.transaction.TransactionalTestExecutionListener@24b7753a, org.springframework.test.context.jdbc.SqlScriptsTestExecutionListener@73ba3e4c, org.springframework.boot.test.autoconfigure.restdocs.RestDocsTestExecutionListener@55e84ede, org.springframework.boot.test.autoconfigure.web.client.MockRestServiceServerResetTestExecutionListener@6090df97, org.springframework.boot.test.autoconfigure.web.servlet.MockMvcPrintOnlyOnFailureTestExecutionListener@7f91681a, org.springframework.boot.test.autoconfigure.web.servlet.WebDriverTestExecutionListener@5d7b71fa, org.springframework.boot.test.mock.mockito.ResetMocksTestExecutionListener@4a724a35]

  .   ____          _            __ _ _
 /\\ / ___'_ __ _ _(_)_ __  __ _ \ \ \ \
( ( )\___ | '_ | '_| | '_ \/ _` | \ \ \ \
 \\/  ___)| |_)| | | | | || (_| |  ) ) ) )
  '  |____| .__|_| |_|_| |_\__, | / / / /
 =========|_|==============|___/=/_/_/_/
 :: Spring Boot ::        (v2.1.2.RELEASE)

2021-10-21 17:36:33.576  INFO 12468 --- [    Test worker] e.t.i.a.g.GreetingControllerTests        : Starting GreetingControllerTests on davubdell with PID 12468 (started by davub in /home/davub/TEC/QA/Proyecto-Notas-QA)
2021-10-21 17:36:33.578  INFO 12468 --- [    Test worker] e.t.i.a.g.GreetingControllerTests        : No active profile set, falling back to default profiles: default
2021-10-21 17:36:33.937  INFO 12468 --- [    Test worker] trationDelegate$BeanPostProcessorChecker : Bean 'org.springframework.security.config.annotation.configuration.ObjectPostProcessorConfiguration' of type [org.springframework.security.config.annotation.configuration.ObjectPostProcessorConfiguration$$EnhancerBySpringCGLIB$$8a51d094] is not eligible for getting processed by all BeanPostProcessors (for example: not eligible for auto-proxying)
2021-10-21 17:36:33.943  INFO 12468 --- [    Test worker] trationDelegate$BeanPostProcessorChecker : Bean 'objectPostProcessor' of type [org.springframework.security.config.annotation.configuration.AutowireBeanFactoryObjectPostProcessor] is not eligible for getting processed by all BeanPostProcessors (for example: not eligible for auto-proxying)
2021-10-21 17:36:33.943  INFO 12468 --- [    Test worker] trationDelegate$BeanPostProcessorChecker : Bean 'org.springframework.security.access.expression.method.DefaultMethodSecurityExpressionHandler@7634ee14' of type [org.springframework.security.access.expression.method.DefaultMethodSecurityExpressionHandler] is not eligible for getting processed by all BeanPostProcessors (for example: not eligible for auto-proxying)
2021-10-21 17:36:33.952  INFO 12468 --- [    Test worker] trationDelegate$BeanPostProcessorChecker : Bean 'org.springframework.security.config.annotation.method.configuration.GlobalMethodSecurityConfiguration' of type [org.springframework.security.config.annotation.method.configuration.GlobalMethodSecurityConfiguration$$EnhancerBySpringCGLIB$$af267346] is not eligible for getting processed by all BeanPostProcessors (for example: not eligible for auto-proxying)
2021-10-21 17:36:33.956  INFO 12468 --- [    Test worker] trationDelegate$BeanPostProcessorChecker : Bean 'methodSecurityMetadataSource' of type [org.springframework.security.access.method.DelegatingMethodSecurityMetadataSource] is not eligible for getting processed by all BeanPostProcessors (for example: not eligible for auto-proxying)
2021-10-21 17:36:34.451  INFO 12468 --- [    Test worker] o.s.s.web.DefaultSecurityFilterChain     : Creating filter chain: any request, [org.springframework.security.web.context.request.async.WebAsyncManagerIntegrationFilter@39b117f4, org.springframework.security.web.context.SecurityContextPersistenceFilter@5b8174fa, org.springframework.security.web.header.HeaderWriterFilter@575cae7, org.springframework.web.filter.CorsFilter@4ac3a587, org.springframework.security.web.authentication.logout.LogoutFilter@441a67e6, edu.tec.ic6821.app.identity.config.JwtAuthTokenFilter@3a0eee35, org.springframework.security.web.savedrequest.RequestCacheAwareFilter@14dd55a6, org.springframework.security.web.servletapi.SecurityContextHolderAwareRequestFilter@3f548728, org.springframework.security.web.authentication.AnonymousAuthenticationFilter@4bc03766, org.springframework.security.web.session.SessionManagementFilter@48267266, org.springframework.security.web.access.ExceptionTranslationFilter@139b9115, org.springframework.security.web.access.intercept.FilterSecurityInterceptor@46701878]
2021-10-21 17:36:34.731  INFO 12468 --- [    Test worker] o.s.s.concurrent.ThreadPoolTaskExecutor  : Initializing ExecutorService 'applicationTaskExecutor'
2021-10-21 17:36:34.969  INFO 12468 --- [    Test worker] o.s.b.t.m.w.SpringBootMockServletContext : Initializing Spring TestDispatcherServlet ''
2021-10-21 17:36:34.969  INFO 12468 --- [    Test worker] o.s.t.web.servlet.TestDispatcherServlet  : Initializing Servlet ''
2021-10-21 17:36:34.983  INFO 12468 --- [    Test worker] o.s.t.web.servlet.TestDispatcherServlet  : Completed initialization in 14 ms
2021-10-21 17:36:35.040  INFO 12468 --- [    Test worker] e.t.i.a.g.GreetingControllerTests        : Started GreetingControllerTests in 1.499 seconds (JVM running for 27.719)
]]></system-out>
  <system-err><![CDATA[]]></system-err>
</testsuite>
