<?xml version="1.0" encoding="UTF-8"?>
<testsuite name="edu.tec.ic6821.app.ApplicationTests" tests="1" skipped="0" failures="0" errors="0" timestamp="2021-10-21T23:36:22" hostname="davubdell" time="0.489">
  <properties/>
  <testcase name="contextLoads" classname="edu.tec.ic6821.app.ApplicationTests" time="0.489"/>
  <system-out><![CDATA[17:36:09.009 [Test worker] DEBUG org.springframework.test.context.junit4.SpringJUnit4ClassRunner - SpringJUnit4ClassRunner constructor called with [class edu.tec.ic6821.app.ApplicationTests]
17:36:09.032 [Test worker] DEBUG org.springframework.test.context.BootstrapUtils - Instantiating CacheAwareContextLoaderDelegate from class [org.springframework.test.context.cache.DefaultCacheAwareContextLoaderDelegate]
17:36:09.063 [Test worker] DEBUG org.springframework.test.context.BootstrapUtils - Instantiating BootstrapContext using constructor [public org.springframework.test.context.support.DefaultBootstrapContext(java.lang.Class,org.springframework.test.context.CacheAwareContextLoaderDelegate)]
17:36:09.165 [Test worker] DEBUG org.springframework.test.context.BootstrapUtils - Instantiating TestContextBootstrapper for test class [edu.tec.ic6821.app.ApplicationTests] from class [org.springframework.boot.test.context.SpringBootTestContextBootstrapper]
17:36:09.207 [Test worker] INFO org.springframework.boot.test.context.SpringBootTestContextBootstrapper - Neither @ContextConfiguration nor @ContextHierarchy found for test class [edu.tec.ic6821.app.ApplicationTests], using SpringBootContextLoader
17:36:09.222 [Test worker] DEBUG org.springframework.test.context.support.AbstractContextLoader - Did not detect default resource location for test class [edu.tec.ic6821.app.ApplicationTests]: class path resource [edu/tec/ic6821/app/ApplicationTests-context.xml] does not exist
17:36:09.233 [Test worker] DEBUG org.springframework.test.context.support.AbstractContextLoader - Did not detect default resource location for test class [edu.tec.ic6821.app.ApplicationTests]: class path resource [edu/tec/ic6821/app/ApplicationTestsContext.groovy] does not exist
17:36:09.234 [Test worker] INFO org.springframework.test.context.support.AbstractContextLoader - Could not detect default resource locations for test class [edu.tec.ic6821.app.ApplicationTests]: no resource found for suffixes {-context.xml, Context.groovy}.
17:36:09.237 [Test worker] INFO org.springframework.test.context.support.AnnotationConfigContextLoaderUtils - Could not detect default configuration classes for test class [edu.tec.ic6821.app.ApplicationTests]: ApplicationTests does not declare any static, non-private, non-final, nested classes annotated with @Configuration.
17:36:09.364 [Test worker] DEBUG org.springframework.test.context.support.ActiveProfilesUtils - Could not find an 'annotation declaring class' for annotation type [org.springframework.test.context.ActiveProfiles] and class [edu.tec.ic6821.app.ApplicationTests]
17:36:09.541 [Test worker] DEBUG org.springframework.context.annotation.ClassPathScanningCandidateComponentProvider - Identified candidate component class: file [/home/davub/TEC/QA/Proyecto-Notas-QA/build/classes/java/main/edu/tec/ic6821/app/Application.class]
17:36:09.544 [Test worker] INFO org.springframework.boot.test.context.SpringBootTestContextBootstrapper - Found @SpringBootConfiguration edu.tec.ic6821.app.Application for test class edu.tec.ic6821.app.ApplicationTests
17:36:09.815 [Test worker] DEBUG org.springframework.boot.test.context.SpringBootTestContextBootstrapper - @TestExecutionListeners is not present for class [edu.tec.ic6821.app.ApplicationTests]: using defaults.
17:36:09.817 [Test worker] INFO org.springframework.boot.test.context.SpringBootTestContextBootstrapper - Loaded default TestExecutionListener class names from location [META-INF/spring.factories]: [org.springframework.boot.test.autoconfigure.restdocs.RestDocsTestExecutionListener, org.springframework.boot.test.autoconfigure.web.client.MockRestServiceServerResetTestExecutionListener, org.springframework.boot.test.autoconfigure.web.servlet.MockMvcPrintOnlyOnFailureTestExecutionListener, org.springframework.boot.test.autoconfigure.web.servlet.WebDriverTestExecutionListener, org.springframework.boot.test.mock.mockito.MockitoTestExecutionListener, org.springframework.boot.test.mock.mockito.ResetMocksTestExecutionListener, org.springframework.test.context.web.ServletTestExecutionListener, org.springframework.test.context.support.DirtiesContextBeforeModesTestExecutionListener, org.springframework.test.context.support.DependencyInjectionTestExecutionListener, org.springframework.test.context.support.DirtiesContextTestExecutionListener, org.springframework.test.context.transaction.TransactionalTestExecutionListener, org.springframework.test.context.jdbc.SqlScriptsTestExecutionListener]
17:36:09.850 [Test worker] INFO org.springframework.boot.test.context.SpringBootTestContextBootstrapper - Using TestExecutionListeners: [org.springframework.test.context.web.ServletTestExecutionListener@2fd9bae7, org.springframework.test.context.support.DirtiesContextBeforeModesTestExecutionListener@e821b48, org.springframework.boot.test.mock.mockito.MockitoTestExecutionListener@5d1c51f7, org.springframework.boot.test.autoconfigure.SpringBootDependencyInjectionTestExecutionListener@7598c10, org.springframework.test.context.support.DirtiesContextTestExecutionListener@65b5109e, org.springframework.test.context.transaction.TransactionalTestExecutionListener@7bf31f3b, org.springframework.test.context.jdbc.SqlScriptsTestExecutionListener@445f6a5b, org.springframework.boot.test.autoconfigure.restdocs.RestDocsTestExecutionListener@f2d57cc, org.springframework.boot.test.autoconfigure.web.client.MockRestServiceServerResetTestExecutionListener@42d18757, org.springframework.boot.test.autoconfigure.web.servlet.MockMvcPrintOnlyOnFailureTestExecutionListener@213852f1, org.springframework.boot.test.autoconfigure.web.servlet.WebDriverTestExecutionListener@1e8ae93f, org.springframework.boot.test.mock.mockito.ResetMocksTestExecutionListener@7b7c5e15]
17:36:09.857 [Test worker] DEBUG org.springframework.test.annotation.ProfileValueUtils - Retrieved @ProfileValueSourceConfiguration [null] for test class [edu.tec.ic6821.app.ApplicationTests]
17:36:09.859 [Test worker] DEBUG org.springframework.test.annotation.ProfileValueUtils - Retrieved ProfileValueSource type [class org.springframework.test.annotation.SystemProfileValueSource] for class [edu.tec.ic6821.app.ApplicationTests]
17:36:09.862 [Test worker] DEBUG org.springframework.test.annotation.ProfileValueUtils - Retrieved @ProfileValueSourceConfiguration [null] for test class [edu.tec.ic6821.app.ApplicationTests]
17:36:09.863 [Test worker] DEBUG org.springframework.test.annotation.ProfileValueUtils - Retrieved ProfileValueSource type [class org.springframework.test.annotation.SystemProfileValueSource] for class [edu.tec.ic6821.app.ApplicationTests]
17:36:09.874 [Test worker] DEBUG org.springframework.test.context.support.AbstractDirtiesContextTestExecutionListener - Before test class: context [DefaultTestContext@3b412425 testClass = ApplicationTests, testInstance = [null], testMethod = [null], testException = [null], mergedContextConfiguration = [WebMergedContextConfiguration@5e81ccfc testClass = ApplicationTests, locations = '{}', classes = '{class edu.tec.ic6821.app.Application}', contextInitializerClasses = '[]', activeProfiles = '{}', propertySourceLocations = '{}', propertySourceProperties = '{org.springframework.boot.test.context.SpringBootTestContextBootstrapper=true}', contextCustomizers = set[org.springframework.boot.test.autoconfigure.properties.PropertyMappingContextCustomizer@0, org.springframework.boot.test.autoconfigure.web.servlet.WebDriverContextCustomizerFactory$Customizer@6ec6aaa2, org.springframework.boot.test.context.filter.ExcludeFilterContextCustomizer@557805b8, org.springframework.boot.test.json.DuplicateJsonObjectContextCustomizerFactory$DuplicateJsonObjectContextCustomizer@340df8c7, org.springframework.boot.test.mock.mockito.MockitoContextCustomizer@0, org.springframework.boot.test.web.client.TestRestTemplateContextCustomizer@1e92b95], resourceBasePath = 'src/main/webapp', contextLoader = 'org.springframework.boot.test.context.SpringBootContextLoader', parent = [null]], attributes = map['org.springframework.test.context.web.ServletTestExecutionListener.activateListener' -> true]], class annotated with @DirtiesContext [false] with mode [null].
17:36:09.876 [Test worker] DEBUG org.springframework.test.annotation.ProfileValueUtils - Retrieved @ProfileValueSourceConfiguration [null] for test class [edu.tec.ic6821.app.ApplicationTests]
17:36:09.877 [Test worker] DEBUG org.springframework.test.annotation.ProfileValueUtils - Retrieved ProfileValueSource type [class org.springframework.test.annotation.SystemProfileValueSource] for class [edu.tec.ic6821.app.ApplicationTests]
17:36:09.922 [Test worker] DEBUG org.springframework.test.context.support.TestPropertySourceUtils - Adding inlined properties to environment: {spring.jmx.enabled=false, org.springframework.boot.test.context.SpringBootTestContextBootstrapper=true, server.port=-1}

  .   ____          _            __ _ _
 /\\ / ___'_ __ _ _(_)_ __  __ _ \ \ \ \
( ( )\___ | '_ | '_| | '_ \/ _` | \ \ \ \
 \\/  ___)| |_)| | | | | || (_| |  ) ) ) )
  '  |____| .__|_| |_|_| |_\__, | / / / /
 =========|_|==============|___/=/_/_/_/
 :: Spring Boot ::        (v2.1.2.RELEASE)

2021-10-21 17:36:11.166  INFO 12468 --- [    Test worker] edu.tec.ic6821.app.ApplicationTests      : Starting ApplicationTests on davubdell with PID 12468 (started by davub in /home/davub/TEC/QA/Proyecto-Notas-QA)
2021-10-21 17:36:11.179  INFO 12468 --- [    Test worker] edu.tec.ic6821.app.ApplicationTests      : No active profile set, falling back to default profiles: default
2021-10-21 17:36:14.081  INFO 12468 --- [    Test worker] .s.d.r.c.RepositoryConfigurationDelegate : Bootstrapping Spring Data repositories in DEFAULT mode.
2021-10-21 17:36:14.160  INFO 12468 --- [    Test worker] .s.d.r.c.RepositoryConfigurationDelegate : Finished Spring Data repository scanning in 59ms. Found 0 repository interfaces.
2021-10-21 17:36:15.488  INFO 12468 --- [    Test worker] trationDelegate$BeanPostProcessorChecker : Bean 'org.springframework.transaction.annotation.ProxyTransactionManagementConfiguration' of type [org.springframework.transaction.annotation.ProxyTransactionManagementConfiguration$$EnhancerBySpringCGLIB$$f1a4085a] is not eligible for getting processed by all BeanPostProcessors (for example: not eligible for auto-proxying)
2021-10-21 17:36:15.606  INFO 12468 --- [    Test worker] trationDelegate$BeanPostProcessorChecker : Bean 'org.springframework.security.config.annotation.configuration.ObjectPostProcessorConfiguration' of type [org.springframework.security.config.annotation.configuration.ObjectPostProcessorConfiguration$$EnhancerBySpringCGLIB$$8a51d094] is not eligible for getting processed by all BeanPostProcessors (for example: not eligible for auto-proxying)
2021-10-21 17:36:15.632  INFO 12468 --- [    Test worker] trationDelegate$BeanPostProcessorChecker : Bean 'objectPostProcessor' of type [org.springframework.security.config.annotation.configuration.AutowireBeanFactoryObjectPostProcessor] is not eligible for getting processed by all BeanPostProcessors (for example: not eligible for auto-proxying)
2021-10-21 17:36:15.636  INFO 12468 --- [    Test worker] trationDelegate$BeanPostProcessorChecker : Bean 'org.springframework.security.access.expression.method.DefaultMethodSecurityExpressionHandler@5c27357b' of type [org.springframework.security.access.expression.method.DefaultMethodSecurityExpressionHandler] is not eligible for getting processed by all BeanPostProcessors (for example: not eligible for auto-proxying)
2021-10-21 17:36:15.659  INFO 12468 --- [    Test worker] trationDelegate$BeanPostProcessorChecker : Bean 'org.springframework.security.config.annotation.method.configuration.GlobalMethodSecurityConfiguration' of type [org.springframework.security.config.annotation.method.configuration.GlobalMethodSecurityConfiguration$$EnhancerBySpringCGLIB$$af267346] is not eligible for getting processed by all BeanPostProcessors (for example: not eligible for auto-proxying)
2021-10-21 17:36:15.680  INFO 12468 --- [    Test worker] trationDelegate$BeanPostProcessorChecker : Bean 'methodSecurityMetadataSource' of type [org.springframework.security.access.method.DelegatingMethodSecurityMetadataSource] is not eligible for getting processed by all BeanPostProcessors (for example: not eligible for auto-proxying)
2021-10-21 17:36:16.181  INFO 12468 --- [    Test worker] o.f.c.internal.license.VersionPrinter    : Flyway Community Edition 5.2.4 by Boxfuse
2021-10-21 17:36:16.195  INFO 12468 --- [    Test worker] com.zaxxer.hikari.HikariDataSource       : HikariPool-1 - Starting...
2021-10-21 17:36:16.207  WARN 12468 --- [    Test worker] com.zaxxer.hikari.util.DriverDataSource  : Registered driver with driverClassName=org.hsqldb.jdbcDriver was not found, trying direct instantiation.
2021-10-21 17:36:16.879  INFO 12468 --- [    Test worker] com.zaxxer.hikari.pool.PoolBase          : HikariPool-1 - Driver does not support get/set network timeout for connections. (característica no soportada)
2021-10-21 17:36:16.885  INFO 12468 --- [    Test worker] com.zaxxer.hikari.HikariDataSource       : HikariPool-1 - Start completed.
2021-10-21 17:36:16.904  INFO 12468 --- [    Test worker] o.f.c.internal.database.DatabaseFactory  : Database: jdbc:hsqldb:mem:testdb (HSQL Database Engine 2.4)
2021-10-21 17:36:17.026  INFO 12468 --- [    Test worker] o.f.core.internal.command.DbValidate     : Successfully validated 2 migrations (execution time 00:00.033s)
2021-10-21 17:36:17.042  INFO 12468 --- [    Test worker] o.f.c.i.s.JdbcTableSchemaHistory         : Creating Schema History table: "PUBLIC"."flyway_schema_history"
2021-10-21 17:36:17.084  INFO 12468 --- [    Test worker] o.f.core.internal.command.DbMigrate      : Current version of schema "PUBLIC": << Empty Schema >>
2021-10-21 17:36:17.086  INFO 12468 --- [    Test worker] o.f.core.internal.command.DbMigrate      : Migrating schema "PUBLIC" to version 0001 - Init
2021-10-21 17:36:17.126  INFO 12468 --- [    Test worker] o.f.core.internal.command.DbMigrate      : Migrating schema "PUBLIC" to version 0002 - init
2021-10-21 17:36:17.142  INFO 12468 --- [    Test worker] o.f.core.internal.command.DbMigrate      : Successfully applied 2 migrations to schema "PUBLIC" (execution time 00:00.101s)
2021-10-21 17:36:17.567  INFO 12468 --- [    Test worker] o.hibernate.jpa.internal.util.LogHelper  : HHH000204: Processing PersistenceUnitInfo [
	name: default
	...]
2021-10-21 17:36:17.737  INFO 12468 --- [    Test worker] org.hibernate.Version                    : HHH000412: Hibernate Core {5.3.7.Final}
2021-10-21 17:36:17.742  INFO 12468 --- [    Test worker] org.hibernate.cfg.Environment            : HHH000206: hibernate.properties not found
2021-10-21 17:36:18.076  INFO 12468 --- [    Test worker] o.hibernate.annotations.common.Version   : HCANN000001: Hibernate Commons Annotations {5.0.4.Final}
2021-10-21 17:36:18.357  INFO 12468 --- [    Test worker] org.hibernate.dialect.Dialect            : HHH000400: Using dialect: org.hibernate.dialect.HSQLDialect
2021-10-21 17:36:18.826  INFO 12468 --- [    Test worker] j.LocalContainerEntityManagerFactoryBean : Initialized JPA EntityManagerFactory for persistence unit 'default'
2021-10-21 17:36:20.164  WARN 12468 --- [    Test worker] aWebConfiguration$JpaWebMvcConfiguration : spring.jpa.open-in-view is enabled by default. Therefore, database queries may be performed during view rendering. Explicitly configure spring.jpa.open-in-view to disable this warning
2021-10-21 17:36:20.507  INFO 12468 --- [    Test worker] o.s.s.web.DefaultSecurityFilterChain     : Creating filter chain: any request, [org.springframework.security.web.context.request.async.WebAsyncManagerIntegrationFilter@6a00b1bd, org.springframework.security.web.context.SecurityContextPersistenceFilter@4a1b8f34, org.springframework.security.web.header.HeaderWriterFilter@15089d4d, org.springframework.web.filter.CorsFilter@1b6b2cde, org.springframework.security.web.authentication.logout.LogoutFilter@409aad85, edu.tec.ic6821.app.identity.config.JwtAuthTokenFilter@32a3dcc9, org.springframework.security.web.savedrequest.RequestCacheAwareFilter@2c853e25, org.springframework.security.web.servletapi.SecurityContextHolderAwareRequestFilter@610a7c33, org.springframework.security.web.authentication.AnonymousAuthenticationFilter@4733a0ea, org.springframework.security.web.session.SessionManagementFilter@5a8d72e0, org.springframework.security.web.access.ExceptionTranslationFilter@40a72a08, org.springframework.security.web.access.intercept.FilterSecurityInterceptor@79b22464]
2021-10-21 17:36:21.639  INFO 12468 --- [    Test worker] o.s.s.concurrent.ThreadPoolTaskExecutor  : Initializing ExecutorService 'applicationTaskExecutor'
2021-10-21 17:36:22.689  INFO 12468 --- [    Test worker] edu.tec.ic6821.app.ApplicationTests      : Started ApplicationTests in 12.75 seconds (JVM running for 15.368)
]]></system-out>
  <system-err><![CDATA[]]></system-err>
</testsuite>
