<?xml version="1.0" encoding="UTF-8"?>
<testsuite name="edu.tec.ic6821.app.notetests.NoteDaoTest" tests="1" skipped="0" failures="0" errors="0" timestamp="2021-10-17T23:21:53" hostname="DESKTOP-BBT0BUV" time="0.204">
  <properties/>
  <testcase name="givenNote_whenCreate_thenReturnNoteWithGeneratedId" classname="edu.tec.ic6821.app.notetests.NoteDaoTest" time="0.204"/>
  <system-out><![CDATA[2021-10-17 17:21:53.501  INFO 7816 --- [    Test worker] .b.t.c.SpringBootTestContextBootstrapper : Neither @ContextConfiguration nor @ContextHierarchy found for test class [edu.tec.ic6821.app.notetests.NoteDaoTest], using SpringBootContextLoader
2021-10-17 17:21:53.501  INFO 7816 --- [    Test worker] o.s.t.c.support.AbstractContextLoader    : Could not detect default resource locations for test class [edu.tec.ic6821.app.notetests.NoteDaoTest]: no resource found for suffixes {-context.xml, Context.groovy}.
2021-10-17 17:21:53.501  INFO 7816 --- [    Test worker] t.c.s.AnnotationConfigContextLoaderUtils : Could not detect default configuration classes for test class [edu.tec.ic6821.app.notetests.NoteDaoTest]: NoteDaoTest does not declare any static, non-private, non-final, nested classes annotated with @Configuration.
2021-10-17 17:21:53.516  INFO 7816 --- [    Test worker] .b.t.c.SpringBootTestContextBootstrapper : Found @SpringBootConfiguration edu.tec.ic6821.app.Application for test class edu.tec.ic6821.app.notetests.NoteDaoTest
2021-10-17 17:21:53.516  INFO 7816 --- [    Test worker] .b.t.c.SpringBootTestContextBootstrapper : Loaded default TestExecutionListener class names from location [META-INF/spring.factories]: [org.springframework.boot.test.autoconfigure.restdocs.RestDocsTestExecutionListener, org.springframework.boot.test.autoconfigure.web.client.MockRestServiceServerResetTestExecutionListener, org.springframework.boot.test.autoconfigure.web.servlet.MockMvcPrintOnlyOnFailureTestExecutionListener, org.springframework.boot.test.autoconfigure.web.servlet.WebDriverTestExecutionListener, org.springframework.boot.test.mock.mockito.MockitoTestExecutionListener, org.springframework.boot.test.mock.mockito.ResetMocksTestExecutionListener, org.springframework.test.context.web.ServletTestExecutionListener, org.springframework.test.context.support.DirtiesContextBeforeModesTestExecutionListener, org.springframework.test.context.support.DependencyInjectionTestExecutionListener, org.springframework.test.context.support.DirtiesContextTestExecutionListener, org.springframework.test.context.transaction.TransactionalTestExecutionListener, org.springframework.test.context.jdbc.SqlScriptsTestExecutionListener]
2021-10-17 17:21:53.516  INFO 7816 --- [    Test worker] .b.t.c.SpringBootTestContextBootstrapper : Using TestExecutionListeners: [org.springframework.test.context.web.ServletTestExecutionListener@21a2d594, org.springframework.test.context.support.DirtiesContextBeforeModesTestExecutionListener@1f189ee7, org.springframework.boot.test.mock.mockito.MockitoTestExecutionListener@bee56be, org.springframework.boot.test.autoconfigure.SpringBootDependencyInjectionTestExecutionListener@709ba436, org.springframework.test.context.support.DirtiesContextTestExecutionListener@47a2d1c4, org.springframework.test.context.transaction.TransactionalTestExecutionListener@1c969071, org.springframework.test.context.jdbc.SqlScriptsTestExecutionListener@65b47efb, org.springframework.boot.test.autoconfigure.restdocs.RestDocsTestExecutionListener@48a3cc6f, org.springframework.boot.test.autoconfigure.web.client.MockRestServiceServerResetTestExecutionListener@19de184e, org.springframework.boot.test.autoconfigure.web.servlet.MockMvcPrintOnlyOnFailureTestExecutionListener@31e3161c, org.springframework.boot.test.autoconfigure.web.servlet.WebDriverTestExecutionListener@77e6f57d, org.springframework.boot.test.mock.mockito.ResetMocksTestExecutionListener@21708f5a]
]]></system-out>
  <system-err><![CDATA[]]></system-err>
</testsuite>
