<?xml version="1.0" encoding="UTF-8"?>
<testsuite name="edu.tec.ic6821.app.greetings.GreetingControllerTests" tests="1" skipped="0" failures="0" errors="0" timestamp="2021-10-26T20:21:27" hostname="DESKTOP-BBT0BUV" time="0.39">
  <properties/>
  <testcase name="whenGreet_thenSendGreeting" classname="edu.tec.ic6821.app.greetings.GreetingControllerTests" time="0.39"/>
  <system-out><![CDATA[2021-10-26 14:21:23.853  INFO 10880 --- [    Test worker] .b.t.a.w.s.WebMvcTestContextBootstrapper : Neither @ContextConfiguration nor @ContextHierarchy found for test class [edu.tec.ic6821.app.greetings.GreetingControllerTests], using SpringBootContextLoader
2021-10-26 14:21:23.853  INFO 10880 --- [    Test worker] o.s.t.c.support.AbstractContextLoader    : Could not detect default resource locations for test class [edu.tec.ic6821.app.greetings.GreetingControllerTests]: no resource found for suffixes {-context.xml, Context.groovy}.
2021-10-26 14:21:23.853  INFO 10880 --- [    Test worker] t.c.s.AnnotationConfigContextLoaderUtils : Could not detect default configuration classes for test class [edu.tec.ic6821.app.greetings.GreetingControllerTests]: GreetingControllerTests does not declare any static, non-private, non-final, nested classes annotated with @Configuration.
2021-10-26 14:21:23.900  INFO 10880 --- [    Test worker] .b.t.c.SpringBootTestContextBootstrapper : Found @SpringBootConfiguration edu.tec.ic6821.app.Application for test class edu.tec.ic6821.app.greetings.GreetingControllerTests
2021-10-26 14:21:23.900  INFO 10880 --- [    Test worker] .b.t.a.w.s.WebMvcTestContextBootstrapper : Loaded default TestExecutionListener class names from location [META-INF/spring.factories]: [org.springframework.boot.test.autoconfigure.restdocs.RestDocsTestExecutionListener, org.springframework.boot.test.autoconfigure.web.client.MockRestServiceServerResetTestExecutionListener, org.springframework.boot.test.autoconfigure.web.servlet.MockMvcPrintOnlyOnFailureTestExecutionListener, org.springframework.boot.test.autoconfigure.web.servlet.WebDriverTestExecutionListener, org.springframework.boot.test.mock.mockito.MockitoTestExecutionListener, org.springframework.boot.test.mock.mockito.ResetMocksTestExecutionListener, org.springframework.test.context.web.ServletTestExecutionListener, org.springframework.test.context.support.DirtiesContextBeforeModesTestExecutionListener, org.springframework.test.context.support.DependencyInjectionTestExecutionListener, org.springframework.test.context.support.DirtiesContextTestExecutionListener, org.springframework.test.context.transaction.TransactionalTestExecutionListener, org.springframework.test.context.jdbc.SqlScriptsTestExecutionListener]
2021-10-26 14:21:23.900  INFO 10880 --- [    Test worker] .b.t.a.w.s.WebMvcTestContextBootstrapper : Using TestExecutionListeners: [org.springframework.test.context.web.ServletTestExecutionListener@940098a, org.springframework.test.context.support.DirtiesContextBeforeModesTestExecutionListener@699de470, org.springframework.boot.test.mock.mockito.MockitoTestExecutionListener@1210fb3a, org.springframework.boot.test.autoconfigure.SpringBootDependencyInjectionTestExecutionListener@6c2365d4, org.springframework.test.context.support.DirtiesContextTestExecutionListener@65263d83, org.springframework.test.context.transaction.TransactionalTestExecutionListener@639eeb33, org.springframework.test.context.jdbc.SqlScriptsTestExecutionListener@76c20551, org.springframework.boot.test.autoconfigure.restdocs.RestDocsTestExecutionListener@1b8d398, org.springframework.boot.test.autoconfigure.web.client.MockRestServiceServerResetTestExecutionListener@55262c09, org.springframework.boot.test.autoconfigure.web.servlet.MockMvcPrintOnlyOnFailureTestExecutionListener@417582ed, org.springframework.boot.test.autoconfigure.web.servlet.WebDriverTestExecutionListener@277bef1f, org.springframework.boot.test.mock.mockito.ResetMocksTestExecutionListener@6018cc7b]

  .   ____          _            __ _ _
 /\\ / ___'_ __ _ _(_)_ __  __ _ \ \ \ \
( ( )\___ | '_ | '_| | '_ \/ _` | \ \ \ \
 \\/  ___)| |_)| | | | | || (_| |  ) ) ) )
  '  |____| .__|_| |_|_| |_\__, | / / / /
 =========|_|==============|___/=/_/_/_/
 :: Spring Boot ::        (v2.1.2.RELEASE)

2021-10-26 14:21:23.963  INFO 10880 --- [    Test worker] e.t.i.a.g.GreetingControllerTests        : Starting GreetingControllerTests on DESKTOP-BBT0BUV with PID 10880 (started by Brenda in C:\Users\Brenda\Desktop\Proyecto QA\Proyecto-Notas-QA)
2021-10-26 14:21:23.963  INFO 10880 --- [    Test worker] e.t.i.a.g.GreetingControllerTests        : No active profile set, falling back to default profiles: default
2021-10-26 14:21:24.882  INFO 10880 --- [    Test worker] trationDelegate$BeanPostProcessorChecker : Bean 'org.springframework.security.config.annotation.configuration.ObjectPostProcessorConfiguration' of type [org.springframework.security.config.annotation.configuration.ObjectPostProcessorConfiguration$$EnhancerBySpringCGLIB$$2a2879a3] is not eligible for getting processed by all BeanPostProcessors (for example: not eligible for auto-proxying)
2021-10-26 14:21:24.882  INFO 10880 --- [    Test worker] trationDelegate$BeanPostProcessorChecker : Bean 'objectPostProcessor' of type [org.springframework.security.config.annotation.configuration.AutowireBeanFactoryObjectPostProcessor] is not eligible for getting processed by all BeanPostProcessors (for example: not eligible for auto-proxying)
2021-10-26 14:21:24.898  INFO 10880 --- [    Test worker] trationDelegate$BeanPostProcessorChecker : Bean 'org.springframework.security.access.expression.method.DefaultMethodSecurityExpressionHandler@705445a3' of type [org.springframework.security.access.expression.method.DefaultMethodSecurityExpressionHandler] is not eligible for getting processed by all BeanPostProcessors (for example: not eligible for auto-proxying)
2021-10-26 14:21:24.898  INFO 10880 --- [    Test worker] trationDelegate$BeanPostProcessorChecker : Bean 'org.springframework.security.config.annotation.method.configuration.GlobalMethodSecurityConfiguration' of type [org.springframework.security.config.annotation.method.configuration.GlobalMethodSecurityConfiguration$$EnhancerBySpringCGLIB$$4efd1c55] is not eligible for getting processed by all BeanPostProcessors (for example: not eligible for auto-proxying)
2021-10-26 14:21:24.913  INFO 10880 --- [    Test worker] trationDelegate$BeanPostProcessorChecker : Bean 'methodSecurityMetadataSource' of type [org.springframework.security.access.method.DelegatingMethodSecurityMetadataSource] is not eligible for getting processed by all BeanPostProcessors (for example: not eligible for auto-proxying)
2021-10-26 14:21:25.616  INFO 10880 --- [    Test worker] o.s.s.web.DefaultSecurityFilterChain     : Creating filter chain: any request, [org.springframework.security.web.context.request.async.WebAsyncManagerIntegrationFilter@19177bc8, org.springframework.security.web.context.SecurityContextPersistenceFilter@15f2cf4c, org.springframework.security.web.header.HeaderWriterFilter@72fc6d1a, org.springframework.web.filter.CorsFilter@2c955b00, org.springframework.security.web.authentication.logout.LogoutFilter@6661c539, edu.tec.ic6821.app.identity.config.JwtAuthTokenFilter@5df64a30, org.springframework.security.web.savedrequest.RequestCacheAwareFilter@2495a373, org.springframework.security.web.servletapi.SecurityContextHolderAwareRequestFilter@35109e46, org.springframework.security.web.authentication.AnonymousAuthenticationFilter@16abb583, org.springframework.security.web.session.SessionManagementFilter@85b7f32, org.springframework.security.web.access.ExceptionTranslationFilter@2a5360a9, org.springframework.security.web.access.intercept.FilterSecurityInterceptor@65e490dd]
2021-10-26 14:21:26.101  INFO 10880 --- [    Test worker] o.s.s.concurrent.ThreadPoolTaskExecutor  : Initializing ExecutorService 'applicationTaskExecutor'
2021-10-26 14:21:26.897  INFO 10880 --- [    Test worker] o.s.b.t.m.w.SpringBootMockServletContext : Initializing Spring TestDispatcherServlet ''
2021-10-26 14:21:26.897  INFO 10880 --- [    Test worker] o.s.t.web.servlet.TestDispatcherServlet  : Initializing Servlet ''
2021-10-26 14:21:27.054  INFO 10880 --- [    Test worker] o.s.t.web.servlet.TestDispatcherServlet  : Completed initialization in 157 ms
2021-10-26 14:21:27.132  INFO 10880 --- [    Test worker] e.t.i.a.g.GreetingControllerTests        : Started GreetingControllerTests in 3.232 seconds (JVM running for 24.056)
]]></system-out>
  <system-err><![CDATA[]]></system-err>
</testsuite>
